2025-07-21 22:38:00,391 | INFO | Attempt 1/3
2025-07-21 22:38:02,228 | ERROR | Framework failed: INFO:root:\U0001f527 \u0110ang kh\u1edfi t\u1ea1o các module c\u1ed1t lõi...
Traceback (most recent call last):
  File "D:\stillme_ai\framework.py", line 195, in <module>
    modules = initialize_modules()
  File "D:\stillme_ai\framework.py", line 182, in initialize_modules
    smart_api_manager = SmartGPTAPIManager(api_keys=["mock-key"],
                                           model_preferences=["gpt-4", "claude-3-opus"],
                                           fallback_model="gpt-3.5-turbo")
TypeError: SmartGPTAPIManager.__init__() got an unexpected keyword argument 'api_keys'

2025-07-21 22:38:02,229 | ERROR | Framework failed after tests passed
2025-07-21 22:38:02,257 | INFO | AgentDev 9.5/10 completed
2025-07-21 22:46:49,714 | INFO | Starting AgentDev (DeepSeek + GPT-4o)...
2025-07-21 22:46:49,714 | INFO | Attempt 1/3
2025-07-21 22:46:50,497 | INFO | All tests passed!
2025-07-21 22:46:51,340 | ERROR | Framework failed: INFO:root:\U0001f527 \u0110ang kh\u1edfi t\u1ea1o cÃ¡c module c\u1ed1t lÃµi...
INFO:root:\u2705 T\u1ea5t c\u1ea3 module \u0111Ã£ \u0111\u01b0\u1ee3c kh\u1edfi t\u1ea1o.
Traceback (most recent call last):
  File "D:\stillme_ai\framework.py", line 196, in <module>
    asyncio.run(StillMeFramework().run())
                ~~~~~~~~~~~~~~~~^^
  File "D:\stillme_ai\framework.py", line 57, in __init__
    self._setup_framework(config or {})
    ~~~~~~~~~~~~~~~~~~~~~^^^^^^^^^^^^^^
  File "D:\stillme_ai\framework.py", line 63, in _setup_framework
    self.logger = self._init_logger()
                  ~~~~~~~~~~~~~~~~~^^
  File "D:\stillme_ai\framework.py", line 77, in _init_logger
    file_handler = logging.handlers.RotatingFileHandler('stillme.log', maxBytes=10*1024*1024, backupCount=5)
                   ^^^^^^^^^^^^^^^^
AttributeError: module 'logging' has no attribute 'handlers'. Did you mean: 'Handler'?

2025-07-21 22:46:51,340 | ERROR | Framework failed after test pass
2025-07-21 22:46:51,340 | INFO | AgentDev completed
2025-07-22 14:05:28,200 | INFO | Attempt 1/3
2025-07-22 14:05:31,205 | WARNING | No recognizable errors.
2025-07-22 14:05:31,205 | INFO | AgentDev completed.
2025-07-22 15:05:21,610 | INFO | Starting AgentDev (Enhanced)...
2025-07-22 15:05:21,611 | INFO | Attempt 1/3
2025-07-22 15:05:24,439 | WARNING | No recognizable errors.
2025-07-22 15:05:24,439 | INFO | AgentDev completed.
2025-07-22 15:12:17,482 | INFO | ðŸš€ Starting AgentDev Ultimate...
2025-07-22 15:12:17,482 | INFO | Attempt 1/5
2025-07-22 15:12:20,040 | WARNING | No recognizable errors.
2025-07-22 15:12:20,041 | INFO | ðŸ”š AgentDev completed.
2025-07-22 15:13:41,192 | INFO | ðŸš€ Starting AgentDev Ultimate...
2025-07-22 15:13:41,193 | INFO | Attempt 1/5
2025-07-22 15:13:43,594 | WARNING | No recognizable errors, váº«n cháº¡y framework Ä‘á»ƒ kiá»ƒm tra...
2025-07-22 15:13:43,594 | INFO | Adding missing import: from modules.conversational_core_v1 import *
2025-07-22 15:13:43,595 | INFO | Adding missing import: from modules.layered_memory_v1 import *
2025-07-22 15:13:43,595 | INFO | Adding missing import: from modules.smart_gpt_api_manager_v1 import *
2025-07-22 15:13:43,595 | INFO | Adding missing import: from modules.token_optimizer_v1 import *
2025-07-22 15:13:45,011 | INFO | ðŸŽ‰ Framework ran successfully!
2025-07-22 15:13:45,011 | INFO | ðŸ”š AgentDev completed.
2025-07-22 22:24:59,462 | INFO | ðŸš€ Starting AgentDev Pro++...
2025-07-22 22:24:59,462 | INFO | Attempt 1/5
2025-07-22 22:25:01,889 | INFO | Test pass rate: 37.50%
2025-07-22 22:25:01,889 | WARNING | No recognizable test failures.
2025-07-22 22:25:01,890 | INFO | ðŸ”š AgentDev Pro++ completed.
2025-07-22 22:33:50,973 | INFO | ðŸš€ Starting AgentDev...
2025-07-22 22:33:50,973 | INFO | Attempt 1/3
2025-07-22 22:33:52,952 | WARNING | No simple runtime errors found, trying logic fix...
2025-07-22 22:41:33,881 | INFO | HTTP Request: POST http://127.0.0.1:11434/api/generate "HTTP/1.1 200 OK"
2025-07-22 22:41:33,887 | INFO | Logic fix applied. Retesting...
2025-07-22 22:41:33,887 | INFO | Attempt 2/3
2025-07-22 22:41:36,382 | WARNING | No simple runtime errors found, trying logic fix...
2025-07-22 22:46:34,880 | INFO | HTTP Request: POST http://127.0.0.1:11434/api/generate "HTTP/1.1 200 OK"
2025-07-22 22:46:34,883 | INFO | Logic fix applied. Retesting...
2025-07-22 22:46:34,883 | INFO | Attempt 3/3
2025-07-22 22:46:37,222 | WARNING | No simple runtime errors found, trying logic fix...
2025-07-22 22:52:10,534 | INFO | HTTP Request: POST http://127.0.0.1:11434/api/generate "HTTP/1.1 200 OK"
2025-07-22 22:52:10,538 | INFO | Logic fix applied. Retesting...
2025-07-22 22:52:10,538 | INFO | ðŸ”š AgentDev completed.
2025-07-22 23:28:34,199 - AgentDev - INFO - Attempt 1/3
2025-07-22 23:28:36,519 - AgentDev - WARNING - Tests failed, analyzing errors...
2025-07-22 23:28:36,519 - AgentDev - INFO - Detected SyntaxError in D:\stillme_ai\modules\layered_memory_v1.py: '(' was never closed
2025-07-22 23:28:36,520 - AgentDev - INFO - Created backup at backup_legacy\layered_memory_v1_20250722_232836.py
2025-07-22 18:41:01,418 - AgentDev-SafeMode - INFO - EthicsChecker initialized with level: high
2025-07-22 18:41:01,419 - AgentDev-SafeMode - INFO - StillMeFramework (simplified) initialized for ethics checks.
2025-07-22 18:41:01,422 - AgentDev-SafeMode - INFO - ðŸš€ Starting AgentDev Main Loop in SafeMode
2025-07-22 18:41:01,423 - AgentDev-SafeMode - INFO - Agent performing self-healing checks for its own dependencies...
2025-07-22 18:41:01,776 - AgentDev-SafeMode - INFO - pylint is installed.
2025-07-22 18:41:02,036 - AgentDev-SafeMode - INFO - pytest is installed.
2025-07-22 18:41:02,292 - AgentDev-SafeMode - INFO - ollama is installed.
2025-07-22 18:41:02,553 - AgentDev-SafeMode - INFO - openai is installed.
2025-07-22 18:41:02,812 - AgentDev-SafeMode - INFO - cryptography is installed.
2025-07-22 18:41:03,063 - AgentDev-SafeMode - INFO - jsonschema is installed.
2025-07-22 18:41:03,065 - AgentDev-SafeMode - ERROR - Git command not found. Please ensure Git is installed and in your PATH.
2025-07-22 18:41:03,065 - AgentDev-SafeMode - CRITICAL - Git command not found. Please install Git manually. Agent cannot proceed.
2025-07-23 01:41:27,049 - AgentDev-SafeMode - INFO - EthicsChecker initialized with level: high
2025-07-23 01:41:27,049 - AgentDev-SafeMode - INFO - StillMeFramework (simplified) initialized for ethics checks.
2025-07-23 01:41:27,050 - AgentDev-SafeMode - INFO - ðŸš€ Starting AgentDev Main Loop in SafeMode
2025-07-23 01:41:27,051 - AgentDev-SafeMode - INFO - Agent performing self-healing checks for its own dependencies...
2025-07-23 01:41:28,089 - AgentDev-SafeMode - INFO - pylint is installed.
2025-07-23 01:41:28,970 - AgentDev-SafeMode - INFO - pytest is installed.
2025-07-23 01:41:29,848 - AgentDev-SafeMode - INFO - ollama is installed.
2025-07-23 01:41:30,661 - AgentDev-SafeMode - INFO - openai is installed.
2025-07-23 01:41:31,402 - AgentDev-SafeMode - INFO - cryptography is installed.
2025-07-23 01:41:32,014 - AgentDev-SafeMode - INFO - jsonschema is installed.
2025-07-23 01:41:32,081 - AgentDev-SafeMode - INFO - Running in sandbox: docker run --rm -v D:\stillme_ai:/app -w /app hello-world echo Docker is running
2025-07-23 01:41:38,862 - AgentDev-SafeMode - WARNING - Sandbox command failed with exit code 127:
Unable to find image 'hello-world:latest' locally
latest: Pulling from library/hello-world
e6590344b1a5: Pulling fs layer
e6590344b1a5: Download complete
e6590344b1a5: Pull complete
Digest: sha256:ec153840d1e635ac434fab5e377081f17e0e15afab27beb3f726c3265039cfff
Status: Downloaded newer image for hello-world:latest
docker: Error response from daemon: failed to create task for container: failed to create shim task: OCI runtime create failed: runc create failed: unable to start container process: error during container init: exec: "echo": executable file not found in $PATH: unknown

Run 'docker run --help' for more information

2025-07-23 01:41:38,863 - AgentDev-SafeMode - CRITICAL - Docker is not running or not accessible. Please ensure Docker is installed and started. Agent cannot proceed in safe mode.
2025-07-24 22:17:43,508 - AgentDev-SafeMode - INFO - EthicsChecker initialized with level: high
2025-07-24 22:17:43,508 - AgentDev-SafeMode - INFO - StillMeFramework (simplified) initialized for ethics checks.
2025-07-24 22:17:43,509 - AgentDev-SafeMode - INFO - ðŸš€ Starting AgentDev Main Loop in SafeMode
2025-07-24 22:17:43,509 - AgentDev-SafeMode - INFO - Agent performing self-healing checks for its own dependencies...
2025-07-24 22:17:44,415 - AgentDev-SafeMode - INFO - pylint is installed.
2025-07-24 22:17:45,257 - AgentDev-SafeMode - INFO - pytest is installed.
2025-07-24 22:17:46,097 - AgentDev-SafeMode - INFO - ollama is installed.
2025-07-24 22:17:46,946 - AgentDev-SafeMode - INFO - openai is installed.
2025-07-24 22:17:47,640 - AgentDev-SafeMode - INFO - cryptography is installed.
2025-07-24 22:17:48,263 - AgentDev-SafeMode - INFO - jsonschema is installed.
2025-07-24 22:17:48,331 - AgentDev-SafeMode - INFO - Running in sandbox: docker run --rm -v D:\stillme_ai:/app -w /app hello-world echo Docker is running
2025-07-24 22:17:49,560 - AgentDev-SafeMode - WARNING - Sandbox command failed with exit code 127:
docker: Error response from daemon: failed to create task for container: failed to create shim task: OCI runtime create failed: runc create failed: unable to start container process: error during container init: exec: "echo": executable file not found in $PATH: unknown

Run 'docker run --help' for more information

2025-07-24 22:17:49,560 - AgentDev-SafeMode - CRITICAL - Docker is not running or not accessible. Please ensure Docker is installed and started. Agent cannot proceed in safe mode.
2025-07-26 22:56:07,191 - AgentDev-SafeMode - INFO - EthicsChecker initialized with level: high
2025-07-26 22:56:07,191 - AgentDev-SafeMode - INFO - StillMeFramework (simplified) initialized for ethics checks.
2025-07-26 22:56:07,192 - AgentDev-SafeMode - INFO - ðŸš€ Starting AgentDev Main Loop in SafeMode
2025-07-26 22:56:07,192 - AgentDev-SafeMode - INFO - Agent performing self-healing checks for its own dependencies...
2025-07-26 22:56:08,196 - AgentDev-SafeMode - INFO - pylint is installed.
2025-07-26 22:56:09,135 - AgentDev-SafeMode - INFO - pytest is installed.
2025-07-26 22:56:10,081 - AgentDev-SafeMode - INFO - ollama is installed.
2025-07-26 22:56:10,986 - AgentDev-SafeMode - INFO - openai is installed.
2025-07-26 22:56:11,751 - AgentDev-SafeMode - INFO - cryptography is installed.
2025-07-26 22:56:12,413 - AgentDev-SafeMode - INFO - jsonschema is installed.
2025-07-26 22:56:12,484 - AgentDev-SafeMode - INFO - Running in sandbox: docker run --rm -v D:\stillme_ai:/app -w /app alpine echo Docker is running
2025-07-26 22:56:13,483 - AgentDev-SafeMode - INFO - Docker is running and accessible.
2025-07-26 22:56:13,484 - AgentDev-SafeMode - INFO - 
--- Attempt 1/3 ---
2025-07-26 22:56:13,593 - AgentDev-SafeMode - INFO - Checked out to new branch: agent-fix-20250726225613-1
2025-07-26 22:56:13,593 - AgentDev-SafeMode - INFO - Perceiving environment: Running tests and framework check in sandbox...
2025-07-26 22:56:13,593 - AgentDev-SafeMode - INFO - Running unit tests with pytest in sandbox...
2025-07-26 22:56:13,594 - AgentDev-SafeMode - INFO - Running in sandbox: docker run --rm -v D:\stillme_ai:/app -w /app stillme-dev-env pytest -v modules
2025-07-26 22:56:15,673 - AgentDev-SafeMode - WARNING - Sandbox command failed with exit code 5:
============================= test session starts ==============================
platform linux -- Python 3.13.5, pytest-8.4.1, pluggy-1.6.0 -- /usr/local/bin/python3.13
cachedir: .pytest_cache
rootdir: /app
plugins: asyncio-1.1.0, anyio-4.9.0
asyncio: mode=Mode.STRICT, asyncio_default_fixture_loop_scope=None, asyncio_default_test_loop_scope=function
collecting ... collected 0 items

============================ no tests ran in 0.23s =============================

2025-07-26 22:56:15,674 - AgentDev-SafeMode - WARNING - Tests failed in sandbox. Output:
============================= test session starts ==============================
platform linux -- Python 3.13.5, pytest-8.4.1, pluggy-1.6.0 -- /usr/local/bin/python3.13
cachedir: .pytest_cache
rootdir: /app
plugins: asyncio-1.1.0, anyio-4.9.0
asyncio: mode=Mode.STRICT, asyncio_default_fixture_loop_scope=None, asyncio_default_test_loop_scope=function
collecting ... collected 0 items

============================ no tests ran in 0.23s =============================

2025-07-26 22:56:15,674 - AgentDev-SafeMode - INFO - Running framework file: framework.py in sandbox...
2025-07-26 22:56:15,675 - AgentDev-SafeMode - INFO - Running in sandbox: docker run --rm -v D:\stillme_ai:/app -w /app stillme-dev-env C:\Users\LENOVO\AppData\Local\Programs\Python\Python313\python.exe framework.py
2025-07-26 22:56:16,253 - AgentDev-SafeMode - WARNING - Sandbox command failed with exit code 127:
docker: Error response from daemon: failed to create task for container: failed to create shim task: OCI runtime create failed: runc create failed: unable to start container process: error during container init: exec: "C:\\Users\\LENOVO\\AppData\\Local\\Programs\\Python\\Python313\\python.exe": executable file not found in $PATH: unknown

Run 'docker run --help' for more information

2025-07-26 22:56:16,254 - AgentDev-SafeMode - WARNING - Framework execution failed in sandbox. Output:
docker: Error response from daemon: failed to create task for container: failed to create shim task: OCI runtime create failed: runc create failed: unable to start container process: error during container init: exec: "C:\\Users\\LENOVO\\AppData\\Local\\Programs\\Python\\Python313\\python.exe": executable file not found in $PATH: unknown

Run 'docker run --help' for more information

2025-07-26 22:56:16,254 - AgentDev-SafeMode - WARNING - Framework verification failed. Attempting to fix framework integrity.
2025-07-26 22:56:16,278 - AgentDev-SafeMode - WARNING - Framework failed. Requesting AI for analysis and fix.
2025-07-26 23:03:27,894 - httpx - INFO - HTTP Request: POST http://localhost:11434/api/generate "HTTP/1.1 200 OK"
2025-07-26 23:03:27,895 - AgentDev-SafeMode - INFO - AI fix generated by deepseek-coder:6.7b
2025-07-26 23:03:27,896 - AgentDev-SafeMode - INFO - Created backup at backup_legacy\framework_20250726_230327.py
2025-07-26 23:03:27,897 - AgentDev-SafeMode - INFO - AI-generated fix applied to framework.py.
2025-07-27 22:17:38,148 - AgentDev-SafeMode - INFO - EthicsChecker initialized with level: high
2025-07-27 22:17:38,149 - AgentDev-SafeMode - INFO - StillMeFramework (simplified) initialized for ethics checks.
2025-07-27 22:17:38,149 - AgentDev-SafeMode - INFO - ðŸš€ Starting AgentDev Main Loop in SafeMode
2025-07-27 22:17:38,149 - AgentDev-SafeMode - INFO - Agent performing self-healing checks for its own dependencies...
2025-07-27 22:17:38,788 - AgentDev-SafeMode - INFO - pylint is installed.
2025-07-27 22:17:39,376 - AgentDev-SafeMode - INFO - pytest is installed.
2025-07-27 22:17:39,982 - AgentDev-SafeMode - INFO - ollama is installed.
2025-07-27 22:17:40,572 - AgentDev-SafeMode - INFO - openai is installed.
2025-07-27 22:17:41,405 - AgentDev-SafeMode - INFO - cryptography is installed.
2025-07-27 22:17:42,025 - AgentDev-SafeMode - INFO - jsonschema is installed.
2025-07-27 22:17:42,065 - AgentDev-SafeMode - INFO - Running in sandbox: docker run --rm -v D:\stillme_ai:/app -w /app alpine echo Docker is running
2025-07-27 22:17:42,727 - AgentDev-SafeMode - INFO - Docker is running and accessible.
2025-07-27 22:17:42,727 - AgentDev-SafeMode - INFO - 
--- Attempt 1/3 ---
2025-07-27 22:17:42,767 - AgentDev-SafeMode - INFO - Not on main. Checking out main...
2025-07-27 22:17:42,974 - AgentDev-SafeMode - INFO - Checked out to new branch: agent-fix-20250727221742-1
2025-07-27 22:17:42,974 - AgentDev-SafeMode - INFO - Perceiving environment: Running tests and framework check in sandbox...
2025-07-27 22:17:42,974 - AgentDev-SafeMode - INFO - Running unit tests with pytest in sandbox...
2025-07-27 22:17:42,975 - AgentDev-SafeMode - INFO - Running in sandbox: docker run --rm -v D:\stillme_ai:/app -w /app stillme-dev-env pytest -v modules
2025-07-27 22:17:44,685 - AgentDev-SafeMode - WARNING - Sandbox command failed with exit code 5:
============================= test session starts ==============================
platform linux -- Python 3.13.5, pytest-8.4.1, pluggy-1.6.0 -- /usr/local/bin/python3.13
cachedir: .pytest_cache
rootdir: /app
plugins: asyncio-1.1.0, anyio-4.9.0
asyncio: mode=Mode.STRICT, asyncio_default_fixture_loop_scope=None, asyncio_default_test_loop_scope=function
collecting ... collected 0 items

============================ no tests ran in 0.20s =============================

2025-07-27 22:17:44,685 - AgentDev-SafeMode - WARNING - Tests failed in sandbox. Output:
============================= test session starts ==============================
platform linux -- Python 3.13.5, pytest-8.4.1, pluggy-1.6.0 -- /usr/local/bin/python3.13
cachedir: .pytest_cache
rootdir: /app
plugins: asyncio-1.1.0, anyio-4.9.0
asyncio: mode=Mode.STRICT, asyncio_default_fixture_loop_scope=None, asyncio_default_test_loop_scope=function
collecting ... collected 0 items

============================ no tests ran in 0.20s =============================

2025-07-27 22:17:44,686 - AgentDev-SafeMode - INFO - Running framework file: framework.py in sandbox...
2025-07-27 22:17:44,686 - AgentDev-SafeMode - INFO - Running in sandbox: docker run --rm -v D:\stillme_ai:/app -w /app stillme-dev-env C:\Users\LENOVO\AppData\Local\Programs\Python\Python313\python.exe framework.py
2025-07-27 22:17:45,159 - AgentDev-SafeMode - WARNING - Sandbox command failed with exit code 127:
docker: Error response from daemon: failed to create task for container: failed to create shim task: OCI runtime create failed: runc create failed: unable to start container process: error during container init: exec: "C:\\Users\\LENOVO\\AppData\\Local\\Programs\\Python\\Python313\\python.exe": executable file not found in $PATH: unknown

Run 'docker run --help' for more information

2025-07-27 22:17:45,159 - AgentDev-SafeMode - WARNING - Framework execution failed in sandbox. Output:
docker: Error response from daemon: failed to create task for container: failed to create shim task: OCI runtime create failed: runc create failed: unable to start container process: error during container init: exec: "C:\\Users\\LENOVO\\AppData\\Local\\Programs\\Python\\Python313\\python.exe": executable file not found in $PATH: unknown

Run 'docker run --help' for more information

2025-07-27 22:17:45,160 - AgentDev-SafeMode - WARNING - Framework verification failed. Attempting to fix framework integrity.
2025-07-27 22:17:45,166 - AgentDev-SafeMode - WARNING - Framework failed. Requesting AI for analysis and fix.
2025-07-27 22:24:23,337 - httpx - INFO - HTTP Request: POST http://localhost:11434/api/generate "HTTP/1.1 200 OK"
2025-07-27 22:24:23,339 - AgentDev-SafeMode - INFO - AI fix generated by deepseek-coder:6.7b
2025-07-27 22:24:23,339 - AgentDev-SafeMode - WARNING - AI response for framework.py fix didn't contain a valid code block.
2025-07-27 22:24:23,339 - AgentDev-SafeMode - INFO - 
--- Attempt 2/3 ---
2025-07-27 22:24:23,381 - AgentDev-SafeMode - INFO - Not on main. Checking out main...
2025-07-27 22:24:23,477 - AgentDev-SafeMode - INFO - Checked out to new branch: agent-fix-20250727222423-2
2025-07-27 22:24:23,478 - AgentDev-SafeMode - INFO - Perceiving environment: Running tests and framework check in sandbox...
2025-07-27 22:24:23,478 - AgentDev-SafeMode - INFO - Running unit tests with pytest in sandbox...
2025-07-27 22:24:23,478 - AgentDev-SafeMode - INFO - Running in sandbox: docker run --rm -v D:\stillme_ai:/app -w /app stillme-dev-env pytest -v modules
2025-07-27 22:24:25,089 - AgentDev-SafeMode - WARNING - Sandbox command failed with exit code 5:
============================= test session starts ==============================
platform linux -- Python 3.13.5, pytest-8.4.1, pluggy-1.6.0 -- /usr/local/bin/python3.13
cachedir: .pytest_cache
rootdir: /app
plugins: asyncio-1.1.0, anyio-4.9.0
asyncio: mode=Mode.STRICT, asyncio_default_fixture_loop_scope=None, asyncio_default_test_loop_scope=function
collecting ... collected 0 items

============================ no tests ran in 0.16s =============================

2025-07-27 22:24:25,089 - AgentDev-SafeMode - WARNING - Tests failed in sandbox. Output:
============================= test session starts ==============================
platform linux -- Python 3.13.5, pytest-8.4.1, pluggy-1.6.0 -- /usr/local/bin/python3.13
cachedir: .pytest_cache
rootdir: /app
plugins: asyncio-1.1.0, anyio-4.9.0
asyncio: mode=Mode.STRICT, asyncio_default_fixture_loop_scope=None, asyncio_default_test_loop_scope=function
collecting ... collected 0 items

============================ no tests ran in 0.16s =============================

2025-07-27 22:24:25,090 - AgentDev-SafeMode - INFO - Running framework file: framework.py in sandbox...
2025-07-27 22:24:25,090 - AgentDev-SafeMode - INFO - Running in sandbox: docker run --rm -v D:\stillme_ai:/app -w /app stillme-dev-env C:\Users\LENOVO\AppData\Local\Programs\Python\Python313\python.exe framework.py
2025-07-27 22:24:25,749 - AgentDev-SafeMode - WARNING - Sandbox command failed with exit code 127:
docker: Error response from daemon: failed to create task for container: failed to create shim task: OCI runtime create failed: runc create failed: unable to start container process: error during container init: exec: "C:\\Users\\LENOVO\\AppData\\Local\\Programs\\Python\\Python313\\python.exe": executable file not found in $PATH: unknown

Run 'docker run --help' for more information

2025-07-27 22:24:25,749 - AgentDev-SafeMode - WARNING - Framework execution failed in sandbox. Output:
docker: Error response from daemon: failed to create task for container: failed to create shim task: OCI runtime create failed: runc create failed: unable to start container process: error during container init: exec: "C:\\Users\\LENOVO\\AppData\\Local\\Programs\\Python\\Python313\\python.exe": executable file not found in $PATH: unknown

Run 'docker run --help' for more information

2025-07-27 22:24:25,749 - AgentDev-SafeMode - WARNING - Framework verification failed. Attempting to fix framework integrity.
2025-07-27 22:24:25,759 - AgentDev-SafeMode - WARNING - Framework failed. Requesting AI for analysis and fix.
2025-07-27 22:34:58,084 - httpx - INFO - HTTP Request: POST http://localhost:11434/api/generate "HTTP/1.1 200 OK"
2025-07-27 22:34:58,086 - AgentDev-SafeMode - INFO - AI fix generated by deepseek-coder:6.7b
2025-07-27 22:34:58,087 - AgentDev-SafeMode - WARNING - AI response for framework.py fix didn't contain a valid code block.
2025-07-27 22:34:58,087 - AgentDev-SafeMode - INFO - 
--- Attempt 3/3 ---
2025-07-27 22:34:58,134 - AgentDev-SafeMode - INFO - Not on main. Checking out main...
2025-07-27 22:34:58,229 - AgentDev-SafeMode - INFO - Checked out to new branch: agent-fix-20250727223458-3
2025-07-27 22:34:58,229 - AgentDev-SafeMode - INFO - Perceiving environment: Running tests and framework check in sandbox...
2025-07-27 22:34:58,229 - AgentDev-SafeMode - INFO - Running unit tests with pytest in sandbox...
2025-07-27 22:34:58,230 - AgentDev-SafeMode - INFO - Running in sandbox: docker run --rm -v D:\stillme_ai:/app -w /app stillme-dev-env pytest -v modules
2025-07-27 22:34:59,921 - AgentDev-SafeMode - WARNING - Sandbox command failed with exit code 5:
============================= test session starts ==============================
platform linux -- Python 3.13.5, pytest-8.4.1, pluggy-1.6.0 -- /usr/local/bin/python3.13
cachedir: .pytest_cache
rootdir: /app
plugins: asyncio-1.1.0, anyio-4.9.0
asyncio: mode=Mode.STRICT, asyncio_default_fixture_loop_scope=None, asyncio_default_test_loop_scope=function
collecting ... collected 0 items

============================ no tests ran in 0.17s =============================

2025-07-27 22:34:59,921 - AgentDev-SafeMode - WARNING - Tests failed in sandbox. Output:
============================= test session starts ==============================
platform linux -- Python 3.13.5, pytest-8.4.1, pluggy-1.6.0 -- /usr/local/bin/python3.13
cachedir: .pytest_cache
rootdir: /app
plugins: asyncio-1.1.0, anyio-4.9.0
asyncio: mode=Mode.STRICT, asyncio_default_fixture_loop_scope=None, asyncio_default_test_loop_scope=function
collecting ... collected 0 items

============================ no tests ran in 0.17s =============================

2025-07-27 22:34:59,922 - AgentDev-SafeMode - INFO - Running framework file: framework.py in sandbox...
2025-07-27 22:34:59,922 - AgentDev-SafeMode - INFO - Running in sandbox: docker run --rm -v D:\stillme_ai:/app -w /app stillme-dev-env C:\Users\LENOVO\AppData\Local\Programs\Python\Python313\python.exe framework.py
2025-07-27 22:35:00,402 - AgentDev-SafeMode - WARNING - Sandbox command failed with exit code 127:
docker: Error response from daemon: failed to create task for container: failed to create shim task: OCI runtime create failed: runc create failed: unable to start container process: error during container init: exec: "C:\\Users\\LENOVO\\AppData\\Local\\Programs\\Python\\Python313\\python.exe": executable file not found in $PATH: unknown

Run 'docker run --help' for more information

2025-07-27 22:35:00,403 - AgentDev-SafeMode - WARNING - Framework execution failed in sandbox. Output:
docker: Error response from daemon: failed to create task for container: failed to create shim task: OCI runtime create failed: runc create failed: unable to start container process: error during container init: exec: "C:\\Users\\LENOVO\\AppData\\Local\\Programs\\Python\\Python313\\python.exe": executable file not found in $PATH: unknown

Run 'docker run --help' for more information

2025-07-27 22:35:00,403 - AgentDev-SafeMode - WARNING - Framework verification failed. Attempting to fix framework integrity.
2025-07-27 22:35:00,409 - AgentDev-SafeMode - WARNING - Framework failed. Requesting AI for analysis and fix.
2025-07-27 22:41:09,611 - httpx - INFO - HTTP Request: POST http://localhost:11434/api/generate "HTTP/1.1 200 OK"
2025-07-27 22:41:09,613 - AgentDev-SafeMode - INFO - AI fix generated by deepseek-coder:6.7b
2025-07-27 22:41:09,615 - AgentDev-SafeMode - INFO - Created backup at backup_legacy\framework_20250727_224109.py
2025-07-27 22:41:09,616 - AgentDev-SafeMode - INFO - AI-generated fix applied to framework.py.
2025-07-27 22:41:09,832 - AgentDev-SafeMode - INFO - Changes committed: 'Fix: AI applied fix to framework.py'
2025-07-27 22:41:09,832 - AgentDev-SafeMode - ERROR - Failed to fix all issues after maximum attempts (3).
2025-07-27 22:41:09,832 - AgentDev-SafeMode - INFO - Please manually inspect the code and logs.
2025-07-27 22:49:48,964 - AgentDev-SafeMode - INFO - EthicsChecker initialized with level: high
2025-07-27 22:49:48,964 - AgentDev-SafeMode - INFO - StillMeFramework (simplified) initialized for ethics checks.
2025-07-27 22:49:48,964 - AgentDev-SafeMode - INFO - ðŸš€ Starting AgentDev Main Loop in SafeMode
2025-07-27 22:49:48,965 - AgentDev-SafeMode - INFO - Agent performing self-healing checks for its own dependencies...
2025-07-27 22:49:49,623 - AgentDev-SafeMode - INFO - pylint is installed.
2025-07-27 22:49:50,333 - AgentDev-SafeMode - INFO - pytest is installed.
2025-07-27 22:49:51,123 - AgentDev-SafeMode - INFO - ollama is installed.
2025-07-27 22:49:51,809 - AgentDev-SafeMode - INFO - openai is installed.
2025-07-27 22:49:52,447 - AgentDev-SafeMode - INFO - cryptography is installed.
2025-07-27 22:49:53,078 - AgentDev-SafeMode - INFO - jsonschema is installed.
2025-07-27 22:49:53,123 - AgentDev-SafeMode - INFO - [Docker Sandbox] Running: docker run --rm -v D:\stillme_ai:/app -w /app alpine echo Docker is running
2025-07-27 22:49:53,904 - AgentDev-SafeMode - INFO - Docker is running and accessible.
2025-07-27 22:49:53,904 - AgentDev-SafeMode - INFO - 
--- Attempt 1/3 ---
2025-07-27 22:49:53,963 - AgentDev-SafeMode - INFO - Perceiving environment: Running tests and framework check in sandbox...
2025-07-27 22:49:53,964 - AgentDev-SafeMode - INFO - Running unit tests with pytest in sandbox...
2025-07-27 22:49:53,964 - AgentDev-SafeMode - INFO - [Docker Sandbox] Running: docker run --rm -v D:\stillme_ai:/app -w /app stillme-dev-env pytest -v modules
2025-07-27 22:49:55,944 - AgentDev-SafeMode - WARNING - Tests failed in sandbox. Output:
============================= test session starts ==============================
platform linux -- Python 3.13.5, pytest-8.4.1, pluggy-1.6.0 -- /usr/local/bin/python3.13
cachedir: .pytest_cache
rootdir: /app
plugins: asyncio-1.1.0, anyio-4.9.0
asyncio: mode=Mode.STRICT, asyncio_default_fixture_loop_scope=None, asyncio_default_test_loop_scope=function
collecting ... collected 0 items

============================ no tests ran in 0.23s =============================

2025-07-27 22:49:55,945 - AgentDev-SafeMode - INFO - Running framework file: framework.py in sandbox...
2025-07-27 22:49:55,945 - AgentDev-SafeMode - INFO - [Docker Sandbox] Running: docker run --rm -v D:\stillme_ai:/app -w /app stillme-dev-env python3 framework.py
2025-07-27 22:49:57,182 - AgentDev-SafeMode - WARNING - Framework execution failed in sandbox. Output:
Traceback (most recent call last):
  File "/app/framework.py", line 1, in <module>
    from framework import StillMeFramework
  File "/app/framework.py", line 1, in <module>
    from framework import StillMeFramework
ImportError: cannot import name 'StillMeFramework' from 'framework' (consider renaming '/app/framework.py' if it has the same name as a library you intended to import)

2025-07-27 22:49:57,183 - AgentDev-SafeMode - WARNING - Framework verification failed. Attempting to fix framework integrity.
2025-07-27 22:49:57,184 - AgentDev-SafeMode - WARNING - Framework failed. Requesting AI for analysis and fix.
2025-07-27 22:50:36,936 - httpx - INFO - HTTP Request: POST http://localhost:11434/api/generate "HTTP/1.1 200 OK"
2025-07-27 22:50:36,937 - AgentDev-SafeMode - INFO - AI fix generated by deepseek-coder:6.7b
2025-07-27 22:50:36,938 - AgentDev-SafeMode - INFO - Created backup at backup_legacy\framework_20250727_225036.py
2025-07-27 22:50:36,939 - AgentDev-SafeMode - INFO - AI-generated fix applied to framework.py.
2025-07-27 22:50:37,160 - AgentDev-SafeMode - INFO - Changes committed: 'Fix: AI applied fix to framework.py'
2025-07-27 22:50:37,160 - AgentDev-SafeMode - INFO - 
--- Attempt 2/3 ---
2025-07-27 22:50:37,207 - AgentDev-SafeMode - INFO - Perceiving environment: Running tests and framework check in sandbox...
2025-07-27 22:50:37,207 - AgentDev-SafeMode - INFO - Running unit tests with pytest in sandbox...
2025-07-27 22:50:37,207 - AgentDev-SafeMode - INFO - [Docker Sandbox] Running: docker run --rm -v D:\stillme_ai:/app -w /app stillme-dev-env pytest -v modules
2025-07-27 22:50:39,009 - AgentDev-SafeMode - WARNING - Tests failed in sandbox. Output:
============================= test session starts ==============================
platform linux -- Python 3.13.5, pytest-8.4.1, pluggy-1.6.0 -- /usr/local/bin/python3.13
cachedir: .pytest_cache
rootdir: /app
plugins: asyncio-1.1.0, anyio-4.9.0
asyncio: mode=Mode.STRICT, asyncio_default_fixture_loop_scope=None, asyncio_default_test_loop_scope=function
collecting ... collected 0 items

============================ no tests ran in 0.16s =============================

2025-07-27 22:50:39,010 - AgentDev-SafeMode - INFO - Running framework file: framework.py in sandbox...
2025-07-27 22:50:39,010 - AgentDev-SafeMode - INFO - [Docker Sandbox] Running: docker run --rm -v D:\stillme_ai:/app -w /app stillme-dev-env python3 framework.py
2025-07-27 22:50:40,058 - AgentDev-SafeMode - WARNING - Framework execution failed in sandbox. Output:
Traceback (most recent call last):
  File "/app/framework.py", line 1, in <module>
    from app_framework import StillMeFramework
ModuleNotFoundError: No module named 'app_framework'

2025-07-27 22:50:40,059 - AgentDev-SafeMode - WARNING - Framework verification failed. Attempting to fix framework integrity.
2025-07-27 22:50:40,060 - AgentDev-SafeMode - WARNING - Framework failed. Requesting AI for analysis and fix.
2025-07-27 22:51:07,737 - httpx - INFO - HTTP Request: POST http://localhost:11434/api/generate "HTTP/1.1 200 OK"
2025-07-27 22:51:07,738 - AgentDev-SafeMode - INFO - AI fix generated by deepseek-coder:6.7b
2025-07-27 22:51:07,739 - AgentDev-SafeMode - WARNING - AI response for framework.py fix didn't contain a valid code block.
2025-07-27 22:51:07,739 - AgentDev-SafeMode - INFO - 
--- Attempt 3/3 ---
2025-07-27 22:51:07,788 - AgentDev-SafeMode - INFO - Perceiving environment: Running tests and framework check in sandbox...
2025-07-27 22:51:07,788 - AgentDev-SafeMode - INFO - Running unit tests with pytest in sandbox...
2025-07-27 22:51:07,789 - AgentDev-SafeMode - INFO - [Docker Sandbox] Running: docker run --rm -v D:\stillme_ai:/app -w /app stillme-dev-env pytest -v modules
2025-07-27 22:51:09,404 - AgentDev-SafeMode - WARNING - Tests failed in sandbox. Output:
============================= test session starts ==============================
platform linux -- Python 3.13.5, pytest-8.4.1, pluggy-1.6.0 -- /usr/local/bin/python3.13
cachedir: .pytest_cache
rootdir: /app
plugins: asyncio-1.1.0, anyio-4.9.0
asyncio: mode=Mode.STRICT, asyncio_default_fixture_loop_scope=None, asyncio_default_test_loop_scope=function
collecting ... collected 0 items

============================ no tests ran in 0.15s =============================

2025-07-27 22:51:09,405 - AgentDev-SafeMode - INFO - Running framework file: framework.py in sandbox...
2025-07-27 22:51:09,405 - AgentDev-SafeMode - INFO - [Docker Sandbox] Running: docker run --rm -v D:\stillme_ai:/app -w /app stillme-dev-env python3 framework.py
2025-07-27 22:51:10,496 - AgentDev-SafeMode - WARNING - Framework execution failed in sandbox. Output:
Traceback (most recent call last):
  File "/app/framework.py", line 1, in <module>
    from app_framework import StillMeFramework
ModuleNotFoundError: No module named 'app_framework'

2025-07-27 22:51:10,497 - AgentDev-SafeMode - WARNING - Framework verification failed. Attempting to fix framework integrity.
2025-07-27 22:51:10,498 - AgentDev-SafeMode - WARNING - Framework failed. Requesting AI for analysis and fix.
2025-07-27 22:51:25,233 - httpx - INFO - HTTP Request: POST http://localhost:11434/api/generate "HTTP/1.1 200 OK"
2025-07-27 22:51:25,234 - AgentDev-SafeMode - INFO - AI fix generated by deepseek-coder:6.7b
2025-07-27 22:51:25,235 - AgentDev-SafeMode - INFO - Created backup at backup_legacy\framework_20250727_225125.py
2025-07-27 22:51:25,237 - AgentDev-SafeMode - INFO - AI-generated fix applied to framework.py.
2025-07-27 22:51:25,451 - AgentDev-SafeMode - INFO - Changes committed: 'Fix: AI applied fix to framework.py'
2025-07-27 22:51:25,452 - AgentDev-SafeMode - ERROR - Failed to fix all issues after maximum attempts (3).
2025-07-27 22:51:25,452 - AgentDev-SafeMode - INFO - Please manually inspect the code and logs.
2025-07-27 23:48:53,143 - AgentDev-SafeMode - INFO - EthicsChecker initialized with level: high
2025-07-27 23:48:53,143 - AgentDev-SafeMode - INFO - StillMeFramework (simplified) initialized for ethics checks.
2025-07-27 23:48:53,144 - AgentDev-SafeMode - INFO - ðŸš€ Starting AgentDev Main Loop in SafeMode
2025-07-27 23:48:53,144 - AgentDev-SafeMode - INFO - Agent performing self-healing checks for its own dependencies...
2025-07-27 23:48:53,934 - AgentDev-SafeMode - INFO - pylint is installed.
2025-07-27 23:48:54,609 - AgentDev-SafeMode - INFO - pytest is installed.
2025-07-27 23:48:55,299 - AgentDev-SafeMode - INFO - ollama is installed.
2025-07-27 23:48:55,965 - AgentDev-SafeMode - INFO - openai is installed.
2025-07-27 23:48:56,722 - AgentDev-SafeMode - INFO - cryptography is installed.
2025-07-27 23:48:57,386 - AgentDev-SafeMode - INFO - jsonschema is installed.
2025-07-27 23:48:57,433 - AgentDev-SafeMode - INFO - [Docker Sandbox] Running: docker run --rm -v D:\stillme_ai:/app -w /app alpine echo Docker is running
2025-07-27 23:48:58,287 - AgentDev-SafeMode - INFO - Docker is running and accessible.
2025-07-27 23:48:58,287 - AgentDev-SafeMode - INFO - 
--- Attempt 1/3 ---
2025-07-27 23:48:58,345 - AgentDev-SafeMode - INFO - Perceiving environment: Running tests and framework check in sandbox...
2025-07-27 23:48:58,346 - AgentDev-SafeMode - INFO - Running unit tests with pytest in sandbox...
2025-07-27 23:48:58,346 - AgentDev-SafeMode - INFO - [Docker Sandbox] Running: docker run --rm -v D:\stillme_ai:/app -w /app stillme-dev-env pytest -v modules
2025-07-27 23:49:00,373 - AgentDev-SafeMode - WARNING - Tests failed in sandbox. Output:
============================= test session starts ==============================
platform linux -- Python 3.13.5, pytest-8.4.1, pluggy-1.6.0 -- /usr/local/bin/python3.13
cachedir: .pytest_cache
rootdir: /app
plugins: asyncio-1.1.0, anyio-4.9.0
asyncio: mode=Mode.STRICT, asyncio_default_fixture_loop_scope=None, asyncio_default_test_loop_scope=function
collecting ... collected 0 items

============================ no tests ran in 0.21s =============================

2025-07-27 23:49:00,373 - AgentDev-SafeMode - INFO - Running framework file: framework.py in sandbox...
2025-07-27 23:49:00,373 - AgentDev-SafeMode - INFO - [Docker Sandbox] Running: docker run --rm -v D:\stillme_ai:/app -w /app stillme-dev-env python3 framework.py
2025-07-27 23:49:01,610 - AgentDev-SafeMode - WARNING - Framework execution failed in sandbox. Output:
Traceback (most recent call last):
  File "/app/framework.py", line 24, in <module>
    import psutil
ModuleNotFoundError: No module named 'psutil'

2025-07-27 23:49:01,611 - AgentDev-SafeMode - WARNING - Framework verification failed. Attempting to fix framework integrity.
2025-07-27 23:49:01,618 - AgentDev-SafeMode - WARNING - Framework failed. Requesting AI for analysis and fix.
2025-07-27 23:59:56,406 - httpx - INFO - HTTP Request: POST http://localhost:11434/api/generate "HTTP/1.1 200 OK"
2025-07-27 23:59:56,408 - AgentDev-SafeMode - INFO - AI fix generated by deepseek-coder:6.7b
2025-07-27 23:59:56,410 - AgentDev-SafeMode - INFO - AI-generated fix safely applied to framework.py.
2025-07-27 23:59:56,410 - AgentDev-SafeMode - INFO - 
--- Attempt 2/3 ---
2025-07-27 23:59:56,459 - AgentDev-SafeMode - INFO - Perceiving environment: Running tests and framework check in sandbox...
2025-07-27 23:59:56,459 - AgentDev-SafeMode - INFO - Running unit tests with pytest in sandbox...
2025-07-27 23:59:56,460 - AgentDev-SafeMode - INFO - [Docker Sandbox] Running: docker run --rm -v D:\stillme_ai:/app -w /app stillme-dev-env pytest -v modules
2025-07-28 00:00:02,573 - AgentDev-SafeMode - WARNING - Tests failed in sandbox. Output:
============================= test session starts ==============================
platform linux -- Python 3.13.5, pytest-8.4.1, pluggy-1.6.0 -- /usr/local/bin/python3.13
cachedir: .pytest_cache
rootdir: /app
plugins: asyncio-1.1.0, anyio-4.9.0
asyncio: mode=Mode.STRICT, asyncio_default_fixture_loop_scope=None, asyncio_default_test_loop_scope=function
collecting ... collected 0 items

============================ no tests ran in 0.29s =============================

2025-07-28 00:00:02,574 - AgentDev-SafeMode - INFO - Running framework file: framework.py in sandbox...
2025-07-28 00:00:02,574 - AgentDev-SafeMode - INFO - [Docker Sandbox] Running: docker run --rm -v D:\stillme_ai:/app -w /app stillme-dev-env python3 framework.py
2025-07-28 00:00:03,933 - AgentDev-SafeMode - INFO - Framework execution passed in sandbox.
2025-07-28 00:00:03,933 - AgentDev-SafeMode - WARNING - Tests failed. Analyzing errors and attempting to fix...
2025-07-28 00:00:29,378 - AgentDev-SafeMode - INFO - EthicsChecker initialized with level: high
2025-07-28 00:00:29,379 - AgentDev-SafeMode - INFO - StillMeFramework (simplified) initialized for ethics checks.
2025-07-28 00:00:29,380 - AgentDev-SafeMode - INFO - ðŸš€ Starting AgentDev Main Loop in SafeMode
2025-07-28 00:00:29,380 - AgentDev-SafeMode - INFO - Agent performing self-healing checks for its own dependencies...
2025-07-28 00:00:30,318 - AgentDev-SafeMode - INFO - pylint is installed.
2025-07-28 00:00:31,349 - AgentDev-SafeMode - INFO - pytest is installed.
2025-07-28 00:00:32,049 - AgentDev-SafeMode - INFO - ollama is installed.
2025-07-28 00:00:32,744 - AgentDev-SafeMode - INFO - openai is installed.
2025-07-28 00:00:33,382 - AgentDev-SafeMode - INFO - cryptography is installed.
2025-07-28 00:00:34,041 - AgentDev-SafeMode - INFO - jsonschema is installed.
2025-07-28 00:00:34,084 - AgentDev-SafeMode - INFO - [Docker Sandbox] Running: docker run --rm -v D:\stillme_ai:/app -w /app alpine echo Docker is running
2025-07-28 00:00:34,897 - AgentDev-SafeMode - INFO - Docker is running and accessible.
2025-07-28 00:00:34,898 - AgentDev-SafeMode - INFO - 
--- Attempt 1/3 ---
2025-07-28 00:00:34,957 - AgentDev-SafeMode - INFO - Perceiving environment: Running tests and framework check in sandbox...
2025-07-28 00:00:34,957 - AgentDev-SafeMode - INFO - Running unit tests with pytest in sandbox...
2025-07-28 00:00:34,958 - AgentDev-SafeMode - INFO - [Docker Sandbox] Running: docker run --rm -v D:\stillme_ai:/app -w /app stillme-dev-env pytest -v modules
2025-07-28 00:00:36,837 - AgentDev-SafeMode - WARNING - Tests failed in sandbox. Output:
============================= test session starts ==============================
platform linux -- Python 3.13.5, pytest-8.4.1, pluggy-1.6.0 -- /usr/local/bin/python3.13
cachedir: .pytest_cache
rootdir: /app
plugins: asyncio-1.1.0, anyio-4.9.0
asyncio: mode=Mode.STRICT, asyncio_default_fixture_loop_scope=None, asyncio_default_test_loop_scope=function
collecting ... collected 0 items

============================ no tests ran in 0.21s =============================

2025-07-28 00:00:36,837 - AgentDev-SafeMode - INFO - Running framework file: framework.py in sandbox...
2025-07-28 00:00:36,838 - AgentDev-SafeMode - INFO - [Docker Sandbox] Running: docker run --rm -v D:\stillme_ai:/app -w /app stillme-dev-env python3 framework.py
2025-07-28 00:00:38,103 - AgentDev-SafeMode - INFO - Framework execution passed in sandbox.
2025-07-28 00:00:38,103 - AgentDev-SafeMode - WARNING - Tests failed. Analyzing errors and attempting to fix...
2025-07-28 00:03:34,318 - AgentDev-SafeMode - INFO - EthicsChecker initialized with level: high
2025-07-28 00:03:34,319 - AgentDev-SafeMode - INFO - StillMeFramework (simplified) initialized for ethics checks.
2025-07-28 00:03:34,319 - AgentDev-SafeMode - INFO - ðŸš€ Starting AgentDev Main Loop in SafeMode
2025-07-28 00:03:34,319 - AgentDev-SafeMode - INFO - Agent performing self-healing checks for its own dependencies...
2025-07-28 00:03:35,141 - AgentDev-SafeMode - INFO - pylint is installed.
2025-07-28 00:03:35,821 - AgentDev-SafeMode - INFO - pytest is installed.
2025-07-28 00:03:36,486 - AgentDev-SafeMode - INFO - ollama is installed.
2025-07-28 00:03:37,157 - AgentDev-SafeMode - INFO - openai is installed.
2025-07-28 00:03:37,928 - AgentDev-SafeMode - INFO - cryptography is installed.
2025-07-28 00:03:38,695 - AgentDev-SafeMode - INFO - jsonschema is installed.
2025-07-28 00:03:38,739 - AgentDev-SafeMode - INFO - [Docker Sandbox] Running: docker run --rm -v D:\stillme_ai:/app -w /app alpine echo Docker is running
2025-07-28 00:03:39,664 - AgentDev-SafeMode - INFO - Docker is running and accessible.
2025-07-28 00:03:39,664 - AgentDev-SafeMode - INFO - 
--- Attempt 1/3 ---
2025-07-28 00:03:39,723 - AgentDev-SafeMode - INFO - Perceiving environment: Running tests and framework check in sandbox...
2025-07-28 00:03:39,723 - AgentDev-SafeMode - INFO - Running unit tests with pytest in sandbox...
2025-07-28 00:03:39,724 - AgentDev-SafeMode - INFO - [Docker Sandbox] Running: docker run --rm -v D:\stillme_ai:/app -w /app stillme-dev-env pytest -v modules
2025-07-28 00:03:41,680 - AgentDev-SafeMode - WARNING - Tests failed in sandbox. Output:
============================= test session starts ==============================
platform linux -- Python 3.13.5, pytest-8.4.1, pluggy-1.6.0 -- /usr/local/bin/python3.13
cachedir: .pytest_cache
rootdir: /app
plugins: asyncio-1.1.0, anyio-4.9.0
asyncio: mode=Mode.STRICT, asyncio_default_fixture_loop_scope=None, asyncio_default_test_loop_scope=function
collecting ... collected 0 items

============================ no tests ran in 0.19s =============================

2025-07-28 00:03:41,680 - AgentDev-SafeMode - INFO - Running framework file: framework.py in sandbox...
2025-07-28 00:03:41,681 - AgentDev-SafeMode - INFO - [Docker Sandbox] Running: docker run --rm -v D:\stillme_ai:/app -w /app stillme-dev-env python3 framework.py
2025-07-28 00:03:42,914 - AgentDev-SafeMode - INFO - Framework execution passed in sandbox.
2025-07-28 00:03:42,915 - AgentDev-SafeMode - WARNING - Tests failed. Analyzing errors and attempting to fix...
2025-07-28 00:03:42,915 - AgentDev-SafeMode - INFO - Basic error analysis: Type=UnknownError, Msg='============================ no tests ran in 0.19s =============================', File=unknown
2025-07-28 00:03:42,916 - AgentDev-SafeMode - ERROR - OpenAI API key is not set. Cannot call OpenAI models.
2025-07-28 00:03:42,916 - AgentDev-SafeMode - WARNING - Preferred model gpt-4o failed. Falling back to deepseek-coder:6.7b.
2025-07-28 00:05:29,680 - httpx - INFO - HTTP Request: POST http://localhost:11434/api/generate "HTTP/1.1 200 OK"
2025-07-28 00:05:29,712 - AgentDev-SafeMode - INFO - AI Root Cause Analysis: No tests were run because no test cases were collected.
2025-07-28 00:05:29,712 - AgentDev-SafeMode - INFO - AI Fix Strategy Summary: The root cause of the issue is that there are no test cases to be collected. The strategy involves adding at least one test case and running the tests again.
2025-07-28 00:05:29,712 - AgentDev-SafeMode - INFO - AI Plan (validated): [
  {
    "action": "add_test",
    "file": "unknown",
    "description": "Add a simple test case to ensure that there are test cases to collect."
  },
  {
    "action": "run_tests",
    "file": "unknown",
    "description": "Run the tests again after adding at least one test case."
  }
]
2025-07-28 00:05:29,713 - AgentDev-SafeMode - INFO - Detected UnknownError in unknown: ============================ no tests ran in 0.19s =============================
2025-07-28 00:05:29,713 - AgentDev-SafeMode - INFO - Root Cause: No tests were run because no test cases were collected.
2025-07-28 00:05:29,714 - AgentDev-SafeMode - INFO - AI Plan: [
  {
    "action": "add_test",
    "file": "unknown",
    "description": "Add a simple test case to ensure that there are test cases to collect."
  },
  {
    "action": "run_tests",
    "file": "unknown",
    "description": "Run the tests again after adding at least one test case."
  }
]
2025-07-28 00:05:29,714 - AgentDev-SafeMode - ERROR - File not found for fixing: unknown. Cannot proceed with fix plan.
2025-07-28 00:05:29,714 - AgentDev-SafeMode - INFO - 
--- Attempt 2/3 ---
2025-07-28 00:05:29,758 - AgentDev-SafeMode - INFO - Perceiving environment: Running tests and framework check in sandbox...
2025-07-28 00:05:29,758 - AgentDev-SafeMode - INFO - Running unit tests with pytest in sandbox...
2025-07-28 00:05:29,759 - AgentDev-SafeMode - INFO - [Docker Sandbox] Running: docker run --rm -v D:\stillme_ai:/app -w /app stillme-dev-env pytest -v modules
2025-07-28 00:05:31,311 - AgentDev-SafeMode - WARNING - Tests failed in sandbox. Output:
============================= test session starts ==============================
platform linux -- Python 3.13.5, pytest-8.4.1, pluggy-1.6.0 -- /usr/local/bin/python3.13
cachedir: .pytest_cache
rootdir: /app
plugins: asyncio-1.1.0, anyio-4.9.0
asyncio: mode=Mode.STRICT, asyncio_default_fixture_loop_scope=None, asyncio_default_test_loop_scope=function
collecting ... collected 0 items

============================ no tests ran in 0.15s =============================

2025-07-28 00:05:31,311 - AgentDev-SafeMode - INFO - Running framework file: framework.py in sandbox...
2025-07-28 00:05:31,312 - AgentDev-SafeMode - INFO - [Docker Sandbox] Running: docker run --rm -v D:\stillme_ai:/app -w /app stillme-dev-env python3 framework.py
2025-07-28 00:05:32,572 - AgentDev-SafeMode - INFO - Framework execution passed in sandbox.
2025-07-28 00:05:32,572 - AgentDev-SafeMode - WARNING - Tests failed. Analyzing errors and attempting to fix...
2025-07-28 00:05:32,572 - AgentDev-SafeMode - INFO - Basic error analysis: Type=UnknownError, Msg='============================ no tests ran in 0.15s =============================', File=unknown
2025-07-28 00:05:32,573 - AgentDev-SafeMode - ERROR - OpenAI API key is not set. Cannot call OpenAI models.
2025-07-28 00:05:32,573 - AgentDev-SafeMode - WARNING - Preferred model gpt-4o failed. Falling back to deepseek-coder:6.7b.
2025-07-28 00:07:01,342 - httpx - INFO - HTTP Request: POST http://localhost:11434/api/generate "HTTP/1.1 200 OK"
2025-07-28 00:07:01,347 - AgentDev-SafeMode - INFO - AI Root Cause Analysis: No tests found, likely due to incorrect Python version (3.13.5) or missing pytest dependency.
2025-07-28 00:07:01,347 - AgentDev-SafeMode - INFO - AI Fix Strategy Summary: The strategy is to fix the Python environment and dependencies first, then run the test suite again.
2025-07-28 00:07:01,348 - AgentDev-SafeMode - INFO - AI Plan (validated): [
  {
    "action": "install_deps",
    "description": "Install all necessary dependencies including pytest."
  },
  {
    "action": "check_imports",
    "file": "/app/main.py",
    "description": "Check if all required modules are imported correctly in the main file."
  },
  {
    "action": "run_tests",
    "description": "Run the test suite again to see if tests have been added or modified since last run."
  }
]
2025-07-28 00:07:01,348 - AgentDev-SafeMode - INFO - Detected UnknownError in unknown: ============================ no tests ran in 0.15s =============================
2025-07-28 00:07:01,349 - AgentDev-SafeMode - INFO - Root Cause: No tests found, likely due to incorrect Python version (3.13.5) or missing pytest dependency.
2025-07-28 00:07:01,349 - AgentDev-SafeMode - INFO - AI Plan: [
  {
    "action": "install_deps",
    "description": "Install all necessary dependencies including pytest."
  },
  {
    "action": "check_imports",
    "file": "/app/main.py",
    "description": "Check if all required modules are imported correctly in the main file."
  },
  {
    "action": "run_tests",
    "description": "Run the test suite again to see if tests have been added or modified since last run."
  }
]
2025-07-28 00:07:01,350 - AgentDev-SafeMode - ERROR - File not found for fixing: unknown. Cannot proceed with fix plan.
2025-07-28 00:07:01,350 - AgentDev-SafeMode - INFO - 
--- Attempt 3/3 ---
2025-07-28 00:07:01,401 - AgentDev-SafeMode - INFO - Perceiving environment: Running tests and framework check in sandbox...
2025-07-28 00:07:01,401 - AgentDev-SafeMode - INFO - Running unit tests with pytest in sandbox...
2025-07-28 00:07:01,402 - AgentDev-SafeMode - INFO - [Docker Sandbox] Running: docker run --rm -v D:\stillme_ai:/app -w /app stillme-dev-env pytest -v modules
2025-07-28 00:07:03,029 - AgentDev-SafeMode - WARNING - Tests failed in sandbox. Output:
============================= test session starts ==============================
platform linux -- Python 3.13.5, pytest-8.4.1, pluggy-1.6.0 -- /usr/local/bin/python3.13
cachedir: .pytest_cache
rootdir: /app
plugins: asyncio-1.1.0, anyio-4.9.0
asyncio: mode=Mode.STRICT, asyncio_default_fixture_loop_scope=None, asyncio_default_test_loop_scope=function
collecting ... collected 0 items

============================ no tests ran in 0.17s =============================

2025-07-28 00:07:03,030 - AgentDev-SafeMode - INFO - Running framework file: framework.py in sandbox...
2025-07-28 00:07:03,031 - AgentDev-SafeMode - INFO - [Docker Sandbox] Running: docker run --rm -v D:\stillme_ai:/app -w /app stillme-dev-env python3 framework.py
2025-07-28 00:07:04,343 - AgentDev-SafeMode - INFO - Framework execution passed in sandbox.
2025-07-28 00:07:04,343 - AgentDev-SafeMode - WARNING - Tests failed. Analyzing errors and attempting to fix...
2025-07-28 00:07:04,343 - AgentDev-SafeMode - INFO - Basic error analysis: Type=UnknownError, Msg='============================ no tests ran in 0.17s =============================', File=unknown
2025-07-28 00:07:04,344 - AgentDev-SafeMode - ERROR - OpenAI API key is not set. Cannot call OpenAI models.
2025-07-28 00:07:04,344 - AgentDev-SafeMode - WARNING - Preferred model gpt-4o failed. Falling back to deepseek-coder:6.7b.
2025-07-28 00:08:07,117 - AgentDev-SafeMode - INFO - EthicsChecker initialized with level: high
2025-07-28 00:08:07,118 - AgentDev-SafeMode - INFO - StillMeFramework (simplified) initialized for ethics checks.
2025-07-28 00:08:07,118 - AgentDev-SafeMode - INFO - ðŸš€ Starting AgentDev Main Loop in SafeMode
2025-07-28 00:08:07,118 - AgentDev-SafeMode - INFO - Agent performing self-healing checks for its own dependencies...
2025-07-28 00:08:07,928 - AgentDev-SafeMode - INFO - pylint is installed.
2025-07-28 00:08:08,654 - AgentDev-SafeMode - INFO - pytest is installed.
2025-07-28 00:08:09,332 - AgentDev-SafeMode - INFO - ollama is installed.
2025-07-28 00:08:09,981 - AgentDev-SafeMode - INFO - openai is installed.
2025-07-28 00:08:10,651 - AgentDev-SafeMode - INFO - cryptography is installed.
2025-07-28 00:08:11,313 - AgentDev-SafeMode - INFO - jsonschema is installed.
2025-07-28 00:08:11,356 - AgentDev-SafeMode - INFO - [Docker Sandbox] Running: docker run --rm -v D:\stillme_ai:/app -w /app alpine echo Docker is running
2025-07-28 00:08:12,135 - AgentDev-SafeMode - INFO - Docker is running and accessible.
2025-07-28 00:08:12,135 - AgentDev-SafeMode - INFO - 
--- Attempt 1/3 ---
2025-07-28 00:08:12,187 - AgentDev-SafeMode - INFO - Perceiving environment: Running tests and framework check in sandbox...
2025-07-28 00:08:12,188 - AgentDev-SafeMode - INFO - Running unit tests with pytest in sandbox...
2025-07-28 00:08:12,188 - AgentDev-SafeMode - INFO - [Docker Sandbox] Running: docker run --rm -v D:\stillme_ai:/app -w /app stillme-dev-env pytest -v modules
2025-07-28 00:08:13,865 - AgentDev-SafeMode - WARNING - Tests failed in sandbox. Output:
============================= test session starts ==============================
platform linux -- Python 3.13.5, pytest-8.4.1, pluggy-1.6.0 -- /usr/local/bin/python3.13
cachedir: .pytest_cache
rootdir: /app
plugins: asyncio-1.1.0, anyio-4.9.0
asyncio: mode=Mode.STRICT, asyncio_default_fixture_loop_scope=None, asyncio_default_test_loop_scope=function
collecting ... collected 0 items

============================ no tests ran in 0.16s =============================

2025-07-28 00:08:13,865 - AgentDev-SafeMode - INFO - Running framework file: framework.py in sandbox...
2025-07-28 00:08:13,866 - AgentDev-SafeMode - INFO - [Docker Sandbox] Running: docker run --rm -v D:\stillme_ai:/app -w /app stillme-dev-env python3 framework.py
2025-07-28 00:08:15,111 - AgentDev-SafeMode - INFO - Framework execution passed in sandbox.
2025-07-28 00:08:15,111 - AgentDev-SafeMode - WARNING - Tests failed. Analyzing errors and attempting to fix...
2025-07-28 00:08:15,112 - AgentDev-SafeMode - INFO - Basic error analysis: Type=UnknownError, Msg='============================ no tests ran in 0.16s =============================', File=unknown
2025-07-28 00:08:15,112 - AgentDev-SafeMode - ERROR - OpenAI call failed for gpt-4o: 

You tried to access openai.ChatCompletion, but this is no longer supported in openai>=1.0.0 - see the README at https://github.com/openai/openai-python for the API.

You can run `openai migrate` to automatically upgrade your codebase to use the 1.0.0 interface. 

Alternatively, you can pin your installation to the old version, e.g. `pip install openai==0.28`

A detailed migration guide is available here: https://github.com/openai/openai-python/discussions/742

2025-07-28 00:08:15,113 - AgentDev-SafeMode - WARNING - Preferred model gpt-4o failed. Falling back to deepseek-coder:6.7b.
2025-07-28 00:20:50,131 - AgentDev-SafeMode - INFO - EthicsChecker initialized with level: high
2025-07-28 00:20:50,131 - AgentDev-SafeMode - INFO - StillMeFramework (simplified) initialized for ethics checks.
2025-07-28 00:20:50,132 - AgentDev-SafeMode - INFO - ðŸš€ Starting AgentDev Main Loop in SafeMode
2025-07-28 00:20:50,132 - AgentDev-SafeMode - INFO - Agent performing self-healing checks for its own dependencies...
2025-07-28 00:20:50,753 - AgentDev-SafeMode - INFO - pylint is installed.
2025-07-28 00:20:51,316 - AgentDev-SafeMode - INFO - pytest is installed.
2025-07-28 00:20:51,842 - AgentDev-SafeMode - INFO - ollama is installed.
2025-07-28 00:20:52,352 - AgentDev-SafeMode - INFO - openai is installed.
2025-07-28 00:20:52,809 - AgentDev-SafeMode - INFO - cryptography is installed.
2025-07-28 00:20:53,243 - AgentDev-SafeMode - INFO - jsonschema is installed.
2025-07-28 00:20:53,285 - AgentDev-SafeMode - INFO - [Docker Sandbox] Running: docker run --rm -v D:\stillme_ai:/app -w /app alpine echo Docker is running
2025-07-28 00:20:54,351 - AgentDev-SafeMode - INFO - Docker is running and accessible.
2025-07-28 00:20:54,351 - AgentDev-SafeMode - INFO - 
--- Attempt 1/3 ---
2025-07-28 00:20:54,407 - AgentDev-SafeMode - INFO - Perceiving environment: Running tests and framework check in sandbox...
2025-07-28 00:20:54,408 - AgentDev-SafeMode - INFO - Running unit tests with pytest in sandbox...
2025-07-28 00:20:54,408 - AgentDev-SafeMode - INFO - [Docker Sandbox] Running: docker run --rm -v D:\stillme_ai:/app -w /app stillme-dev-env pytest -v modules
2025-07-28 00:20:56,808 - AgentDev-SafeMode - WARNING - Tests failed in sandbox. Output:
============================= test session starts ==============================
platform linux -- Python 3.13.5, pytest-8.4.1, pluggy-1.6.0 -- /usr/local/bin/python3.13
cachedir: .pytest_cache
rootdir: /app
plugins: asyncio-1.1.0, anyio-4.9.0
asyncio: mode=Mode.STRICT, asyncio_default_fixture_loop_scope=None, asyncio_default_test_loop_scope=function
collecting ... collected 0 items

============================ no tests ran in 0.21s =============================

2025-07-28 00:20:56,809 - AgentDev-SafeMode - INFO - Running framework file: framework.py in sandbox...
2025-07-28 00:20:56,809 - AgentDev-SafeMode - INFO - [Docker Sandbox] Running: docker run --rm -v D:\stillme_ai:/app -w /app stillme-dev-env python3 framework.py
2025-07-28 00:20:58,127 - AgentDev-SafeMode - INFO - Framework execution passed in sandbox.
2025-07-28 00:20:58,128 - AgentDev-SafeMode - WARNING - Tests failed. Analyzing errors and attempting to fix...
2025-07-28 00:20:58,128 - AgentDev-SafeMode - INFO - Basic error analysis: Type=UnknownError, Msg='============================ no tests ran in 0.21s =============================', File=unknown
2025-07-28 00:21:09,918 - AgentDev-SafeMode - ERROR - AI plan invalid or failed schema validation: Expecting value: line 1 column 1 (char 0). Raw response: ```json
{
  "root_cause": "The error log indicates that no tests were collected or ran, which suggests that there might be an issue with the test discovery process. This could be due to missing or incorrectly named test files or functions, or the absence of any test files in the specified directory.",
  "fix_strategy_summary": "Ensure that test files and functions are correctly named and located in the appropriate directory. Verify that pytest is configured correctly to discover and execute test...
2025-07-28 00:21:09,919 - AgentDev-SafeMode - INFO - Detected UnknownError in unknown: ============================ no tests ran in 0.21s =============================
2025-07-28 00:21:09,919 - AgentDev-SafeMode - INFO - Root Cause: AI plan invalid: Expecting value: line 1 column 1 (char 0)
2025-07-28 00:21:09,919 - AgentDev-SafeMode - INFO - AI Plan: [
  {
    "action": "modify_code",
    "file": "unknown",
    "description": "Attempt a direct fix as AI plan was invalid."
  }
]
2025-07-28 00:21:09,920 - AgentDev-SafeMode - ERROR - File not found for fixing: unknown. Cannot proceed with fix plan.
2025-07-28 00:21:09,920 - AgentDev-SafeMode - INFO - 
--- Attempt 2/3 ---
2025-07-28 00:21:09,980 - AgentDev-SafeMode - INFO - Perceiving environment: Running tests and framework check in sandbox...
2025-07-28 00:21:09,980 - AgentDev-SafeMode - INFO - Running unit tests with pytest in sandbox...
2025-07-28 00:21:09,981 - AgentDev-SafeMode - INFO - [Docker Sandbox] Running: docker run --rm -v D:\stillme_ai:/app -w /app stillme-dev-env pytest -v modules
2025-07-28 00:21:11,905 - AgentDev-SafeMode - WARNING - Tests failed in sandbox. Output:
============================= test session starts ==============================
platform linux -- Python 3.13.5, pytest-8.4.1, pluggy-1.6.0 -- /usr/local/bin/python3.13
cachedir: .pytest_cache
rootdir: /app
plugins: asyncio-1.1.0, anyio-4.9.0
asyncio: mode=Mode.STRICT, asyncio_default_fixture_loop_scope=None, asyncio_default_test_loop_scope=function
collecting ... collected 0 items

============================ no tests ran in 0.20s =============================

2025-07-28 00:21:11,905 - AgentDev-SafeMode - INFO - Running framework file: framework.py in sandbox...
2025-07-28 00:21:11,906 - AgentDev-SafeMode - INFO - [Docker Sandbox] Running: docker run --rm -v D:\stillme_ai:/app -w /app stillme-dev-env python3 framework.py
2025-07-28 00:21:13,154 - AgentDev-SafeMode - INFO - Framework execution passed in sandbox.
2025-07-28 00:21:13,154 - AgentDev-SafeMode - WARNING - Tests failed. Analyzing errors and attempting to fix...
2025-07-28 00:21:13,154 - AgentDev-SafeMode - INFO - Basic error analysis: Type=UnknownError, Msg='============================ no tests ran in 0.20s =============================', File=unknown
2025-07-28 00:21:21,141 - AgentDev-SafeMode - ERROR - AI plan invalid or failed schema validation: Expecting value: line 1 column 1 (char 0). Raw response: ```json
{
  "root_cause": "The test session did not run any tests because no test files or test functions were collected. This could be due to missing test files, incorrect naming conventions, or misconfigured test discovery settings.",
  "fix_strategy_summary": "Ensure that test files and functions are correctly named and located so that pytest can discover them. Verify that the test discovery settings are correctly configured.",
  "plan": [
    {
      "action": "check_imports",
      "file": ...
2025-07-28 00:21:21,141 - AgentDev-SafeMode - INFO - Detected UnknownError in unknown: ============================ no tests ran in 0.20s =============================
2025-07-28 00:21:21,142 - AgentDev-SafeMode - INFO - Root Cause: AI plan invalid: Expecting value: line 1 column 1 (char 0)
2025-07-28 00:21:21,142 - AgentDev-SafeMode - INFO - AI Plan: [
  {
    "action": "modify_code",
    "file": "unknown",
    "description": "Attempt a direct fix as AI plan was invalid."
  }
]
2025-07-28 00:21:21,142 - AgentDev-SafeMode - ERROR - File not found for fixing: unknown. Cannot proceed with fix plan.
2025-07-28 00:21:21,143 - AgentDev-SafeMode - INFO - 
--- Attempt 3/3 ---
2025-07-28 00:21:21,207 - AgentDev-SafeMode - INFO - Perceiving environment: Running tests and framework check in sandbox...
2025-07-28 00:21:21,207 - AgentDev-SafeMode - INFO - Running unit tests with pytest in sandbox...
2025-07-28 00:21:21,207 - AgentDev-SafeMode - INFO - [Docker Sandbox] Running: docker run --rm -v D:\stillme_ai:/app -w /app stillme-dev-env pytest -v modules
2025-07-28 00:21:23,109 - AgentDev-SafeMode - WARNING - Tests failed in sandbox. Output:
============================= test session starts ==============================
platform linux -- Python 3.13.5, pytest-8.4.1, pluggy-1.6.0 -- /usr/local/bin/python3.13
cachedir: .pytest_cache
rootdir: /app
plugins: asyncio-1.1.0, anyio-4.9.0
asyncio: mode=Mode.STRICT, asyncio_default_fixture_loop_scope=None, asyncio_default_test_loop_scope=function
collecting ... collected 0 items

============================ no tests ran in 0.21s =============================

2025-07-28 00:21:23,110 - AgentDev-SafeMode - INFO - Running framework file: framework.py in sandbox...
2025-07-28 00:21:23,110 - AgentDev-SafeMode - INFO - [Docker Sandbox] Running: docker run --rm -v D:\stillme_ai:/app -w /app stillme-dev-env python3 framework.py
2025-07-28 00:21:24,330 - AgentDev-SafeMode - INFO - Framework execution passed in sandbox.
2025-07-28 00:21:24,330 - AgentDev-SafeMode - WARNING - Tests failed. Analyzing errors and attempting to fix...
2025-07-28 00:21:24,331 - AgentDev-SafeMode - INFO - Basic error analysis: Type=UnknownError, Msg='============================ no tests ran in 0.21s =============================', File=unknown
2025-07-28 00:21:32,338 - AgentDev-SafeMode - ERROR - AI plan invalid or failed schema validation: Expecting value: line 1 column 1 (char 0). Raw response: ```json
{
  "root_cause": "The error log indicates that no tests were collected or ran, which suggests that there might be no test files present, or the test files are not named correctly according to pytest's conventions. Another possibility is that the test discovery path is incorrect.",
  "fix_strategy_summary": "Ensure that test files are present and correctly named according to pytest conventions, and verify that the test discovery path is correctly set.",
  "plan": [
    {
      "action": ...
2025-07-28 00:21:32,339 - AgentDev-SafeMode - INFO - Detected UnknownError in unknown: ============================ no tests ran in 0.21s =============================
2025-07-28 00:21:32,339 - AgentDev-SafeMode - INFO - Root Cause: AI plan invalid: Expecting value: line 1 column 1 (char 0)
2025-07-28 00:21:32,339 - AgentDev-SafeMode - INFO - AI Plan: [
  {
    "action": "modify_code",
    "file": "unknown",
    "description": "Attempt a direct fix as AI plan was invalid."
  }
]
2025-07-28 00:21:32,340 - AgentDev-SafeMode - ERROR - File not found for fixing: unknown. Cannot proceed with fix plan.
2025-07-28 00:21:32,340 - AgentDev-SafeMode - ERROR - Failed to fix all issues after maximum attempts (3).
2025-07-28 00:21:32,340 - AgentDev-SafeMode - INFO - Please manually inspect the code and logs.
2025-07-28 17:14:20,262 - AgentDev-SafeMode - INFO - EthicsChecker initialized with level: high
2025-07-28 17:14:20,262 - AgentDev-SafeMode - INFO - StillMeFramework (simplified) initialized for ethics checks.
2025-07-28 17:14:20,262 - AgentDev-SafeMode - INFO - ðŸš€ Starting AgentDev Main Loop in SafeMode
2025-07-28 17:14:20,263 - AgentDev-SafeMode - INFO - Agent performing self-healing checks for its own dependencies...
2025-07-28 17:14:21,638 - AgentDev-SafeMode - INFO - pylint is installed.
2025-07-28 17:14:22,070 - AgentDev-SafeMode - INFO - pytest is installed.
2025-07-28 17:14:22,505 - AgentDev-SafeMode - INFO - ollama is installed.
2025-07-28 17:14:22,950 - AgentDev-SafeMode - INFO - openai is installed.
2025-07-28 17:14:23,396 - AgentDev-SafeMode - INFO - cryptography is installed.
2025-07-28 17:14:23,825 - AgentDev-SafeMode - INFO - jsonschema is installed.
2025-07-28 17:14:23,866 - AgentDev-SafeMode - INFO - [Docker Sandbox] Running: docker run --rm -v D:\stillme_ai:/app -w /app alpine echo Docker is running
2025-07-28 17:14:24,757 - AgentDev-SafeMode - INFO - Docker is running and accessible.
2025-07-28 17:14:24,757 - AgentDev-SafeMode - INFO - 
--- Attempt 1/3 ---
2025-07-28 17:14:24,802 - AgentDev-SafeMode - INFO - Perceiving environment: Running tests and framework check in sandbox...
2025-07-28 17:14:24,802 - AgentDev-SafeMode - INFO - Running unit tests with pytest in sandbox...
2025-07-28 17:14:24,803 - AgentDev-SafeMode - INFO - [Docker Sandbox] Running: docker run --rm -v D:\stillme_ai:/app -w /app stillme-dev-env pytest -v modules
2025-07-28 17:14:26,543 - AgentDev-SafeMode - WARNING - Tests failed in sandbox. Output:
============================= test session starts ==============================
platform linux -- Python 3.13.5, pytest-8.4.1, pluggy-1.6.0 -- /usr/local/bin/python3.13
cachedir: .pytest_cache
rootdir: /app
plugins: asyncio-1.1.0, anyio-4.9.0
asyncio: mode=Mode.STRICT, asyncio_default_fixture_loop_scope=None, asyncio_default_test_loop_scope=function
collecting ... collected 0 items

============================ no tests ran in 0.16s =============================

2025-07-28 17:14:26,543 - AgentDev-SafeMode - INFO - Running framework file: framework.py in sandbox...
2025-07-28 17:14:26,544 - AgentDev-SafeMode - INFO - [Docker Sandbox] Running: docker run --rm -v D:\stillme_ai:/app -w /app stillme-dev-env python3 framework.py
2025-07-28 17:14:27,371 - AgentDev-SafeMode - INFO - Framework execution passed in sandbox.
2025-07-28 17:14:27,371 - AgentDev-SafeMode - WARNING - Tests failed. Analyzing errors and attempting to fix...
2025-07-28 17:14:27,372 - AgentDev-SafeMode - INFO - Basic error analysis: Type=UnknownError, Msg='============================ no tests ran in 0.16s =============================', File=unknown
2025-07-28 17:14:37,361 - AgentDev-SafeMode - ERROR - AI plan invalid or failed schema validation: Expecting value: line 1 column 1 (char 0). Raw response: ```json
{
  "root_cause": "The error log indicates that no tests were collected or ran. This is likely due to the absence of test files or functions in the specified directory, or the test files/functions are not named according to the pytest conventions (e.g., files should start with 'test_' or end with '_test.py', and test functions should start with 'test_').",
  "fix_strategy_summary": "Ensure that test files and functions are correctly named according to pytest conventions and are located i...
2025-07-28 17:14:37,362 - AgentDev-SafeMode - INFO - Detected UnknownError in unknown: ============================ no tests ran in 0.16s =============================
2025-07-28 17:14:37,362 - AgentDev-SafeMode - INFO - Root Cause: AI plan invalid: Expecting value: line 1 column 1 (char 0)
2025-07-28 17:14:37,362 - AgentDev-SafeMode - INFO - AI Plan: [
  {
    "action": "modify_code",
    "file": "unknown",
    "description": "Attempt a direct fix as AI plan was invalid."
  }
]
2025-07-28 17:14:37,363 - AgentDev-SafeMode - ERROR - File not found for fixing: unknown. Cannot proceed with fix plan.
2025-07-28 17:14:37,363 - AgentDev-SafeMode - INFO - 
--- Attempt 2/3 ---
2025-07-28 17:14:37,407 - AgentDev-SafeMode - INFO - Perceiving environment: Running tests and framework check in sandbox...
2025-07-28 17:14:37,407 - AgentDev-SafeMode - INFO - Running unit tests with pytest in sandbox...
2025-07-28 17:14:37,407 - AgentDev-SafeMode - INFO - [Docker Sandbox] Running: docker run --rm -v D:\stillme_ai:/app -w /app stillme-dev-env pytest -v modules
2025-07-28 17:14:38,757 - AgentDev-SafeMode - WARNING - Tests failed in sandbox. Output:
============================= test session starts ==============================
platform linux -- Python 3.13.5, pytest-8.4.1, pluggy-1.6.0 -- /usr/local/bin/python3.13
cachedir: .pytest_cache
rootdir: /app
plugins: asyncio-1.1.0, anyio-4.9.0
asyncio: mode=Mode.STRICT, asyncio_default_fixture_loop_scope=None, asyncio_default_test_loop_scope=function
collecting ... collected 0 items

============================ no tests ran in 0.13s =============================

2025-07-28 17:14:38,757 - AgentDev-SafeMode - INFO - Running framework file: framework.py in sandbox...
2025-07-28 17:14:38,758 - AgentDev-SafeMode - INFO - [Docker Sandbox] Running: docker run --rm -v D:\stillme_ai:/app -w /app stillme-dev-env python3 framework.py
2025-07-28 17:14:39,594 - AgentDev-SafeMode - INFO - Framework execution passed in sandbox.
2025-07-28 17:14:39,594 - AgentDev-SafeMode - WARNING - Tests failed. Analyzing errors and attempting to fix...
2025-07-28 17:14:39,594 - AgentDev-SafeMode - INFO - Basic error analysis: Type=UnknownError, Msg='============================ no tests ran in 0.13s =============================', File=unknown
2025-07-28 17:14:53,642 - AgentDev-SafeMode - ERROR - AI plan invalid or failed schema validation: Expecting value: line 1 column 1 (char 0). Raw response: ```json
{
  "root_cause": "The error log indicates that no tests were collected or ran. This is likely due to the absence of test files or functions, incorrect test discovery settings, or misconfiguration in the pytest setup.",
  "fix_strategy_summary": "Identify and ensure the presence of test files and functions, verify the pytest configuration, and ensure that the test discovery settings are correctly set up to detect and run tests.",
  "plan": [
    {
      "action": "check_imports",
      "...
2025-07-28 17:14:53,642 - AgentDev-SafeMode - INFO - Detected UnknownError in unknown: ============================ no tests ran in 0.13s =============================
2025-07-28 17:14:53,643 - AgentDev-SafeMode - INFO - Root Cause: AI plan invalid: Expecting value: line 1 column 1 (char 0)
2025-07-28 17:14:53,643 - AgentDev-SafeMode - INFO - AI Plan: [
  {
    "action": "modify_code",
    "file": "unknown",
    "description": "Attempt a direct fix as AI plan was invalid."
  }
]
2025-07-28 17:14:53,643 - AgentDev-SafeMode - ERROR - File not found for fixing: unknown. Cannot proceed with fix plan.
2025-07-28 17:14:53,643 - AgentDev-SafeMode - INFO - 
--- Attempt 3/3 ---
2025-07-28 17:14:53,686 - AgentDev-SafeMode - INFO - Perceiving environment: Running tests and framework check in sandbox...
2025-07-28 17:14:53,686 - AgentDev-SafeMode - INFO - Running unit tests with pytest in sandbox...
2025-07-28 17:14:53,686 - AgentDev-SafeMode - INFO - [Docker Sandbox] Running: docker run --rm -v D:\stillme_ai:/app -w /app stillme-dev-env pytest -v modules
2025-07-28 17:14:55,031 - AgentDev-SafeMode - WARNING - Tests failed in sandbox. Output:
============================= test session starts ==============================
platform linux -- Python 3.13.5, pytest-8.4.1, pluggy-1.6.0 -- /usr/local/bin/python3.13
cachedir: .pytest_cache
rootdir: /app
plugins: asyncio-1.1.0, anyio-4.9.0
asyncio: mode=Mode.STRICT, asyncio_default_fixture_loop_scope=None, asyncio_default_test_loop_scope=function
collecting ... collected 0 items

============================ no tests ran in 0.16s =============================

2025-07-28 17:14:55,031 - AgentDev-SafeMode - INFO - Running framework file: framework.py in sandbox...
2025-07-28 17:14:55,032 - AgentDev-SafeMode - INFO - [Docker Sandbox] Running: docker run --rm -v D:\stillme_ai:/app -w /app stillme-dev-env python3 framework.py
2025-07-28 17:14:55,783 - AgentDev-SafeMode - INFO - Framework execution passed in sandbox.
2025-07-28 17:14:55,783 - AgentDev-SafeMode - WARNING - Tests failed. Analyzing errors and attempting to fix...
2025-07-28 17:14:55,784 - AgentDev-SafeMode - INFO - Basic error analysis: Type=UnknownError, Msg='============================ no tests ran in 0.16s =============================', File=unknown
2025-07-28 17:15:09,897 - AgentDev-SafeMode - ERROR - AI plan invalid or failed schema validation: Expecting value: line 1 column 1 (char 0). Raw response: ```json
{
  "root_cause": "The test suite did not run any tests because no test files or test cases were detected by pytest. This could be due to missing or improperly named test files, or the absence of test functions within the files.",
  "fix_strategy_summary": "Ensure that test files and test functions are correctly named and located so that pytest can discover and execute them. Verify the test discovery configuration and add or correct tests as necessary.",
  "plan": [
    {
      "action":...
2025-07-28 17:15:09,897 - AgentDev-SafeMode - INFO - Detected UnknownError in unknown: ============================ no tests ran in 0.16s =============================
2025-07-28 17:15:09,898 - AgentDev-SafeMode - INFO - Root Cause: AI plan invalid: Expecting value: line 1 column 1 (char 0)
2025-07-28 17:15:09,898 - AgentDev-SafeMode - INFO - AI Plan: [
  {
    "action": "modify_code",
    "file": "unknown",
    "description": "Attempt a direct fix as AI plan was invalid."
  }
]
2025-07-28 17:15:09,898 - AgentDev-SafeMode - ERROR - File not found for fixing: unknown. Cannot proceed with fix plan.
2025-07-28 17:15:09,899 - AgentDev-SafeMode - ERROR - Failed to fix all issues after maximum attempts (3).
2025-07-28 17:15:09,899 - AgentDev-SafeMode - INFO - Please manually inspect the code and logs.
2025-07-28 17:23:08,234 - AgentDev-SafeMode - INFO - EthicsChecker initialized with level: high
2025-07-28 17:23:08,234 - AgentDev-SafeMode - INFO - StillMeFramework (simplified) initialized for ethics checks.
2025-07-28 17:23:08,234 - AgentDev-SafeMode - INFO - ðŸš€ Starting AgentDev Main Loop in SafeMode
2025-07-28 17:23:08,235 - AgentDev-SafeMode - INFO - Agent performing self-healing checks for its own dependencies...
2025-07-28 17:23:08,694 - AgentDev-SafeMode - INFO - pylint is installed.
2025-07-28 17:23:09,130 - AgentDev-SafeMode - INFO - pytest is installed.
2025-07-28 17:23:09,548 - AgentDev-SafeMode - INFO - ollama is installed.
2025-07-28 17:23:09,976 - AgentDev-SafeMode - INFO - openai is installed.
2025-07-28 17:23:10,439 - AgentDev-SafeMode - INFO - cryptography is installed.
2025-07-28 17:23:10,890 - AgentDev-SafeMode - INFO - jsonschema is installed.
2025-07-28 17:23:10,932 - AgentDev-SafeMode - INFO - [Docker Sandbox] Running: docker run --rm -v D:\stillme_ai:/app -w /app alpine echo Docker is running
2025-07-28 17:23:11,718 - AgentDev-SafeMode - INFO - Docker is running and accessible.
2025-07-28 17:23:11,718 - AgentDev-SafeMode - INFO - 
--- Attempt 1/3 ---
2025-07-28 17:23:11,759 - AgentDev-SafeMode - INFO - Perceiving environment: Running tests and framework check in sandbox...
2025-07-28 17:23:11,759 - AgentDev-SafeMode - INFO - Running unit tests with pytest in sandbox...
2025-07-28 17:23:11,759 - AgentDev-SafeMode - INFO - [Docker Sandbox] Running: docker run --rm -v D:\stillme_ai:/app -w /app stillme-dev-env pytest -v tests modules
2025-07-28 17:23:14,680 - AgentDev-SafeMode - WARNING - Tests failed in sandbox. Output:
============================= test session starts ==============================
platform linux -- Python 3.13.5, pytest-8.4.1, pluggy-1.6.0 -- /usr/local/bin/python3.13
cachedir: .pytest_cache
rootdir: /app
plugins: asyncio-1.1.0, anyio-4.9.0
asyncio: mode=Mode.STRICT, asyncio_default_fixture_loop_scope=None, asyncio_default_test_loop_scope=function
collecting ... collected 45 items / 1 error

==================================== ERRORS ====================================
_______________ ERROR collecting tests/test_layered_memory_v1.py _______________
ImportError while importing test module '/app/tests/test_layered_memory_v1.py'.
Hint: make sure your test modules/packages have valid Python names.
Traceback:
/usr/local/lib/python3.13/importlib/__init__.py:88: in import_module
    return _bootstrap._gcd_import(name[level:], package, level)
           ^^^^^^^^^^^^^^^^^^^^^^^^^^^^^^^^^^^^^^^^^^^^^^^^^^^^
D:\stillme_ai\tests\test_layered_memory_v1.py:15: in <module>
    ???
modules/layered_memory_v1.py:12: in <module>
    import numpy as np
E   ModuleNotFoundError: No module named 'numpy'
=============================== warnings summary ===============================
tests/test_conversational_core_v1.py:7
  /app/tests/test_conversational_core_v1.py:7: PytestCollectionWarning: cannot collect test class 'TestPersonaEngine' because it has a __init__ constructor (from: tests/test_conversational_core_v1.py)
    class TestPersonaEngine:

D:\stillme_ai\tests\test_ethical_core_system_v1.py:149
  D:\stillme_ai\tests\test_ethical_core_system_v1.py:149: PytestUnknownMarkWarning: Unknown pytest.mark.benchmark - is this a typo?  You can register custom marks to avoid this warning - for details, see https://docs.pytest.org/en/stable/how-to/mark.html

D:\stillme_ai\tests\test_ethical_core_system_v1.py:154
  D:\stillme_ai\tests\test_ethical_core_system_v1.py:154: PytestUnknownMarkWarning: Unknown pytest.mark.benchmark - is this a typo?  You can register custom marks to avoid this warning - for details, see https://docs.pytest.org/en/stable/how-to/mark.html

-- Docs: https://docs.pytest.org/en/stable/how-to/capture-warnings.html
=========================== short test summary info ============================
ERROR tests/test_layered_memory_v1.py
!!!!!!!!!!!!!!!!!!!! Interrupted: 1 error during collection !!!!!!!!!!!!!!!!!!!!
========================= 3 warnings, 1 error in 1.55s =========================

2025-07-28 17:23:14,681 - AgentDev-SafeMode - INFO - Running framework file: framework.py in sandbox...
2025-07-28 17:23:14,681 - AgentDev-SafeMode - INFO - [Docker Sandbox] Running: docker run --rm -v D:\stillme_ai:/app -w /app stillme-dev-env python3 framework.py
2025-07-28 17:23:15,486 - AgentDev-SafeMode - INFO - Framework execution passed in sandbox.
2025-07-28 17:23:15,486 - AgentDev-SafeMode - WARNING - Tests failed. Analyzing errors and attempting to fix...
2025-07-28 17:23:15,487 - AgentDev-SafeMode - INFO - Basic error analysis: Type=UnknownError, Msg='========================= 3 warnings, 1 error in 1.55s =========================', File=unknown
2025-07-28 17:23:23,615 - AgentDev-SafeMode - ERROR - AI plan invalid or failed schema validation: Expecting value: line 1 column 1 (char 0). Raw response: ```json
{
  "root_cause": "The error is caused by a missing dependency, 'numpy', which is required by the module 'layered_memory_v1.py'. This results in a ModuleNotFoundError when pytest attempts to import the module for testing.",
  "fix_strategy_summary": "The primary strategy is to ensure that all necessary dependencies, particularly 'numpy', are installed in the environment where the tests are being executed. Additionally, address any warnings to improve the overall quality of the test suite...
2025-07-28 17:23:23,615 - AgentDev-SafeMode - INFO - Detected UnknownError in unknown: ========================= 3 warnings, 1 error in 1.55s =========================
2025-07-28 17:23:23,615 - AgentDev-SafeMode - INFO - Root Cause: AI plan invalid: Expecting value: line 1 column 1 (char 0)
2025-07-28 17:23:23,616 - AgentDev-SafeMode - INFO - AI Plan: [
  {
    "action": "modify_code",
    "file": "unknown",
    "description": "Attempt a direct fix as AI plan was invalid."
  }
]
2025-07-28 17:23:23,616 - AgentDev-SafeMode - ERROR - File not found for fixing: unknown. Cannot proceed with fix plan.
2025-07-28 17:23:23,616 - AgentDev-SafeMode - INFO - 
--- Attempt 2/3 ---
2025-07-28 17:23:23,659 - AgentDev-SafeMode - INFO - Perceiving environment: Running tests and framework check in sandbox...
2025-07-28 17:23:23,659 - AgentDev-SafeMode - INFO - Running unit tests with pytest in sandbox...
2025-07-28 17:23:23,659 - AgentDev-SafeMode - INFO - [Docker Sandbox] Running: docker run --rm -v D:\stillme_ai:/app -w /app stillme-dev-env pytest -v tests modules
2025-07-28 17:23:25,941 - AgentDev-SafeMode - WARNING - Tests failed in sandbox. Output:
============================= test session starts ==============================
platform linux -- Python 3.13.5, pytest-8.4.1, pluggy-1.6.0 -- /usr/local/bin/python3.13
cachedir: .pytest_cache
rootdir: /app
plugins: asyncio-1.1.0, anyio-4.9.0
asyncio: mode=Mode.STRICT, asyncio_default_fixture_loop_scope=None, asyncio_default_test_loop_scope=function
collecting ... collected 45 items / 1 error

==================================== ERRORS ====================================
_______________ ERROR collecting tests/test_layered_memory_v1.py _______________
ImportError while importing test module '/app/tests/test_layered_memory_v1.py'.
Hint: make sure your test modules/packages have valid Python names.
Traceback:
/usr/local/lib/python3.13/importlib/__init__.py:88: in import_module
    return _bootstrap._gcd_import(name[level:], package, level)
           ^^^^^^^^^^^^^^^^^^^^^^^^^^^^^^^^^^^^^^^^^^^^^^^^^^^^
D:\stillme_ai\tests\test_layered_memory_v1.py:15: in <module>
    ???
modules/layered_memory_v1.py:12: in <module>
    import numpy as np
E   ModuleNotFoundError: No module named 'numpy'
=============================== warnings summary ===============================
tests/test_conversational_core_v1.py:7
  /app/tests/test_conversational_core_v1.py:7: PytestCollectionWarning: cannot collect test class 'TestPersonaEngine' because it has a __init__ constructor (from: tests/test_conversational_core_v1.py)
    class TestPersonaEngine:

D:\stillme_ai\tests\test_ethical_core_system_v1.py:149
  D:\stillme_ai\tests\test_ethical_core_system_v1.py:149: PytestUnknownMarkWarning: Unknown pytest.mark.benchmark - is this a typo?  You can register custom marks to avoid this warning - for details, see https://docs.pytest.org/en/stable/how-to/mark.html

D:\stillme_ai\tests\test_ethical_core_system_v1.py:154
  D:\stillme_ai\tests\test_ethical_core_system_v1.py:154: PytestUnknownMarkWarning: Unknown pytest.mark.benchmark - is this a typo?  You can register custom marks to avoid this warning - for details, see https://docs.pytest.org/en/stable/how-to/mark.html

-- Docs: https://docs.pytest.org/en/stable/how-to/capture-warnings.html
=========================== short test summary info ============================
ERROR tests/test_layered_memory_v1.py
!!!!!!!!!!!!!!!!!!!! Interrupted: 1 error during collection !!!!!!!!!!!!!!!!!!!!
========================= 3 warnings, 1 error in 1.00s =========================

2025-07-28 17:23:25,942 - AgentDev-SafeMode - INFO - Running framework file: framework.py in sandbox...
2025-07-28 17:23:25,942 - AgentDev-SafeMode - INFO - [Docker Sandbox] Running: docker run --rm -v D:\stillme_ai:/app -w /app stillme-dev-env python3 framework.py
2025-07-28 17:23:26,719 - AgentDev-SafeMode - INFO - Framework execution passed in sandbox.
2025-07-28 17:23:26,719 - AgentDev-SafeMode - WARNING - Tests failed. Analyzing errors and attempting to fix...
2025-07-28 17:23:26,719 - AgentDev-SafeMode - INFO - Basic error analysis: Type=UnknownError, Msg='========================= 3 warnings, 1 error in 1.00s =========================', File=unknown
2025-07-28 17:23:34,683 - AgentDev-SafeMode - ERROR - AI plan invalid or failed schema validation: Expecting value: line 1 column 1 (char 0). Raw response: ```json
{
  "root_cause": "The error is caused by a missing 'numpy' module, which is required by the 'layered_memory_v1.py' module. This results in a ModuleNotFoundError during the test collection phase.",
  "fix_strategy_summary": "The strategy involves installing the missing 'numpy' dependency and ensuring that all required modules are correctly imported and available. Additionally, address any warnings related to test collection and custom pytest marks.",
  "plan": [
    {
      "action": "in...
2025-07-28 17:23:34,684 - AgentDev-SafeMode - INFO - Detected UnknownError in unknown: ========================= 3 warnings, 1 error in 1.00s =========================
2025-07-28 17:23:34,684 - AgentDev-SafeMode - INFO - Root Cause: AI plan invalid: Expecting value: line 1 column 1 (char 0)
2025-07-28 17:23:34,685 - AgentDev-SafeMode - INFO - AI Plan: [
  {
    "action": "modify_code",
    "file": "unknown",
    "description": "Attempt a direct fix as AI plan was invalid."
  }
]
2025-07-28 17:23:34,685 - AgentDev-SafeMode - ERROR - File not found for fixing: unknown. Cannot proceed with fix plan.
2025-07-28 17:23:34,685 - AgentDev-SafeMode - INFO - 
--- Attempt 3/3 ---
2025-07-28 17:23:34,729 - AgentDev-SafeMode - INFO - Perceiving environment: Running tests and framework check in sandbox...
2025-07-28 17:23:34,729 - AgentDev-SafeMode - INFO - Running unit tests with pytest in sandbox...
2025-07-28 17:23:34,730 - AgentDev-SafeMode - INFO - [Docker Sandbox] Running: docker run --rm -v D:\stillme_ai:/app -w /app stillme-dev-env pytest -v tests modules
2025-07-28 17:23:36,967 - AgentDev-SafeMode - WARNING - Tests failed in sandbox. Output:
============================= test session starts ==============================
platform linux -- Python 3.13.5, pytest-8.4.1, pluggy-1.6.0 -- /usr/local/bin/python3.13
cachedir: .pytest_cache
rootdir: /app
plugins: asyncio-1.1.0, anyio-4.9.0
asyncio: mode=Mode.STRICT, asyncio_default_fixture_loop_scope=None, asyncio_default_test_loop_scope=function
collecting ... collected 45 items / 1 error

==================================== ERRORS ====================================
_______________ ERROR collecting tests/test_layered_memory_v1.py _______________
ImportError while importing test module '/app/tests/test_layered_memory_v1.py'.
Hint: make sure your test modules/packages have valid Python names.
Traceback:
/usr/local/lib/python3.13/importlib/__init__.py:88: in import_module
    return _bootstrap._gcd_import(name[level:], package, level)
           ^^^^^^^^^^^^^^^^^^^^^^^^^^^^^^^^^^^^^^^^^^^^^^^^^^^^
D:\stillme_ai\tests\test_layered_memory_v1.py:15: in <module>
    ???
modules/layered_memory_v1.py:12: in <module>
    import numpy as np
E   ModuleNotFoundError: No module named 'numpy'
=============================== warnings summary ===============================
tests/test_conversational_core_v1.py:7
  /app/tests/test_conversational_core_v1.py:7: PytestCollectionWarning: cannot collect test class 'TestPersonaEngine' because it has a __init__ constructor (from: tests/test_conversational_core_v1.py)
    class TestPersonaEngine:

D:\stillme_ai\tests\test_ethical_core_system_v1.py:149
  D:\stillme_ai\tests\test_ethical_core_system_v1.py:149: PytestUnknownMarkWarning: Unknown pytest.mark.benchmark - is this a typo?  You can register custom marks to avoid this warning - for details, see https://docs.pytest.org/en/stable/how-to/mark.html

D:\stillme_ai\tests\test_ethical_core_system_v1.py:154
  D:\stillme_ai\tests\test_ethical_core_system_v1.py:154: PytestUnknownMarkWarning: Unknown pytest.mark.benchmark - is this a typo?  You can register custom marks to avoid this warning - for details, see https://docs.pytest.org/en/stable/how-to/mark.html

-- Docs: https://docs.pytest.org/en/stable/how-to/capture-warnings.html
=========================== short test summary info ============================
ERROR tests/test_layered_memory_v1.py
!!!!!!!!!!!!!!!!!!!! Interrupted: 1 error during collection !!!!!!!!!!!!!!!!!!!!
========================= 3 warnings, 1 error in 0.97s =========================

2025-07-28 17:23:36,968 - AgentDev-SafeMode - INFO - Running framework file: framework.py in sandbox...
2025-07-28 17:23:36,969 - AgentDev-SafeMode - INFO - [Docker Sandbox] Running: docker run --rm -v D:\stillme_ai:/app -w /app stillme-dev-env python3 framework.py
2025-07-28 17:23:37,720 - AgentDev-SafeMode - INFO - Framework execution passed in sandbox.
2025-07-28 17:23:37,721 - AgentDev-SafeMode - WARNING - Tests failed. Analyzing errors and attempting to fix...
2025-07-28 17:23:37,721 - AgentDev-SafeMode - INFO - Basic error analysis: Type=UnknownError, Msg='========================= 3 warnings, 1 error in 0.97s =========================', File=unknown
2025-07-28 17:23:47,013 - AgentDev-SafeMode - ERROR - AI plan invalid or failed schema validation: Expecting value: line 1 column 1 (char 0). Raw response: ```json
{
  "root_cause": "The error is caused by a missing dependency, specifically the 'numpy' module, which is required by the 'layered_memory_v1.py' module.",
  "fix_strategy_summary": "The primary strategy is to ensure that all necessary dependencies, including 'numpy', are installed in the environment. Additionally, address any warnings related to test collection and custom marks to improve test reliability.",
  "plan": [
    {
      "action": "install_deps",
      "file": "",
      "descr...
2025-07-28 17:23:47,013 - AgentDev-SafeMode - INFO - Detected UnknownError in unknown: ========================= 3 warnings, 1 error in 0.97s =========================
2025-07-28 17:23:47,013 - AgentDev-SafeMode - INFO - Root Cause: AI plan invalid: Expecting value: line 1 column 1 (char 0)
2025-07-28 17:23:47,014 - AgentDev-SafeMode - INFO - AI Plan: [
  {
    "action": "modify_code",
    "file": "unknown",
    "description": "Attempt a direct fix as AI plan was invalid."
  }
]
2025-07-28 17:23:47,014 - AgentDev-SafeMode - ERROR - File not found for fixing: unknown. Cannot proceed with fix plan.
2025-07-28 17:23:47,014 - AgentDev-SafeMode - ERROR - Failed to fix all issues after maximum attempts (3).
2025-07-28 17:23:47,014 - AgentDev-SafeMode - INFO - Please manually inspect the code and logs.
2025-07-28 17:56:24,198 - AgentDev-SafeMode - INFO - EthicsChecker initialized with level: high
2025-07-28 17:56:24,198 - AgentDev-SafeMode - INFO - StillMeFramework (simplified) initialized for ethics checks.
2025-07-28 17:56:24,199 - AgentDev-SafeMode - INFO - ðŸš€ Starting AgentDev Main Loop in SafeMode
2025-07-28 17:56:24,199 - AgentDev-SafeMode - INFO - Agent performing self-healing checks for its own dependencies...
2025-07-28 17:56:25,412 - AgentDev-SafeMode - INFO - pylint is installed.
2025-07-28 17:56:25,878 - AgentDev-SafeMode - INFO - pytest is installed.
2025-07-28 17:56:26,305 - AgentDev-SafeMode - INFO - ollama is installed.
2025-07-28 17:56:26,756 - AgentDev-SafeMode - INFO - openai is installed.
2025-07-28 17:56:27,197 - AgentDev-SafeMode - INFO - cryptography is installed.
2025-07-28 17:56:27,616 - AgentDev-SafeMode - INFO - jsonschema is installed.
2025-07-28 17:56:27,653 - AgentDev-SafeMode - INFO - [Docker Sandbox] Running: docker run --rm -v D:\stillme_ai:/app -w /app alpine echo Docker is running
2025-07-28 17:56:28,415 - AgentDev-SafeMode - INFO - Docker is running and accessible.
2025-07-28 17:56:28,415 - AgentDev-SafeMode - INFO - 
--- Attempt 1/3 ---
2025-07-28 17:56:28,460 - AgentDev-SafeMode - INFO - Perceiving environment: Running tests and framework check in sandbox...
2025-07-28 17:56:28,460 - AgentDev-SafeMode - INFO - Running unit tests with pytest in sandbox...
2025-07-28 17:56:28,460 - AgentDev-SafeMode - INFO - [Docker Sandbox] Running: docker run --rm -v D:\stillme_ai:/app -w /app stillme-dev-env pytest -v tests modules
2025-07-28 17:56:31,854 - AgentDev-SafeMode - ERROR - Sandbox execution failed: unsupported operand type(s) for +: 'NoneType' and 'str'
2025-07-28 17:56:31,854 - AgentDev-SafeMode - WARNING - Tests failed in sandbox. Output:
unsupported operand type(s) for +: 'NoneType' and 'str'
2025-07-28 17:56:31,855 - AgentDev-SafeMode - INFO - Running framework file: framework.py in sandbox...
2025-07-28 17:56:31,855 - AgentDev-SafeMode - INFO - [Docker Sandbox] Running: docker run --rm -v D:\stillme_ai:/app -w /app stillme-dev-env python3 framework.py
2025-07-28 17:56:32,635 - AgentDev-SafeMode - INFO - Framework execution passed in sandbox.
2025-07-28 17:56:32,635 - AgentDev-SafeMode - WARNING - Tests failed. Analyzing errors and attempting to fix...
2025-07-28 17:56:32,635 - AgentDev-SafeMode - INFO - Basic error analysis: Type=UnknownError, Msg='unsupported operand type(s) for +: 'NoneType' and 'str'', File=unknown
2025-07-28 17:56:39,988 - AgentDev-SafeMode - ERROR - AI plan invalid or failed schema validation: Expecting value: line 1 column 1 (char 0). Raw response: ```json
{
  "root_cause": "The error indicates that there is an attempt to concatenate a 'NoneType' with a 'str'. This typically happens when a variable expected to be a string is actually 'None'. This could be due to a function returning 'None' or a variable not being initialized properly.",
  "fix_strategy_summary": "Identify the variable causing the issue and ensure it is properly initialized or assigned a non-None value before concatenation. Add checks or default values where necessary to pr...
2025-07-28 17:56:39,988 - AgentDev-SafeMode - INFO - Detected UnknownError in unknown: unsupported operand type(s) for +: 'NoneType' and 'str'
2025-07-28 17:56:39,988 - AgentDev-SafeMode - INFO - Root Cause: AI plan invalid: Expecting value: line 1 column 1 (char 0)
2025-07-28 17:56:39,989 - AgentDev-SafeMode - INFO - AI Plan: [
  {
    "action": "modify_code",
    "file": "unknown",
    "description": "Attempt a direct fix as AI plan was invalid."
  }
]
2025-07-28 17:56:39,989 - AgentDev-SafeMode - ERROR - File not found for fixing: unknown. Cannot proceed with fix plan.
2025-07-28 17:56:39,989 - AgentDev-SafeMode - INFO - 
--- Attempt 2/3 ---
2025-07-28 17:56:40,032 - AgentDev-SafeMode - INFO - Perceiving environment: Running tests and framework check in sandbox...
2025-07-28 17:56:40,033 - AgentDev-SafeMode - INFO - Running unit tests with pytest in sandbox...
2025-07-28 17:56:40,033 - AgentDev-SafeMode - INFO - [Docker Sandbox] Running: docker run --rm -v D:\stillme_ai:/app -w /app stillme-dev-env pytest -v tests modules
2025-07-28 17:56:42,830 - AgentDev-SafeMode - ERROR - Sandbox execution failed: unsupported operand type(s) for +: 'NoneType' and 'str'
2025-07-28 17:56:42,830 - AgentDev-SafeMode - WARNING - Tests failed in sandbox. Output:
unsupported operand type(s) for +: 'NoneType' and 'str'
2025-07-28 17:56:42,830 - AgentDev-SafeMode - INFO - Running framework file: framework.py in sandbox...
2025-07-28 17:56:42,831 - AgentDev-SafeMode - INFO - [Docker Sandbox] Running: docker run --rm -v D:\stillme_ai:/app -w /app stillme-dev-env python3 framework.py
2025-07-28 17:56:43,685 - AgentDev-SafeMode - INFO - Framework execution passed in sandbox.
2025-07-28 17:56:43,685 - AgentDev-SafeMode - WARNING - Tests failed. Analyzing errors and attempting to fix...
2025-07-28 17:56:43,686 - AgentDev-SafeMode - INFO - Basic error analysis: Type=UnknownError, Msg='unsupported operand type(s) for +: 'NoneType' and 'str'', File=unknown
2025-07-28 17:56:51,292 - AgentDev-SafeMode - ERROR - AI plan invalid or failed schema validation: Expecting value: line 1 column 1 (char 0). Raw response: ```json
{
  "root_cause": "The error indicates that a NoneType object is being used in a string concatenation operation. This typically happens when a variable that is expected to hold a string value is actually None, possibly due to a missing return statement or an uninitialized variable.",
  "fix_strategy_summary": "Identify the variable causing the issue, ensure it is properly initialized or assigned a string value before any concatenation operation, and add tests to prevent future occurrence...
2025-07-28 17:56:51,292 - AgentDev-SafeMode - INFO - Detected UnknownError in unknown: unsupported operand type(s) for +: 'NoneType' and 'str'
2025-07-28 17:56:51,293 - AgentDev-SafeMode - INFO - Root Cause: AI plan invalid: Expecting value: line 1 column 1 (char 0)
2025-07-28 17:56:51,293 - AgentDev-SafeMode - INFO - AI Plan: [
  {
    "action": "modify_code",
    "file": "unknown",
    "description": "Attempt a direct fix as AI plan was invalid."
  }
]
2025-07-28 17:56:51,293 - AgentDev-SafeMode - ERROR - File not found for fixing: unknown. Cannot proceed with fix plan.
2025-07-28 17:56:51,293 - AgentDev-SafeMode - INFO - 
--- Attempt 3/3 ---
2025-07-28 17:56:51,334 - AgentDev-SafeMode - INFO - Perceiving environment: Running tests and framework check in sandbox...
2025-07-28 17:56:51,334 - AgentDev-SafeMode - INFO - Running unit tests with pytest in sandbox...
2025-07-28 17:56:51,335 - AgentDev-SafeMode - INFO - [Docker Sandbox] Running: docker run --rm -v D:\stillme_ai:/app -w /app stillme-dev-env pytest -v tests modules
2025-07-28 17:56:54,072 - AgentDev-SafeMode - ERROR - Sandbox execution failed: unsupported operand type(s) for +: 'NoneType' and 'str'
2025-07-28 17:56:54,072 - AgentDev-SafeMode - WARNING - Tests failed in sandbox. Output:
unsupported operand type(s) for +: 'NoneType' and 'str'
2025-07-28 17:56:54,073 - AgentDev-SafeMode - INFO - Running framework file: framework.py in sandbox...
2025-07-28 17:56:54,073 - AgentDev-SafeMode - INFO - [Docker Sandbox] Running: docker run --rm -v D:\stillme_ai:/app -w /app stillme-dev-env python3 framework.py
2025-07-28 17:56:54,800 - AgentDev-SafeMode - INFO - Framework execution passed in sandbox.
2025-07-28 17:56:54,801 - AgentDev-SafeMode - WARNING - Tests failed. Analyzing errors and attempting to fix...
2025-07-28 17:56:54,801 - AgentDev-SafeMode - INFO - Basic error analysis: Type=UnknownError, Msg='unsupported operand type(s) for +: 'NoneType' and 'str'', File=unknown
2025-07-28 17:57:01,393 - AgentDev-SafeMode - ERROR - AI plan invalid or failed schema validation: Expecting value: line 1 column 1 (char 0). Raw response: ```json
{
  "root_cause": "The error indicates that there is an attempt to concatenate a 'NoneType' object with a string. This typically happens when a variable that is expected to hold a string value is instead 'None'. This could be due to a function returning 'None' or a variable not being initialized properly before use.",
  "fix_strategy_summary": "Identify the variable that is 'None' and ensure it is properly initialized or assigned a string value before it is used in a concatenation operat...
2025-07-28 17:57:01,393 - AgentDev-SafeMode - INFO - Detected UnknownError in unknown: unsupported operand type(s) for +: 'NoneType' and 'str'
2025-07-28 17:57:01,394 - AgentDev-SafeMode - INFO - Root Cause: AI plan invalid: Expecting value: line 1 column 1 (char 0)
2025-07-28 17:57:01,394 - AgentDev-SafeMode - INFO - AI Plan: [
  {
    "action": "modify_code",
    "file": "unknown",
    "description": "Attempt a direct fix as AI plan was invalid."
  }
]
2025-07-28 17:57:01,394 - AgentDev-SafeMode - ERROR - File not found for fixing: unknown. Cannot proceed with fix plan.
2025-07-28 17:57:01,394 - AgentDev-SafeMode - ERROR - Failed to fix all issues after maximum attempts (3).
2025-07-28 17:57:01,395 - AgentDev-SafeMode - INFO - Please manually inspect the code and logs.
2025-07-28 17:58:46,022 - AgentDev-SafeMode - INFO - EthicsChecker initialized with level: high
2025-07-28 17:58:46,022 - AgentDev-SafeMode - INFO - StillMeFramework (simplified) initialized for ethics checks.
2025-07-28 17:58:46,023 - AgentDev-SafeMode - INFO - ðŸš€ Starting AgentDev Main Loop in SafeMode
2025-07-28 17:58:46,023 - AgentDev-SafeMode - INFO - Agent performing self-healing checks for its own dependencies...
2025-07-28 17:58:46,463 - AgentDev-SafeMode - INFO - pylint is installed.
2025-07-28 17:58:46,877 - AgentDev-SafeMode - INFO - pytest is installed.
2025-07-28 17:58:47,294 - AgentDev-SafeMode - INFO - ollama is installed.
2025-07-28 17:58:47,743 - AgentDev-SafeMode - INFO - openai is installed.
2025-07-28 17:58:48,171 - AgentDev-SafeMode - INFO - cryptography is installed.
2025-07-28 17:58:48,621 - AgentDev-SafeMode - INFO - jsonschema is installed.
2025-07-28 17:58:48,657 - AgentDev-SafeMode - INFO - [Docker Sandbox] Running: docker run --rm -v D:\stillme_ai:/app -w /app alpine echo Docker is running
2025-07-28 17:58:49,407 - AgentDev-SafeMode - INFO - Docker is running and accessible.
2025-07-28 17:58:49,407 - AgentDev-SafeMode - INFO - 
--- Attempt 1/3 ---
2025-07-28 17:58:49,453 - AgentDev-SafeMode - INFO - Perceiving environment: Running tests and framework check in sandbox...
2025-07-28 17:58:49,453 - AgentDev-SafeMode - INFO - Running unit tests with pytest in sandbox...
2025-07-28 17:58:49,453 - AgentDev-SafeMode - INFO - [Docker Sandbox] Running: docker run --rm -v D:\stillme_ai:/app -w /app stillme-dev-env pytest -v tests modules
2025-07-28 17:58:53,025 - AgentDev-SafeMode - ERROR - Sandbox execution failed: unsupported operand type(s) for +: 'NoneType' and 'str'
2025-07-28 17:58:53,025 - AgentDev-SafeMode - WARNING - Tests failed in sandbox. Output:
unsupported operand type(s) for +: 'NoneType' and 'str'
2025-07-28 17:58:53,025 - AgentDev-SafeMode - INFO - Running framework file: framework.py in sandbox...
2025-07-28 17:58:53,026 - AgentDev-SafeMode - INFO - [Docker Sandbox] Running: docker run --rm -v D:\stillme_ai:/app -w /app stillme-dev-env python3 framework.py
2025-07-28 17:58:53,877 - AgentDev-SafeMode - INFO - Framework execution passed in sandbox.
2025-07-28 17:58:53,877 - AgentDev-SafeMode - WARNING - Tests failed. Analyzing errors and attempting to fix...
2025-07-28 17:58:53,878 - AgentDev-SafeMode - INFO - Basic error analysis: Type=UnknownError, Msg='unsupported operand type(s) for +: 'NoneType' and 'str'', File=unknown
2025-07-28 17:59:02,513 - AgentDev-SafeMode - ERROR - AI plan invalid or failed schema validation: Expecting value: line 1 column 1 (char 0). Raw response: ```json
{
  "root_cause": "The error indicates that there is an attempt to concatenate a 'NoneType' object with a string. This typically occurs when a variable expected to hold a string is actually 'None', likely due to a missing or incorrect assignment or return value from a function.",
  "fix_strategy_summary": "Identify the variable that is 'None' when it should be a string, and ensure it is properly initialized or assigned a valid string value before concatenation. Add error handling to prev...
2025-07-28 17:59:02,513 - AgentDev-SafeMode - INFO - Detected UnknownError in unknown: unsupported operand type(s) for +: 'NoneType' and 'str'
2025-07-28 17:59:02,513 - AgentDev-SafeMode - INFO - Root Cause: AI plan invalid: Expecting value: line 1 column 1 (char 0)
2025-07-28 17:59:02,514 - AgentDev-SafeMode - INFO - AI Plan: [
  {
    "action": "modify_code",
    "file": "unknown",
    "description": "Attempt a direct fix as AI plan was invalid."
  }
]
2025-07-28 17:59:02,514 - AgentDev-SafeMode - ERROR - File not found for fixing: unknown. Cannot proceed with fix plan.
2025-07-28 17:59:02,514 - AgentDev-SafeMode - INFO - 
--- Attempt 2/3 ---
2025-07-28 17:59:02,557 - AgentDev-SafeMode - INFO - Perceiving environment: Running tests and framework check in sandbox...
2025-07-28 17:59:02,558 - AgentDev-SafeMode - INFO - Running unit tests with pytest in sandbox...
2025-07-28 17:59:02,558 - AgentDev-SafeMode - INFO - [Docker Sandbox] Running: docker run --rm -v D:\stillme_ai:/app -w /app stillme-dev-env pytest -v tests modules
2025-07-28 17:59:05,347 - AgentDev-SafeMode - ERROR - Sandbox execution failed: unsupported operand type(s) for +: 'NoneType' and 'str'
2025-07-28 17:59:05,347 - AgentDev-SafeMode - WARNING - Tests failed in sandbox. Output:
unsupported operand type(s) for +: 'NoneType' and 'str'
2025-07-28 17:59:05,347 - AgentDev-SafeMode - INFO - Running framework file: framework.py in sandbox...
2025-07-28 17:59:05,347 - AgentDev-SafeMode - INFO - [Docker Sandbox] Running: docker run --rm -v D:\stillme_ai:/app -w /app stillme-dev-env python3 framework.py
2025-07-28 17:59:06,113 - AgentDev-SafeMode - INFO - Framework execution passed in sandbox.
2025-07-28 17:59:06,113 - AgentDev-SafeMode - WARNING - Tests failed. Analyzing errors and attempting to fix...
2025-07-28 17:59:06,113 - AgentDev-SafeMode - INFO - Basic error analysis: Type=UnknownError, Msg='unsupported operand type(s) for +: 'NoneType' and 'str'', File=unknown
2025-07-28 17:59:13,189 - AgentDev-SafeMode - ERROR - AI plan invalid or failed schema validation: Expecting value: line 1 column 1 (char 0). Raw response: ```json
{
  "root_cause": "The error indicates that a NoneType object is being added to a string. This typically occurs when a variable expected to hold a string value is actually None, possibly due to a missing return statement or incorrect initialization.",
  "fix_strategy_summary": "Identify the variable that is None and ensure it is properly initialized with a string value. Add checks or default values to prevent None from being used in string operations.",
  "plan": [
    {
      "action": ...
2025-07-28 17:59:13,190 - AgentDev-SafeMode - INFO - Detected UnknownError in unknown: unsupported operand type(s) for +: 'NoneType' and 'str'
2025-07-28 17:59:13,190 - AgentDev-SafeMode - INFO - Root Cause: AI plan invalid: Expecting value: line 1 column 1 (char 0)
2025-07-28 17:59:13,190 - AgentDev-SafeMode - INFO - AI Plan: [
  {
    "action": "modify_code",
    "file": "unknown",
    "description": "Attempt a direct fix as AI plan was invalid."
  }
]
2025-07-28 17:59:13,191 - AgentDev-SafeMode - ERROR - File not found for fixing: unknown. Cannot proceed with fix plan.
2025-07-28 17:59:13,191 - AgentDev-SafeMode - INFO - 
--- Attempt 3/3 ---
2025-07-28 17:59:13,229 - AgentDev-SafeMode - INFO - Perceiving environment: Running tests and framework check in sandbox...
2025-07-28 17:59:13,229 - AgentDev-SafeMode - INFO - Running unit tests with pytest in sandbox...
2025-07-28 17:59:13,229 - AgentDev-SafeMode - INFO - [Docker Sandbox] Running: docker run --rm -v D:\stillme_ai:/app -w /app stillme-dev-env pytest -v tests modules
2025-07-28 17:59:15,891 - AgentDev-SafeMode - ERROR - Sandbox execution failed: unsupported operand type(s) for +: 'NoneType' and 'str'
2025-07-28 17:59:15,891 - AgentDev-SafeMode - WARNING - Tests failed in sandbox. Output:
unsupported operand type(s) for +: 'NoneType' and 'str'
2025-07-28 17:59:15,892 - AgentDev-SafeMode - INFO - Running framework file: framework.py in sandbox...
2025-07-28 17:59:15,892 - AgentDev-SafeMode - INFO - [Docker Sandbox] Running: docker run --rm -v D:\stillme_ai:/app -w /app stillme-dev-env python3 framework.py
2025-07-28 17:59:16,644 - AgentDev-SafeMode - INFO - Framework execution passed in sandbox.
2025-07-28 17:59:16,644 - AgentDev-SafeMode - WARNING - Tests failed. Analyzing errors and attempting to fix...
2025-07-28 17:59:16,645 - AgentDev-SafeMode - INFO - Basic error analysis: Type=UnknownError, Msg='unsupported operand type(s) for +: 'NoneType' and 'str'', File=unknown
2025-07-28 17:59:24,945 - AgentDev-SafeMode - ERROR - AI plan invalid or failed schema validation: Expecting value: line 1 column 1 (char 0). Raw response: ```json
{
  "root_cause": "The error occurs because the code attempts to use the '+' operator to concatenate a 'NoneType' object with a string. This typically happens when a variable expected to be a string is actually 'None'.",
  "fix_strategy_summary": "Identify the variable that is 'None' and ensure it is properly initialized or assigned a string value before it is used in concatenation. Add checks or default values to prevent 'None' from being used inappropriately.",
  "plan": [
    {
      ...
2025-07-28 17:59:24,946 - AgentDev-SafeMode - INFO - Detected UnknownError in unknown: unsupported operand type(s) for +: 'NoneType' and 'str'
2025-07-28 17:59:24,946 - AgentDev-SafeMode - INFO - Root Cause: AI plan invalid: Expecting value: line 1 column 1 (char 0)
2025-07-28 17:59:24,947 - AgentDev-SafeMode - INFO - AI Plan: [
  {
    "action": "modify_code",
    "file": "unknown",
    "description": "Attempt a direct fix as AI plan was invalid."
  }
]
2025-07-28 17:59:24,947 - AgentDev-SafeMode - ERROR - File not found for fixing: unknown. Cannot proceed with fix plan.
2025-07-28 17:59:24,947 - AgentDev-SafeMode - ERROR - Failed to fix all issues after maximum attempts (3).
2025-07-28 17:59:24,947 - AgentDev-SafeMode - INFO - Please manually inspect the code and logs.
2025-07-28 18:45:15,139 - AgentDev-SafeMode - INFO - EthicsChecker initialized with level: high
2025-07-28 18:45:15,139 - AgentDev-SafeMode - INFO - StillMeFramework (simplified) initialized for ethics checks.
2025-07-28 18:45:15,139 - AgentDev-SafeMode - INFO - ðŸš€ Starting AgentDev Main Loop in SafeMode
2025-07-28 18:45:15,140 - AgentDev-SafeMode - INFO - Agent performing self-healing checks for its own dependencies...
2025-07-28 18:45:15,757 - AgentDev-SafeMode - INFO - pylint is installed.
2025-07-28 18:45:16,290 - AgentDev-SafeMode - INFO - pytest is installed.
2025-07-28 18:45:16,837 - AgentDev-SafeMode - INFO - ollama is installed.
2025-07-28 18:45:17,329 - AgentDev-SafeMode - INFO - openai is installed.
2025-07-28 18:45:17,813 - AgentDev-SafeMode - INFO - cryptography is installed.
2025-07-28 18:45:18,460 - AgentDev-SafeMode - INFO - jsonschema is installed.
2025-07-28 18:49:40,550 - AgentDev-SafeMode - INFO - EthicsChecker initialized with level: high
2025-07-28 18:49:40,550 - AgentDev-SafeMode - INFO - StillMeFramework (simplified) initialized for ethics checks.
2025-07-28 18:49:40,551 - AgentDev-SafeMode - INFO - ðŸš€ Starting AgentDev Main Loop in SafeMode
2025-07-28 18:49:40,551 - AgentDev-SafeMode - INFO - Agent performing self-healing checks for its own dependencies...
2025-07-28 18:49:41,146 - AgentDev-SafeMode - INFO - pylint is installed.
2025-07-28 18:49:41,660 - AgentDev-SafeMode - INFO - pytest is installed.
2025-07-28 18:49:42,155 - AgentDev-SafeMode - INFO - ollama is installed.
2025-07-28 18:49:42,613 - AgentDev-SafeMode - INFO - openai is installed.
2025-07-28 18:49:43,096 - AgentDev-SafeMode - INFO - cryptography is installed.
2025-07-28 18:49:43,607 - AgentDev-SafeMode - INFO - jsonschema is installed.
2025-07-28 18:49:43,648 - AgentDev-SafeMode - INFO - [Docker Sandbox] Running: docker run --rm -v D:\stillme_ai:/app -w /app alpine echo Docker is running
2025-07-28 18:49:44,643 - AgentDev-SafeMode - INFO - Docker is running and accessible.
2025-07-28 18:49:44,643 - AgentDev-SafeMode - INFO - 
--- Attempt 1/3 ---
2025-07-28 18:49:44,701 - AgentDev-SafeMode - INFO - Perceiving environment: Running tests and framework check in sandbox...
2025-07-28 18:49:44,702 - AgentDev-SafeMode - INFO - Running unit tests with pytest in sandbox...
2025-07-28 18:49:44,702 - AgentDev-SafeMode - INFO - [Docker Sandbox] Running: docker run --rm -v D:\stillme_ai:/app -w /app stillme-dev-env pytest -v tests modules
2025-07-28 18:49:50,226 - AgentDev-SafeMode - ERROR - Sandbox execution failed: unsupported operand type(s) for +: 'NoneType' and 'str'
2025-07-28 18:49:50,227 - AgentDev-SafeMode - WARNING - Tests failed in sandbox. Output:
unsupported operand type(s) for +: 'NoneType' and 'str'
2025-07-28 18:49:50,227 - AgentDev-SafeMode - INFO - Running framework file: framework.py in sandbox...
2025-07-28 18:49:50,227 - AgentDev-SafeMode - INFO - [Docker Sandbox] Running: docker run --rm -v D:\stillme_ai:/app -w /app stillme-dev-env python3 framework.py
2025-07-28 18:49:51,560 - AgentDev-SafeMode - WARNING - Framework execution failed in sandbox. Output:
Traceback (most recent call last):
  File "/app/framework.py", line 9, in <module>
    from modules.ethical_core_system_v1 import EthicsChecker
ImportError: cannot import name 'EthicsChecker' from 'modules.ethical_core_system_v1' (/app/modules/ethical_core_system_v1.py)

2025-07-28 18:49:51,561 - AgentDev-SafeMode - WARNING - Framework verification failed. Attempting to fix framework integrity.
2025-07-28 18:49:51,563 - AgentDev-SafeMode - WARNING - Framework failed. Requesting AI for analysis and fix.
2025-07-28 19:07:49,151 - httpx - INFO - HTTP Request: POST http://localhost:11434/api/generate "HTTP/1.1 200 OK"
2025-07-28 19:07:49,153 - AgentDev-SafeMode - INFO - AI fix generated by deepseek-coder:6.7b
2025-07-28 19:07:49,154 - AgentDev-SafeMode - INFO - AI-generated fix safely applied to framework.py.
2025-07-28 19:07:49,155 - AgentDev-SafeMode - INFO - 
--- Attempt 2/3 ---
2025-07-28 19:07:49,233 - AgentDev-SafeMode - INFO - Perceiving environment: Running tests and framework check in sandbox...
2025-07-28 19:07:49,233 - AgentDev-SafeMode - INFO - Running unit tests with pytest in sandbox...
2025-07-28 19:07:49,234 - AgentDev-SafeMode - INFO - [Docker Sandbox] Running: docker run --rm -v D:\stillme_ai:/app -w /app stillme-dev-env pytest -v tests modules
2025-07-28 19:07:54,215 - AgentDev-SafeMode - ERROR - Sandbox execution failed: unsupported operand type(s) for +: 'NoneType' and 'str'
2025-07-28 19:07:54,215 - AgentDev-SafeMode - WARNING - Tests failed in sandbox. Output:
unsupported operand type(s) for +: 'NoneType' and 'str'
2025-07-28 19:07:54,215 - AgentDev-SafeMode - INFO - Running framework file: framework.py in sandbox...
2025-07-28 19:07:54,216 - AgentDev-SafeMode - INFO - [Docker Sandbox] Running: docker run --rm -v D:\stillme_ai:/app -w /app stillme-dev-env python3 framework.py
2025-07-28 19:07:55,250 - AgentDev-SafeMode - INFO - Framework execution passed in sandbox.
2025-07-28 19:07:55,250 - AgentDev-SafeMode - WARNING - Tests failed. Analyzing errors and attempting to fix...
2025-07-28 19:07:55,251 - AgentDev-SafeMode - INFO - Basic error analysis: Type=UnknownError, Msg='unsupported operand type(s) for +: 'NoneType' and 'str'', File=unknown
2025-07-28 19:08:03,933 - AgentDev-SafeMode - ERROR - AI plan invalid or failed schema validation: Expecting value: line 1 column 1 (char 0). Raw response: ```json
{
  "root_cause": "The error indicates that a NoneType object is being added to a string, which is not supported. This typically happens when a variable expected to be a string is actually None, possibly due to missing initialization or a function returning None unexpectedly.",
  "fix_strategy_summary": "Identify the variable that is None and ensure it is properly initialized or assigned a string value before being used in a concatenation operation. Add checks or default values to preven...
2025-07-28 19:08:03,934 - AgentDev-SafeMode - INFO - Detected UnknownError in unknown: unsupported operand type(s) for +: 'NoneType' and 'str'
2025-07-28 19:08:03,934 - AgentDev-SafeMode - INFO - Root Cause: AI plan invalid: Expecting value: line 1 column 1 (char 0)
2025-07-28 19:08:03,935 - AgentDev-SafeMode - INFO - AI Plan: [
  {
    "action": "modify_code",
    "file": "unknown",
    "description": "Attempt a direct fix as AI plan was invalid."
  }
]
2025-07-28 19:08:03,935 - AgentDev-SafeMode - ERROR - File not found for fixing: unknown. Cannot proceed with fix plan.
2025-07-28 19:08:03,935 - AgentDev-SafeMode - INFO - 
--- Attempt 3/3 ---
2025-07-28 19:08:03,993 - AgentDev-SafeMode - INFO - Perceiving environment: Running tests and framework check in sandbox...
2025-07-28 19:08:03,993 - AgentDev-SafeMode - INFO - Running unit tests with pytest in sandbox...
2025-07-28 19:08:03,994 - AgentDev-SafeMode - INFO - [Docker Sandbox] Running: docker run --rm -v D:\stillme_ai:/app -w /app stillme-dev-env pytest -v tests modules
2025-07-28 19:08:07,966 - AgentDev-SafeMode - ERROR - Sandbox execution failed: unsupported operand type(s) for +: 'NoneType' and 'str'
2025-07-28 19:08:07,967 - AgentDev-SafeMode - WARNING - Tests failed in sandbox. Output:
unsupported operand type(s) for +: 'NoneType' and 'str'
2025-07-28 19:08:07,967 - AgentDev-SafeMode - INFO - Running framework file: framework.py in sandbox...
2025-07-28 19:08:07,968 - AgentDev-SafeMode - INFO - [Docker Sandbox] Running: docker run --rm -v D:\stillme_ai:/app -w /app stillme-dev-env python3 framework.py
2025-07-28 19:08:08,918 - AgentDev-SafeMode - INFO - Framework execution passed in sandbox.
2025-07-28 19:08:08,919 - AgentDev-SafeMode - WARNING - Tests failed. Analyzing errors and attempting to fix...
2025-07-28 19:08:08,919 - AgentDev-SafeMode - INFO - Basic error analysis: Type=UnknownError, Msg='unsupported operand type(s) for +: 'NoneType' and 'str'', File=unknown
2025-07-28 19:08:17,355 - AgentDev-SafeMode - ERROR - AI plan invalid or failed schema validation: Expecting value: line 1 column 1 (char 0). Raw response: ```json
{
  "root_cause": "The error 'unsupported operand type(s) for +: 'NoneType' and 'str'' indicates that there is an attempt to concatenate a NoneType object with a string. This typically occurs when a variable expected to hold a string is actually None, possibly due to a missing return statement in a function or an uninitialized variable.",
  "fix_strategy_summary": "Identify the variable that is None and ensure it is properly initialized or returned as a string. Add checks to prevent None...
2025-07-28 19:08:17,356 - AgentDev-SafeMode - INFO - Detected UnknownError in unknown: unsupported operand type(s) for +: 'NoneType' and 'str'
2025-07-28 19:08:17,356 - AgentDev-SafeMode - INFO - Root Cause: AI plan invalid: Expecting value: line 1 column 1 (char 0)
2025-07-28 19:08:17,356 - AgentDev-SafeMode - INFO - AI Plan: [
  {
    "action": "modify_code",
    "file": "unknown",
    "description": "Attempt a direct fix as AI plan was invalid."
  }
]
2025-07-28 19:08:17,357 - AgentDev-SafeMode - ERROR - File not found for fixing: unknown. Cannot proceed with fix plan.
2025-07-28 19:08:17,357 - AgentDev-SafeMode - ERROR - Failed to fix all issues after maximum attempts (3).
2025-07-28 19:08:17,357 - AgentDev-SafeMode - INFO - Please manually inspect the code and logs.
2025-07-28 20:05:56,669 - AgentDev-SafeMode - INFO - EthicsChecker initialized with level: high
2025-07-28 20:05:56,669 - AgentDev-SafeMode - INFO - StillMeFramework (simplified) initialized for ethics checks.
2025-07-28 20:05:56,670 - AgentDev-SafeMode - INFO - ðŸš€ Starting AgentDev Main Loop in SafeMode
2025-07-28 20:05:56,670 - AgentDev-SafeMode - INFO - Agent performing self-healing checks for its own dependencies...
2025-07-28 20:05:57,916 - AgentDev-SafeMode - INFO - pylint is installed.
2025-07-28 20:05:58,562 - AgentDev-SafeMode - INFO - pytest is installed.
2025-07-28 20:05:59,117 - AgentDev-SafeMode - INFO - ollama is installed.
2025-07-28 20:05:59,682 - AgentDev-SafeMode - INFO - openai is installed.
2025-07-28 20:06:00,243 - AgentDev-SafeMode - INFO - cryptography is installed.
2025-07-28 20:06:00,792 - AgentDev-SafeMode - INFO - jsonschema is installed.
2025-07-28 20:06:00,832 - AgentDev-SafeMode - INFO - [Docker Sandbox] Running: docker run --rm -v D:\stillme_ai:/app -w /app alpine echo Docker is running
2025-07-28 20:06:02,081 - AgentDev-SafeMode - INFO - Docker is running and accessible.
2025-07-28 20:06:02,082 - AgentDev-SafeMode - INFO - 
--- Attempt 1/3 ---
2025-07-28 20:06:02,147 - AgentDev-SafeMode - INFO - Perceiving environment: Running tests and framework check in sandbox...
2025-07-28 20:06:02,147 - AgentDev-SafeMode - INFO - Running unit tests with pytest in sandbox...
2025-07-28 20:06:02,147 - AgentDev-SafeMode - INFO - [Docker Sandbox] Running: docker run --rm -v D:\stillme_ai:/app -w /app stillme-dev-env pytest -v tests modules
2025-07-28 20:06:08,114 - AgentDev-SafeMode - WARNING - Tests failed in sandbox. Output:
============================= test session starts ==============================
platform linux -- Python 3.13.5, pytest-8.4.1, pluggy-1.6.0 -- /usr/local/bin/python3.13
cachedir: .pytest_cache
rootdir: /app
configfile: pytest.ini
plugins: asyncio-1.1.0, anyio-4.9.0
asyncio: mode=Mode.STRICT, asyncio_default_fixture_loop_scope=None, asyncio_default_test_loop_scope=function
collecting ... collected 56 items / 1 error

==================================== ERRORS ====================================
______________ ERROR collecting tests/test_token_optimizer_v1.py _______________
ImportError while importing test module '/app/tests/test_token_optimizer_v1.py'.
Hint: make sure your test modules/packages have valid Python names.
Traceback:
/usr/local/lib/python3.13/importlib/__init__.py:88: in import_module
    return _bootstrap._gcd_import(name[level:], package, level)
           ^^^^^^^^^^^^^^^^^^^^^^^^^^^^^^^^^^^^^^^^^^^^^^^^^^^^
tests/test_token_optimizer_v1.py:5: in <module>
    from token_optimizer import (
E   ModuleNotFoundError: No module named 'token_optimizer'
=========================== short test summary info ============================
ERROR tests/test_token_optimizer_v1.py
!!!!!!!!!!!!!!!!!!!! Interrupted: 1 error during collection !!!!!!!!!!!!!!!!!!!!
=============================== 1 error in 3.09s ===============================

2025-07-28 20:06:08,115 - AgentDev-SafeMode - INFO - Running framework file: framework.py in sandbox...
2025-07-28 20:06:08,115 - AgentDev-SafeMode - INFO - [Docker Sandbox] Running: docker run --rm -v D:\stillme_ai:/app -w /app stillme-dev-env D:\stillme_ai\.venv\Scripts\python.exe framework.py
2025-07-28 20:06:08,766 - AgentDev-SafeMode - WARNING - Framework execution failed in sandbox. Output:
docker: Error response from daemon: failed to create task for container: failed to create shim task: OCI runtime create failed: runc create failed: unable to start container process: error during container init: exec: "D:\\stillme_ai\\.venv\\Scripts\\python.exe": executable file not found in $PATH: unknown

Run 'docker run --help' for more information

2025-07-28 20:06:08,767 - AgentDev-SafeMode - WARNING - Framework verification failed. Attempting to fix framework integrity.
2025-07-28 20:06:08,768 - AgentDev-SafeMode - WARNING - Framework failed. Requesting AI for analysis and fix.
2025-07-28 20:06:57,320 - httpx - INFO - HTTP Request: POST http://localhost:11434/api/generate "HTTP/1.1 200 OK"
2025-07-28 20:06:57,321 - AgentDev-SafeMode - INFO - AI fix generated by deepseek-coder:6.7b
2025-07-28 20:06:57,322 - AgentDev-SafeMode - INFO - AI-generated fix safely applied to framework.py.
2025-07-28 20:06:57,322 - AgentDev-SafeMode - INFO - 
--- Attempt 2/3 ---
2025-07-28 20:06:57,405 - AgentDev-SafeMode - INFO - Perceiving environment: Running tests and framework check in sandbox...
2025-07-28 20:06:57,406 - AgentDev-SafeMode - INFO - Running unit tests with pytest in sandbox...
2025-07-28 20:06:57,406 - AgentDev-SafeMode - INFO - [Docker Sandbox] Running: docker run --rm -v D:\stillme_ai:/app -w /app stillme-dev-env pytest -v tests modules
2025-07-28 20:07:02,694 - AgentDev-SafeMode - WARNING - Tests failed in sandbox. Output:
============================= test session starts ==============================
platform linux -- Python 3.13.5, pytest-8.4.1, pluggy-1.6.0 -- /usr/local/bin/python3.13
cachedir: .pytest_cache
rootdir: /app
configfile: pytest.ini
plugins: asyncio-1.1.0, anyio-4.9.0
asyncio: mode=Mode.STRICT, asyncio_default_fixture_loop_scope=None, asyncio_default_test_loop_scope=function
collecting ... collected 56 items / 1 error

==================================== ERRORS ====================================
______________ ERROR collecting tests/test_token_optimizer_v1.py _______________
ImportError while importing test module '/app/tests/test_token_optimizer_v1.py'.
Hint: make sure your test modules/packages have valid Python names.
Traceback:
/usr/local/lib/python3.13/importlib/__init__.py:88: in import_module
    return _bootstrap._gcd_import(name[level:], package, level)
           ^^^^^^^^^^^^^^^^^^^^^^^^^^^^^^^^^^^^^^^^^^^^^^^^^^^^
tests/test_token_optimizer_v1.py:5: in <module>
    from token_optimizer import (
E   ModuleNotFoundError: No module named 'token_optimizer'
=========================== short test summary info ============================
ERROR tests/test_token_optimizer_v1.py
!!!!!!!!!!!!!!!!!!!! Interrupted: 1 error during collection !!!!!!!!!!!!!!!!!!!!
=============================== 1 error in 1.95s ===============================

2025-07-28 20:07:02,695 - AgentDev-SafeMode - INFO - Running framework file: framework.py in sandbox...
2025-07-28 20:07:02,696 - AgentDev-SafeMode - INFO - [Docker Sandbox] Running: docker run --rm -v D:\stillme_ai:/app -w /app stillme-dev-env D:\stillme_ai\.venv\Scripts\python.exe framework.py
2025-07-28 20:07:03,200 - AgentDev-SafeMode - WARNING - Framework execution failed in sandbox. Output:
docker: Error response from daemon: failed to create task for container: failed to create shim task: OCI runtime create failed: runc create failed: unable to start container process: error during container init: exec: "D:\\stillme_ai\\.venv\\Scripts\\python.exe": executable file not found in $PATH: unknown

Run 'docker run --help' for more information

2025-07-28 20:07:03,201 - AgentDev-SafeMode - WARNING - Framework verification failed. Attempting to fix framework integrity.
2025-07-28 20:07:03,202 - AgentDev-SafeMode - WARNING - Framework failed. Requesting AI for analysis and fix.
2025-07-28 20:07:40,283 - httpx - INFO - HTTP Request: POST http://localhost:11434/api/generate "HTTP/1.1 200 OK"
2025-07-28 20:07:40,285 - AgentDev-SafeMode - INFO - AI fix generated by deepseek-coder:6.7b
2025-07-28 20:07:40,286 - AgentDev-SafeMode - INFO - AI-generated fix safely applied to framework.py.
2025-07-28 20:07:40,286 - AgentDev-SafeMode - INFO - 
--- Attempt 3/3 ---
2025-07-28 20:07:40,336 - AgentDev-SafeMode - INFO - Perceiving environment: Running tests and framework check in sandbox...
2025-07-28 20:07:40,336 - AgentDev-SafeMode - INFO - Running unit tests with pytest in sandbox...
2025-07-28 20:07:40,337 - AgentDev-SafeMode - INFO - [Docker Sandbox] Running: docker run --rm -v D:\stillme_ai:/app -w /app stillme-dev-env pytest -v tests modules
2025-07-28 20:07:43,723 - AgentDev-SafeMode - WARNING - Tests failed in sandbox. Output:
============================= test session starts ==============================
platform linux -- Python 3.13.5, pytest-8.4.1, pluggy-1.6.0 -- /usr/local/bin/python3.13
cachedir: .pytest_cache
rootdir: /app
configfile: pytest.ini
plugins: asyncio-1.1.0, anyio-4.9.0
asyncio: mode=Mode.STRICT, asyncio_default_fixture_loop_scope=None, asyncio_default_test_loop_scope=function
collecting ... collected 56 items / 1 error

==================================== ERRORS ====================================
______________ ERROR collecting tests/test_token_optimizer_v1.py _______________
ImportError while importing test module '/app/tests/test_token_optimizer_v1.py'.
Hint: make sure your test modules/packages have valid Python names.
Traceback:
/usr/local/lib/python3.13/importlib/__init__.py:88: in import_module
    return _bootstrap._gcd_import(name[level:], package, level)
           ^^^^^^^^^^^^^^^^^^^^^^^^^^^^^^^^^^^^^^^^^^^^^^^^^^^^
tests/test_token_optimizer_v1.py:5: in <module>
    from token_optimizer import (
E   ModuleNotFoundError: No module named 'token_optimizer'
=========================== short test summary info ============================
ERROR tests/test_token_optimizer_v1.py
!!!!!!!!!!!!!!!!!!!! Interrupted: 1 error during collection !!!!!!!!!!!!!!!!!!!!
=============================== 1 error in 1.48s ===============================

2025-07-28 20:07:43,723 - AgentDev-SafeMode - INFO - Running framework file: framework.py in sandbox...
2025-07-28 20:07:43,724 - AgentDev-SafeMode - INFO - [Docker Sandbox] Running: docker run --rm -v D:\stillme_ai:/app -w /app stillme-dev-env D:\stillme_ai\.venv\Scripts\python.exe framework.py
2025-07-28 20:07:44,205 - AgentDev-SafeMode - WARNING - Framework execution failed in sandbox. Output:
docker: Error response from daemon: failed to create task for container: failed to create shim task: OCI runtime create failed: runc create failed: unable to start container process: error during container init: exec: "D:\\stillme_ai\\.venv\\Scripts\\python.exe": executable file not found in $PATH: unknown

Run 'docker run --help' for more information

2025-07-28 20:07:44,206 - AgentDev-SafeMode - WARNING - Framework verification failed. Attempting to fix framework integrity.
2025-07-28 20:07:44,207 - AgentDev-SafeMode - WARNING - Framework failed. Requesting AI for analysis and fix.
2025-07-28 20:08:37,583 - httpx - INFO - HTTP Request: POST http://localhost:11434/api/generate "HTTP/1.1 200 OK"
2025-07-28 20:08:37,584 - AgentDev-SafeMode - INFO - AI fix generated by deepseek-coder:6.7b
2025-07-28 20:08:37,585 - AgentDev-SafeMode - INFO - AI-generated fix safely applied to framework.py.
2025-07-28 20:08:37,585 - AgentDev-SafeMode - ERROR - Failed to fix all issues after maximum attempts (3).
2025-07-28 20:08:37,585 - AgentDev-SafeMode - INFO - Please manually inspect the code and logs.
2025-07-29 18:54:19,181 - AgentDev-SafeMode - INFO - EthicsChecker initialized with level: high
2025-07-29 18:54:19,181 - AgentDev-SafeMode - INFO - StillMeFramework (simplified) initialized for ethics checks.
2025-07-29 18:54:19,182 - AgentDev-SafeMode - INFO - ðŸš€ Starting AgentDev Main Loop in SafeMode
2025-07-29 18:54:19,182 - AgentDev-SafeMode - INFO - Agent performing self-healing checks for its own dependencies...
2025-07-29 18:54:21,246 - AgentDev-SafeMode - INFO - pylint is installed.
2025-07-29 18:54:22,027 - AgentDev-SafeMode - INFO - pytest is installed.
2025-07-29 18:54:22,655 - AgentDev-SafeMode - INFO - ollama is installed.
2025-07-29 18:54:23,295 - AgentDev-SafeMode - INFO - openai is installed.
2025-07-29 18:54:23,917 - AgentDev-SafeMode - INFO - cryptography is installed.
2025-07-29 18:54:24,505 - AgentDev-SafeMode - INFO - jsonschema is installed.
2025-07-29 18:54:24,575 - AgentDev-SafeMode - INFO - [Docker Sandbox] Running: docker run --rm -v D:\stillme_ai:/app -e PYTHONIOENCODING=utf-8 -w /app alpine echo Docker is running
2025-07-29 18:54:25,617 - AgentDev-SafeMode - INFO - Docker is running and accessible.
2025-07-29 18:54:25,618 - AgentDev-SafeMode - INFO - 
--- Attempt 1/3 ---
2025-07-29 18:54:25,698 - AgentDev-SafeMode - INFO - Perceiving environment: Running tests and framework check in sandbox...
2025-07-29 18:54:25,698 - AgentDev-SafeMode - INFO - Running unit tests with pytest in sandbox...
2025-07-29 18:54:25,699 - AgentDev-SafeMode - INFO - [Docker Sandbox] Running: docker run --rm -v D:\stillme_ai:/app -e PYTHONIOENCODING=utf-8 -w /app stillme-dev-env pytest -v tests modules
2025-07-29 18:54:45,216 - AgentDev-SafeMode - WARNING - Tests failed in sandbox. Output:
============================= test session starts ==============================
platform linux -- Python 3.9.23, pytest-8.4.1, pluggy-1.6.0 -- /usr/local/bin/python3.9
cachedir: .pytest_cache
rootdir: /app
configfile: pytest.ini
plugins: asyncio-1.1.0, anyio-4.9.0
asyncio: mode=strict, asyncio_default_fixture_loop_scope=None, asyncio_default_test_loop_scope=function
collecting ... collected 56 items / 1 error

==================================== ERRORS ====================================
______________ ERROR collecting tests/test_token_optimizer_v1.py _______________
tests/test_token_optimizer_v1.py:6: in <module>
    from modules.token_optimizer_v1 import (
modules/token_optimizer_v1.py:48: in <module>
    class CacheItem(BaseModel):
/usr/local/lib/python3.9/site-packages/pydantic/_internal/_model_construction.py:237: in __new__
    complete_model_class(
/usr/local/lib/python3.9/site-packages/pydantic/_internal/_model_construction.py:597: in complete_model_class
    schema = gen_schema.generate_schema(cls)
/usr/local/lib/python3.9/site-packages/pydantic/_internal/_generate_schema.py:711: in generate_schema
    schema = self._generate_schema_inner(obj)
/usr/local/lib/python3.9/site-packages/pydantic/_internal/_generate_schema.py:1004: in _generate_schema_inner
    return self._model_schema(obj)
/usr/local/lib/python3.9/site-packages/pydantic/_internal/_generate_schema.py:837: in _model_schema
    {k: self._generate_md_field_schema(k, v, decorators) for k, v in fields.items()},
/usr/local/lib/python3.9/site-packages/pydantic/_internal/_generate_schema.py:837: in <dictcomp>
    {k: self._generate_md_field_schema(k, v, decorators) for k, v in fields.items()},
/usr/local/lib/python3.9/site-packages/pydantic/_internal/_generate_schema.py:1206: in _generate_md_field_schema
    common_field = self._common_field_schema(name, field_info, decorators)
/usr/local/lib/python3.9/site-packages/pydantic/_internal/_generate_schema.py:1372: in _common_field_schema
    schema = self._apply_annotations(
/usr/local/lib/python3.9/site-packages/pydantic/_internal/_generate_schema.py:2297: in _apply_annotations
    schema = get_inner_schema(source_type)
/usr/local/lib/python3.9/site-packages/pydantic/_internal/_schema_generation_shared.py:83: in __call__
    schema = self._handler(source_type)
/usr/local/lib/python3.9/site-packages/pydantic/_internal/_generate_schema.py:2279: in inner_handler
    schema = self._generate_schema_inner(obj)
/usr/local/lib/python3.9/site-packages/pydantic/_internal/_generate_schema.py:1009: in _generate_schema_inner
    return self.match_type(obj)
/usr/local/lib/python3.9/site-packages/pydantic/_internal/_generate_schema.py:1127: in match_type
    return self._unknown_type_schema(obj)
/usr/local/lib/python3.9/site-packages/pydantic/_internal/_generate_schema.py:639: in _unknown_type_schema
    raise PydanticSchemaGenerationError(
E   pydantic.errors.PydanticSchemaGenerationError: Unable to generate pydantic-core schema for <class 'numpy.ndarray'>. Set `arbitrary_types_allowed=True` in the model_config to ignore this error or implement `__get_pydantic_core_schema__` on your type to fully support it.
E   
E   If you got this error by calling handler(<some type>) within `__get_pydantic_core_schema__` then you likely need to call `handler.generate_schema(<some type>)` since we do not call `__get_pydantic_core_schema__` on `<some type>` otherwise to avoid infinite recursion.
E   
E   For further information visit https://errors.pydantic.dev/2.11/u/schema-for-unknown-type
=========================== short test summary info ============================
ERROR tests/test_token_optimizer_v1.py - pydantic.errors.PydanticSchemaGenera...
!!!!!!!!!!!!!!!!!!!! Interrupted: 1 error during collection !!!!!!!!!!!!!!!!!!!!
============================== 1 error in 14.98s ===============================

2025-07-29 18:54:45,218 - AgentDev-SafeMode - INFO - Running framework file: framework.py in sandbox...
2025-07-29 18:54:45,219 - AgentDev-SafeMode - INFO - [Docker Sandbox] Running: docker run --rm -v D:\stillme_ai:/app -e PYTHONIOENCODING=utf-8 -w /app stillme-dev-env python3 framework.py
2025-07-29 18:54:46,860 - AgentDev-SafeMode - WARNING - Framework verification failed. Attempting to fix framework integrity.
2025-07-29 18:54:46,863 - AgentDev-SafeMode - WARNING - Framework failed. Requesting AI for analysis and fix.
2025-07-31 18:29:38,462 - AgentDev-SafeMode - INFO - AgentDev started for problem: '
Traceback (most recent call last):
  File "framework.py", line 5, in <module>
    result = some_function_in_module()
  File "modules/example_module.py", line 2, in some_function_in_module
    return 10 / 0
ZeroDivisionError: division by zero
' in file: 'modules/example_module.py'
2025-07-31 18:29:38,564 - AgentDev-SafeMode - INFO - GitManager initialized. Current branch: agent-fix-20250727223458-3
2025-07-31 18:29:38,565 - AgentDev-SafeMode - INFO - Creating and checking out branch: agent-fix-20250731182938
2025-07-31 18:29:38,666 - AgentDev-SafeMode - INFO - EthicsChecker initialized with level: medium
2025-07-31 18:29:38,666 - AgentDev-SafeMode - INFO - StillMeFramework (simplified) initialized for ethics checks.
2025-07-31 18:29:38,666 - AgentDev-SafeMode - INFO - --- Attempt 1 to fix the issue ---
2025-07-31 18:29:38,684 - AgentDev-SafeMode - INFO - Basic error analysis: Type=ZeroDivisionError, Msg='division by zero', File=modules\example_module.py
2025-07-31 18:29:38,684 - AgentDev-SafeMode - ERROR - OpenAI call failed for gpt-4o: 

You tried to access openai.ChatCompletion, but this is no longer supported in openai>=1.0.0 - see the README at https://github.com/openai/openai-python for the API.

You can run `openai migrate` to automatically upgrade your codebase to use the 1.0.0 interface. 

Alternatively, you can pin your installation to the old version, e.g. `pip install openai==0.28`

A detailed migration guide is available here: https://github.com/openai/openai-python/discussions/742

2025-07-31 18:29:38,684 - AgentDev-SafeMode - WARNING - Preferred reasoning model gpt-4o failed. Falling back to deepseek-coder:6.7b.
2025-07-31 18:30:49,440 - httpx - INFO - HTTP Request: POST http://localhost:11434/api/generate "HTTP/1.1 200 OK"
2025-07-31 18:30:49,445 - AgentDev-SafeMode - ERROR - Failed to parse or validate AI plan: 'root_cause' is a required property

Failed validating 'required' in schema:
    {'type': 'object',
     'properties': {'root_cause': {'type': 'string',
                                   'description': 'PhÃ¢n tÃ­ch nguyÃªn nhÃ¢n '
                                                  'gá»‘c rá»… cá»§a lá»—i.'},
                    'fix_strategy_summary': {'type': 'string',
                                             'description': 'TÃ³m táº¯t chiáº¿n '
                                                            'lÆ°á»£c sá»­a lá»—i '
                                                            'tá»•ng thá»ƒ.'},
                    'plan': {'type': 'array',
                             'description': 'Danh sÃ¡ch cÃ¡c bÆ°á»›c hÃ nh Ä‘á»™ng '
                                            'cá»¥ thá»ƒ.',
                             'items': {'type': 'object',
                                       'properties': {'action': {'type': 'string',
                                                                 'description': 'HÃ nh '
                                                                                'Ä‘á»™ng '
                                                                                'cáº§n '
                                                                                'thá»±c '
                                                                                'hiá»‡n '
                                                                                '(vÃ­ '
                                                                                'dá»¥: '
                                                                                'modify_code, '
                                                                                'run_pylint, '
                                                                                'add_test, '
                                                                                'run_tests, '
                                                                                'review_diff, '
                                                                                'check_imports, '
                                                                                'install_deps).',
                                                                 'enum': ['modify_code',
                                                                          'run_pylint',
                                                                          'add_test',
                                                                          'run_tests',
                                                                          'review_diff',
                                                                          'check_imports',
                                                                          'install_deps',
                                                                          'resolve_conflict']},
                                                      'file': {'type': 'string',
                                                               'description': 'ÄÆ°á»ng '
                                                                              'dáº«n '
                                                                              'tÆ°Æ¡ng '
                                                                              'Ä‘á»‘i '
                                                                              'Ä‘áº¿n '
                                                                              'file '
                                                                              'bá»‹ '
                                                                              'áº£nh '
                                                                              'hÆ°á»Ÿng '
                                                                              '(náº¿u '
                                                                              'cÃ³).'},
                                                      'description': {'type': 'string',
                                                                      'description': 'MÃ´ '
                                                                                     'táº£ '
                                                                                     'chi '
                                                                                     'tiáº¿t '
                                                                                     'bÆ°á»›c '
                                                                                     'hÃ nh '
                                                                                     'Ä‘á»™ng '
                                                                                     'nÃ y.'},
                                                      'code_to_apply': {'type': 'string',
                                                                        'description': 'Code '
                                                                                       'cáº§n '
                                                                                       'Ä‘Æ°á»£c '
                                                                                       'Ã¡p '
                                                                                       'dá»¥ng '
                                                                                       'hoáº·c '
                                                                                       'sá»­a '
                                                                                       'Ä‘á»•i '
                                                                                       '(chá»‰ '
                                                                                       'cho '
                                                                                       'modify_code, '
                                                                                       'add_test, '
                                                                                       'resolve_conflict).'}},
                                       'required': ['action',
                                                    'description']}}},
     'required': ['root_cause', 'fix_strategy_summary', 'plan']}

On instance:
    {'steps': [{'action': 'modify_code',
                'description': 'Add a check to prevent division by zero.',
                'file': 'modules\\example_module.py',
                'code_to_apply': '\n'
                                 '        if denominator != 0:\n'
                                 '            return numerator / '
                                 'denominator\n'
                                 '        else:\n'
                                 '            raise '
                                 'ValueError("Denominator can\'t be 0")\n'
                                 '    '},
               {'action': 'add_test',
                'description': 'Add a test case to cover the edge case '
                               'where division by zero is attempted.',
                'file': 'tests\\test_example_module.py',
                'code_to_apply': '\n'
                                 '\n'
                                 'import pytest\n'
                                 'from modules import example_module\n'
                                 '\n'
                                 'def test_division_by_zero():\n'
                                 '    with pytest.raises(ValueError) as '
                                 'e:\n'
                                 '        '
                                 'example_module.some_function_in_module()\n'
                                 '    assert str(e.value) == "Denominator '
                                 'can\'t be 0"\n'},
               {'action': 'resolve_conflict',
                'description': 'Resolve any merge conflicts that might '
                               'arise after applying the code changes.',
                'file': 'All files',
                'code_to_apply': 'No specific file required, but ensure '
                                 'all team members pull latest from main '
                                 'branch and resolve any merge conflicts '
                                 'before merging.'}]}. Raw response: {
  "steps": [
    {
      "action": "modify_code",
      "description": "Add a check to prevent division by zero.",
      "file": "modules\\example_module.py",
      "code_to_apply": "\n        if denominator != 0:\n            return numerator / denominator\n        else:\n            raise ValueError(\"Denominator can't be 0\")\n    "
    },
    {
      "action": "add_test",
      "description": "Add a test case to cover the edge case where division by zero is attempted.",
      "file": "test
2025-07-31 18:30:49,447 - AgentDev-SafeMode - ERROR - Error during planning phase: AI failed to provide a valid plan conforming to schema.. Retrying with feedback.
2025-07-31 18:30:49,447 - AgentDev-SafeMode - INFO - EthicsChecker initialized with level: medium
2025-07-31 18:30:49,447 - AgentDev-SafeMode - INFO - StillMeFramework (simplified) initialized for ethics checks.
2025-07-31 18:30:49,448 - AgentDev-SafeMode - INFO - --- Attempt 2 to fix the issue ---
2025-07-31 18:30:49,452 - AgentDev-SafeMode - INFO - Basic error analysis: Type=ZeroDivisionError, Msg='division by zero', File=modules\example_module.py
2025-07-31 18:30:49,452 - AgentDev-SafeMode - ERROR - OpenAI call failed for gpt-4o: 

You tried to access openai.ChatCompletion, but this is no longer supported in openai>=1.0.0 - see the README at https://github.com/openai/openai-python for the API.

You can run `openai migrate` to automatically upgrade your codebase to use the 1.0.0 interface. 

Alternatively, you can pin your installation to the old version, e.g. `pip install openai==0.28`

A detailed migration guide is available here: https://github.com/openai/openai-python/discussions/742

2025-07-31 18:30:49,452 - AgentDev-SafeMode - WARNING - Preferred reasoning model gpt-4o failed. Falling back to deepseek-coder:6.7b.
2025-07-31 18:31:35,677 - httpx - INFO - HTTP Request: POST http://localhost:11434/api/generate "HTTP/1.1 200 OK"
2025-07-31 18:31:35,684 - AgentDev-SafeMode - ERROR - Failed to parse or validate AI plan: 'root_cause' is a required property

Failed validating 'required' in schema:
    {'type': 'object',
     'properties': {'root_cause': {'type': 'string',
                                   'description': 'PhÃ¢n tÃ­ch nguyÃªn nhÃ¢n '
                                                  'gá»‘c rá»… cá»§a lá»—i.'},
                    'fix_strategy_summary': {'type': 'string',
                                             'description': 'TÃ³m táº¯t chiáº¿n '
                                                            'lÆ°á»£c sá»­a lá»—i '
                                                            'tá»•ng thá»ƒ.'},
                    'plan': {'type': 'array',
                             'description': 'Danh sÃ¡ch cÃ¡c bÆ°á»›c hÃ nh Ä‘á»™ng '
                                            'cá»¥ thá»ƒ.',
                             'items': {'type': 'object',
                                       'properties': {'action': {'type': 'string',
                                                                 'description': 'HÃ nh '
                                                                                'Ä‘á»™ng '
                                                                                'cáº§n '
                                                                                'thá»±c '
                                                                                'hiá»‡n '
                                                                                '(vÃ­ '
                                                                                'dá»¥: '
                                                                                'modify_code, '
                                                                                'run_pylint, '
                                                                                'add_test, '
                                                                                'run_tests, '
                                                                                'review_diff, '
                                                                                'check_imports, '
                                                                                'install_deps).',
                                                                 'enum': ['modify_code',
                                                                          'run_pylint',
                                                                          'add_test',
                                                                          'run_tests',
                                                                          'review_diff',
                                                                          'check_imports',
                                                                          'install_deps',
                                                                          'resolve_conflict']},
                                                      'file': {'type': 'string',
                                                               'description': 'ÄÆ°á»ng '
                                                                              'dáº«n '
                                                                              'tÆ°Æ¡ng '
                                                                              'Ä‘á»‘i '
                                                                              'Ä‘áº¿n '
                                                                              'file '
                                                                              'bá»‹ '
                                                                              'áº£nh '
                                                                              'hÆ°á»Ÿng '
                                                                              '(náº¿u '
                                                                              'cÃ³).'},
                                                      'description': {'type': 'string',
                                                                      'description': 'MÃ´ '
                                                                                     'táº£ '
                                                                                     'chi '
                                                                                     'tiáº¿t '
                                                                                     'bÆ°á»›c '
                                                                                     'hÃ nh '
                                                                                     'Ä‘á»™ng '
                                                                                     'nÃ y.'},
                                                      'code_to_apply': {'type': 'string',
                                                                        'description': 'Code '
                                                                                       'cáº§n '
                                                                                       'Ä‘Æ°á»£c '
                                                                                       'Ã¡p '
                                                                                       'dá»¥ng '
                                                                                       'hoáº·c '
                                                                                       'sá»­a '
                                                                                       'Ä‘á»•i '
                                                                                       '(chá»‰ '
                                                                                       'cho '
                                                                                       'modify_code, '
                                                                                       'add_test, '
                                                                                       'resolve_conflict).'}},
                                       'required': ['action',
                                                    'description']}}},
     'required': ['root_cause', 'fix_strategy_summary', 'plan']}

On instance:
    {'plan': [{'action': 'modify_code',
               'description': 'Add exception handling for division by zero '
                              'error in some_function_in_module.',
               'file': 'modules/example_module.py',
               'code_to_apply': 'try:\n'
                                '    return 10 / 0\n'
                                'except ZeroDivisionError:\n'
                                "    return 'Cannot divide by zero' "},
              {'action': 'add_test',
               'description': 'Add a test case to ensure the exception '
                              'handling works.',
               'file': 'tests/test_example_module.py',
               'code_to_apply': 'import unittest\n'
                                'from modules import example_module\n'
                                '\n'
                                'class '
                                'TestExampleModule(unittest.TestCase):\n'
                                '    def test_division_by_zero(self):\n'
                                '        '
                                'self.assertEqual(example_module.some_function_in_module(), '
                                "'Cannot divide by zero')\n"},
              {'action': 'resolve_conflict',
               'description': 'Resolve any conflicts between the modified '
                              'code and existing code.',
               'file': 'framework.py, modules/example_module.py, '
                       'tests/test_example_module.py',
               'code_to_apply': 'Review all files for syntax errors or '
                                'other potential issues.'}]}. Raw response: {
    "plan": [
        {
            "action": "modify_code",
            "description": "Add exception handling for division by zero error in some_function_in_module.",
            "file": "modules/example_module.py",
            "code_to_apply": "try:\n    return 10 / 0\nexcept ZeroDivisionError:\n    return 'Cannot divide by zero' "
        },
        {
            "action": "add_test",
            "description": "Add a test case to ensure the exception handling works.",
            "file": 
2025-07-31 18:31:35,686 - AgentDev-SafeMode - ERROR - Error during planning phase: AI failed to provide a valid plan conforming to schema.. Retrying with feedback.
2025-07-31 18:31:35,687 - AgentDev-SafeMode - INFO - EthicsChecker initialized with level: medium
2025-07-31 18:31:35,687 - AgentDev-SafeMode - INFO - StillMeFramework (simplified) initialized for ethics checks.
2025-07-31 18:31:35,687 - AgentDev-SafeMode - INFO - --- Attempt 3 to fix the issue ---
2025-07-31 18:31:35,695 - AgentDev-SafeMode - INFO - Basic error analysis: Type=ZeroDivisionError, Msg='division by zero', File=modules\example_module.py
2025-07-31 18:31:35,695 - AgentDev-SafeMode - ERROR - OpenAI call failed for gpt-4o: 

You tried to access openai.ChatCompletion, but this is no longer supported in openai>=1.0.0 - see the README at https://github.com/openai/openai-python for the API.

You can run `openai migrate` to automatically upgrade your codebase to use the 1.0.0 interface. 

Alternatively, you can pin your installation to the old version, e.g. `pip install openai==0.28`

A detailed migration guide is available here: https://github.com/openai/openai-python/discussions/742

2025-07-31 18:31:35,696 - AgentDev-SafeMode - WARNING - Preferred reasoning model gpt-4o failed. Falling back to deepseek-coder:6.7b.
2025-07-31 18:32:13,643 - httpx - INFO - HTTP Request: POST http://localhost:11434/api/generate "HTTP/1.1 200 OK"
2025-07-31 18:32:13,651 - AgentDev-SafeMode - ERROR - Failed to parse or validate AI plan: 'root_cause' is a required property

Failed validating 'required' in schema:
    {'type': 'object',
     'properties': {'root_cause': {'type': 'string',
                                   'description': 'PhÃ¢n tÃ­ch nguyÃªn nhÃ¢n '
                                                  'gá»‘c rá»… cá»§a lá»—i.'},
                    'fix_strategy_summary': {'type': 'string',
                                             'description': 'TÃ³m táº¯t chiáº¿n '
                                                            'lÆ°á»£c sá»­a lá»—i '
                                                            'tá»•ng thá»ƒ.'},
                    'plan': {'type': 'array',
                             'description': 'Danh sÃ¡ch cÃ¡c bÆ°á»›c hÃ nh Ä‘á»™ng '
                                            'cá»¥ thá»ƒ.',
                             'items': {'type': 'object',
                                       'properties': {'action': {'type': 'string',
                                                                 'description': 'HÃ nh '
                                                                                'Ä‘á»™ng '
                                                                                'cáº§n '
                                                                                'thá»±c '
                                                                                'hiá»‡n '
                                                                                '(vÃ­ '
                                                                                'dá»¥: '
                                                                                'modify_code, '
                                                                                'run_pylint, '
                                                                                'add_test, '
                                                                                'run_tests, '
                                                                                'review_diff, '
                                                                                'check_imports, '
                                                                                'install_deps).',
                                                                 'enum': ['modify_code',
                                                                          'run_pylint',
                                                                          'add_test',
                                                                          'run_tests',
                                                                          'review_diff',
                                                                          'check_imports',
                                                                          'install_deps',
                                                                          'resolve_conflict']},
                                                      'file': {'type': 'string',
                                                               'description': 'ÄÆ°á»ng '
                                                                              'dáº«n '
                                                                              'tÆ°Æ¡ng '
                                                                              'Ä‘á»‘i '
                                                                              'Ä‘áº¿n '
                                                                              'file '
                                                                              'bá»‹ '
                                                                              'áº£nh '
                                                                              'hÆ°á»Ÿng '
                                                                              '(náº¿u '
                                                                              'cÃ³).'},
                                                      'description': {'type': 'string',
                                                                      'description': 'MÃ´ '
                                                                                     'táº£ '
                                                                                     'chi '
                                                                                     'tiáº¿t '
                                                                                     'bÆ°á»›c '
                                                                                     'hÃ nh '
                                                                                     'Ä‘á»™ng '
                                                                                     'nÃ y.'},
                                                      'code_to_apply': {'type': 'string',
                                                                        'description': 'Code '
                                                                                       'cáº§n '
                                                                                       'Ä‘Æ°á»£c '
                                                                                       'Ã¡p '
                                                                                       'dá»¥ng '
                                                                                       'hoáº·c '
                                                                                       'sá»­a '
                                                                                       'Ä‘á»•i '
                                                                                       '(chá»‰ '
                                                                                       'cho '
                                                                                       'modify_code, '
                                                                                       'add_test, '
                                                                                       'resolve_conflict).'}},
                                       'required': ['action',
                                                    'description']}}},
     'required': ['root_cause', 'fix_strategy_summary', 'plan']}

On instance:
    {'plan': [{'action': 'modify_code',
               'description': 'Change division by zero operation to avoid '
                              'ZeroDivisionError.',
               'file': 'modules/example_module.py',
               'code_to_apply': 'if denominator != 0:\n'
                                '    return 10 / denominator\n'
                                'else:\n'
                                "    return 'Cannot divide by zero' "},
              {'action': 'add_test',
               'description': 'Add a test case to check if the function '
                              'handles division by zero correctly.',
               'file': 'tests/test_example.py',
               'code_to_apply': 'def test_division_by_zero():\n'
                                '    assert some_function_in_module() == '
                                "'Cannot divide by zero'"},
              {'action': 'resolve_conflict',
               'description': 'Resolve any conflicts between the modified '
                              'code and existing code.',
               'file': 'framework.py, modules/example_module.py, '
                       'tests/test_example.py',
               'code_to_apply': 'Update all files to reflect changes.'}]}. Raw response: {
    "plan": [
        {
            "action": "modify_code",
            "description": "Change division by zero operation to avoid ZeroDivisionError.",
            "file": "modules/example_module.py",
            "code_to_apply": "if denominator != 0:\n    return 10 / denominator\nelse:\n    return 'Cannot divide by zero' "
        },
        {
            "action": "add_test",
            "description": "Add a test case to check if the function handles division by zero correctly.",
         
2025-07-31 18:32:13,653 - AgentDev-SafeMode - ERROR - Error during planning phase: AI failed to provide a valid plan conforming to schema.. Retrying with feedback.
2025-07-31 18:32:13,653 - AgentDev-SafeMode - INFO - EthicsChecker initialized with level: medium
2025-07-31 18:32:13,654 - AgentDev-SafeMode - INFO - StillMeFramework (simplified) initialized for ethics checks.
2025-07-31 18:32:13,654 - AgentDev-SafeMode - INFO - EthicsChecker initialized with level: medium
2025-07-31 18:32:13,654 - AgentDev-SafeMode - INFO - StillMeFramework (simplified) initialized for ethics checks.
2025-07-31 18:32:13,655 - AgentDev-SafeMode - ERROR - Agent failed to fix the issue after 3 attempts. Manual intervention required.
2025-07-31 18:32:13,655 - AgentDev-SafeMode - INFO - Last known error: AI failed to provide a valid plan conforming to schema.
2025-07-31 18:32:13,655 - AgentDev-SafeMode - INFO - Keeping agent branch for debugging.
2025-07-31 18:32:13,655 - AgentDev-SafeMode - INFO - AgentDev process finished.
2025-07-31 18:38:25,823 - AgentDev-SafeMode - INFO - AgentDev started for problem: '
Traceback (most recent call last):
  File "framework.py", line 5, in <module>
    result = some_function_in_module()
  File "modules/example_module.py", line 2, in some_function_in_module
    return 10 / 0
ZeroDivisionError: division by zero
' in file: 'modules/example_module.py'
2025-07-31 18:38:26,136 - AgentDev-SafeMode - INFO - GitManager initialized. Current branch: agent-fix-20250731182938
2025-07-31 18:38:26,137 - AgentDev-SafeMode - INFO - Creating and checking out branch: agent-fix-20250731183826
2025-07-31 18:38:26,205 - AgentDev-SafeMode - INFO - EthicsChecker initialized with level: medium
2025-07-31 18:38:26,206 - AgentDev-SafeMode - INFO - StillMeFramework (simplified) initialized for ethics checks.
2025-07-31 18:38:26,206 - AgentDev-SafeMode - INFO - --- Attempt 1 to fix the issue ---
2025-07-31 18:38:26,210 - AgentDev-SafeMode - INFO - Basic error analysis: Type=ZeroDivisionError, Msg='division by zero', File=modules\example_module.py
2025-07-31 18:38:38,829 - httpx - INFO - HTTP Request: POST https://api.openai.com/v1/chat/completions "HTTP/1.1 200 OK"
2025-07-31 18:38:38,838 - AgentDev-SafeMode - ERROR - Failed to parse or validate AI plan: Expecting value: line 1 column 1 (char 0). Raw response: ```json
{
  "steps": [
    {
      "action": "modify_code",
      "description": "Fix the division by zero error by ensuring the denominator is not zero.",
      "file": "modules/example_module.py",
      "code_to_apply": "def some_function_in_module():\n    denominator = 1  # Set a default non-zero denominator\n    return 10 / denominator"
    },
    {
      "action": "add_test",
      "description": "Add a unit test to verify that some_function_in_module does not raise a ZeroDivisionError.",
 
2025-07-31 18:38:38,838 - AgentDev-SafeMode - ERROR - Error during planning phase: AI failed to provide a valid plan conforming to schema.. Retrying with feedback.
2025-07-31 18:38:38,839 - AgentDev-SafeMode - INFO - EthicsChecker initialized with level: medium
2025-07-31 18:38:38,839 - AgentDev-SafeMode - INFO - StillMeFramework (simplified) initialized for ethics checks.
2025-07-31 18:38:38,839 - AgentDev-SafeMode - INFO - --- Attempt 2 to fix the issue ---
2025-07-31 18:38:38,845 - AgentDev-SafeMode - INFO - Basic error analysis: Type=ZeroDivisionError, Msg='division by zero', File=modules\example_module.py
2025-07-31 18:38:49,738 - httpx - INFO - HTTP Request: POST https://api.openai.com/v1/chat/completions "HTTP/1.1 200 OK"
2025-07-31 18:38:49,739 - AgentDev-SafeMode - ERROR - Failed to parse or validate AI plan: Expecting value: line 1 column 1 (char 0). Raw response: To address the ZeroDivisionError in the provided Python code, we need to modify the function to handle division by zero appropriately. Below is a detailed plan in JSON format that conforms to the AI_PLAN_SCHEMA. This plan includes steps to fix the root cause of the error and ensure code quality through testing.

```json
{
  "steps": [
    {
      "action": "modify_code",
      "description": "Modify the function to handle division by zero by checking the divisor before performing the division.",
2025-07-31 18:38:49,740 - AgentDev-SafeMode - ERROR - Error during planning phase: AI failed to provide a valid plan conforming to schema.. Retrying with feedback.
2025-07-31 18:38:49,740 - AgentDev-SafeMode - INFO - EthicsChecker initialized with level: medium
2025-07-31 18:38:49,740 - AgentDev-SafeMode - INFO - StillMeFramework (simplified) initialized for ethics checks.
2025-07-31 18:38:49,740 - AgentDev-SafeMode - INFO - --- Attempt 3 to fix the issue ---
2025-07-31 18:38:49,747 - AgentDev-SafeMode - INFO - Basic error analysis: Type=ZeroDivisionError, Msg='division by zero', File=modules\example_module.py
2025-07-31 18:39:04,085 - httpx - INFO - HTTP Request: POST https://api.openai.com/v1/chat/completions "HTTP/1.1 200 OK"
2025-07-31 18:39:04,087 - AgentDev-SafeMode - ERROR - Failed to parse or validate AI plan: Expecting value: line 1 column 1 (char 0). Raw response: To address the ZeroDivisionError in the provided Python code, we need to modify the function to handle division by zero appropriately. Below is a detailed, multi-step plan in JSON format that conforms to the AI_PLAN_SCHEMA. This plan aims to fix the root cause of the error and ensure code quality by adding appropriate error handling and tests.

```json
{
  "steps": [
    {
      "action": "modify_code",
      "description": "Modify the function to handle division by zero by adding a conditional 
2025-07-31 18:39:04,088 - AgentDev-SafeMode - ERROR - Error during planning phase: AI failed to provide a valid plan conforming to schema.. Retrying with feedback.
2025-07-31 18:39:04,088 - AgentDev-SafeMode - INFO - EthicsChecker initialized with level: medium
2025-07-31 18:39:04,089 - AgentDev-SafeMode - INFO - StillMeFramework (simplified) initialized for ethics checks.
2025-07-31 18:39:04,089 - AgentDev-SafeMode - INFO - EthicsChecker initialized with level: medium
2025-07-31 18:39:04,089 - AgentDev-SafeMode - INFO - StillMeFramework (simplified) initialized for ethics checks.
2025-07-31 18:39:04,089 - AgentDev-SafeMode - ERROR - Agent failed to fix the issue after 3 attempts. Manual intervention required.
2025-07-31 18:39:04,089 - AgentDev-SafeMode - INFO - Last known error: AI failed to provide a valid plan conforming to schema.
2025-07-31 18:39:04,090 - AgentDev-SafeMode - INFO - Keeping agent branch for debugging.
2025-07-31 18:39:04,090 - AgentDev-SafeMode - INFO - AgentDev process finished.
2025-07-31 18:40:39,404 - AgentDev-SafeMode - INFO - AgentDev started for problem: '
Traceback (most recent call last):
  File "framework.py", line 5, in <module>
    result = some_function_in_module()
  File "modules/example_module.py", line 2, in some_function_in_module
    return 10 / 0
ZeroDivisionError: division by zero
' in file: 'modules/example_module.py'
2025-07-31 18:40:39,714 - AgentDev-SafeMode - INFO - GitManager initialized. Current branch: agent-fix-20250731183826
2025-07-31 18:40:39,715 - AgentDev-SafeMode - INFO - Creating and checking out branch: agent-fix-20250731184039
2025-07-31 18:40:39,780 - AgentDev-SafeMode - INFO - EthicsChecker initialized with level: medium
2025-07-31 18:40:39,781 - AgentDev-SafeMode - INFO - StillMeFramework (simplified) initialized for ethics checks.
2025-07-31 18:40:39,781 - AgentDev-SafeMode - INFO - --- Attempt 1 to fix the issue ---
2025-07-31 18:40:39,787 - AgentDev-SafeMode - INFO - Basic error analysis: Type=ZeroDivisionError, Msg='division by zero', File=modules\example_module.py
2025-07-31 18:40:49,202 - httpx - INFO - HTTP Request: POST https://api.openai.com/v1/chat/completions "HTTP/1.1 200 OK"
2025-07-31 18:40:49,208 - AgentDev-SafeMode - ERROR - Failed to parse or validate AI plan: Expecting value: line 1 column 1 (char 0). Raw response: ```json
{
  "steps": [
    {
      "action": "modify_code",
      "description": "Fix the division by zero error by ensuring the denominator is not zero.",
      "file": "modules/example_module.py",
      "code_to_apply": "def some_function_in_module():\n    denominator = 1  # Set a default non-zero denominator\n    return 10 / denominator"
    },
    {
      "action": "add_test",
      "description": "Add a unit test to verify that the function 'some_function_in_module' does not raise a ZeroDiv
2025-07-31 18:40:49,208 - AgentDev-SafeMode - ERROR - Error during planning phase: AI failed to provide a valid plan conforming to schema.. Retrying with feedback.
2025-07-31 18:40:49,209 - AgentDev-SafeMode - INFO - EthicsChecker initialized with level: medium
2025-07-31 18:40:49,209 - AgentDev-SafeMode - INFO - StillMeFramework (simplified) initialized for ethics checks.
2025-07-31 18:40:49,209 - AgentDev-SafeMode - INFO - --- Attempt 2 to fix the issue ---
2025-07-31 18:40:49,214 - AgentDev-SafeMode - INFO - Basic error analysis: Type=ZeroDivisionError, Msg='division by zero', File=modules\example_module.py
2025-07-31 18:41:01,631 - httpx - INFO - HTTP Request: POST https://api.openai.com/v1/chat/completions "HTTP/1.1 200 OK"
2025-07-31 18:41:01,632 - AgentDev-SafeMode - ERROR - Failed to parse or validate AI plan: Expecting value: line 1 column 1 (char 0). Raw response: To address the ZeroDivisionError in the provided Python code, we need to ensure that the division operation does not attempt to divide by zero. Here's a detailed plan to fix the error, improve code quality, and ensure the plan conforms to the AI_PLAN_SCHEMA.

```json
{
  "steps": [
    {
      "action": "modify_code",
      "description": "Modify the function to handle division by zero by checking the divisor before performing the division.",
      "file": "modules/example_module.py",
      "cod
2025-07-31 18:41:01,633 - AgentDev-SafeMode - ERROR - Error during planning phase: AI failed to provide a valid plan conforming to schema.. Retrying with feedback.
2025-07-31 18:41:01,633 - AgentDev-SafeMode - INFO - EthicsChecker initialized with level: medium
2025-07-31 18:41:01,633 - AgentDev-SafeMode - INFO - StillMeFramework (simplified) initialized for ethics checks.
2025-07-31 18:41:01,633 - AgentDev-SafeMode - INFO - --- Attempt 3 to fix the issue ---
2025-07-31 18:41:01,637 - AgentDev-SafeMode - INFO - Basic error analysis: Type=ZeroDivisionError, Msg='division by zero', File=modules\example_module.py
2025-07-31 18:41:13,678 - httpx - INFO - HTTP Request: POST https://api.openai.com/v1/chat/completions "HTTP/1.1 200 OK"
2025-07-31 18:41:13,679 - AgentDev-SafeMode - ERROR - Failed to parse or validate AI plan: Expecting value: line 1 column 1 (char 0). Raw response: To address the ZeroDivisionError in the provided Python code, we need to create a detailed plan that conforms to the AI_PLAN_SCHEMA. The plan will focus on fixing the root cause of the error and ensuring code quality. Here's the JSON object representing the plan:

```json
{
  "steps": [
    {
      "action": "modify_code",
      "description": "Fix the ZeroDivisionError by replacing the division by zero with a valid operation.",
      "file": "modules/example_module.py",
      "code_to_apply": "
2025-07-31 18:41:13,679 - AgentDev-SafeMode - ERROR - Error during planning phase: AI failed to provide a valid plan conforming to schema.. Retrying with feedback.
2025-07-31 18:41:13,680 - AgentDev-SafeMode - INFO - EthicsChecker initialized with level: medium
2025-07-31 18:41:13,680 - AgentDev-SafeMode - INFO - StillMeFramework (simplified) initialized for ethics checks.
2025-07-31 18:41:13,680 - AgentDev-SafeMode - INFO - EthicsChecker initialized with level: medium
2025-07-31 18:41:13,680 - AgentDev-SafeMode - INFO - StillMeFramework (simplified) initialized for ethics checks.
2025-07-31 18:41:13,680 - AgentDev-SafeMode - ERROR - Agent failed to fix the issue after 3 attempts. Manual intervention required.
2025-07-31 18:41:13,680 - AgentDev-SafeMode - INFO - Last known error: AI failed to provide a valid plan conforming to schema.
2025-07-31 18:41:13,681 - AgentDev-SafeMode - INFO - Keeping agent branch for debugging.
2025-07-31 18:41:13,681 - AgentDev-SafeMode - INFO - AgentDev process finished.
