# file: D:\stillme_ai\agent_dev\core\agentdev.py
# hypothesis_version: 6.140.2

[120, 1000, '#', '%Y%m%d_%H%M%S', '**/agentdev*.py', '--\\s*$', '--disable-warnings', '--fix', '--maxfail=1', '--output-format', '--select', '--statistics', '-k', '-q', '.', '...', '/\\*.*\\*/', '/etc/passwd', '/etc/shadow', ';\\s*drop\\s+table', '<script[^>]*>', 'Any', 'AsyncMock', 'Callable', 'Dict', 'E', 'E999', 'EXCEPTION', 'F401', 'F821', 'Found', 'HealthStatus', 'I001', 'JSON_PARSE_FAILED', 'List', 'Literal', 'Mock', 'No errors found', 'Optional', 'PIIType', 'RUFF_FAILED', 'Ruff scan timeout', 'SENIOR', 'SIMPLE', 'SYSTEM_ERROR', 'Set', 'TIMEOUT', 'Tuple', 'Type', 'Union', 'W', 'W291', 'W293', 'W293,W291', '\\.\\./', '\\.\\.\\\\', '\\s+.*bypass', '\\s+.*ignore', '\\s+.*override', '__import__\\s*\\(', '__main__', '`', 'act\\s+as\\s+if', 'agentdev_backups', 'agentdev_ruff.json', 'alert\\s*\\(', 'api\\s*key\\s*:\\s*sk-', 'artifacts', 'business', 'bypass', 'bypass\\s+.*', 'cat\\s+/etc/passwd', 'check', 'code', 'column', 'cost', 'critical-first', 'customer', 'datetime', 'default', 'del\\s+/s\\s+/q', 'delete', 'delete\\s+everything', 'delete\\s+from', 'developer mode', 'developer[-_\\s]+mode', 'developer\\s+mode', 'dir\\s+c:\\\\', 'document\\.cookie', 'done', 'error', 'errors_fixed', 'errors_total_after', 'errors_total_before', 'eval\\s*\\(', 'exec\\s*\\(', 'failed', 'file', 'filename', 'files_touched', 'fixed', 'format\\s+[a-z]:', 'format\\s+c:', 'from ', 'given', 'ignore', 'ignore\\s+.*', 'import ', 'insert\\s+into', 'issues', 'jailbreak', 'javascript:', 'json', 'key\\s*:\\s*\\w+', 'line', 'location', 'ls\\s+-la\\s+/', 'major', 'message', 'minor', 'msg', 'new\\s+instructions?', 'not slow', 'on\\w+\\s*=', 'optimize', 'override', 'override\\s+.*', 'pass\\s*:\\s*\\w+', 'password\\s*:\\s*\\w+', 'patch', 'performance', 'preflight_failed', 'pretend', 'pytest', 'replace', 'rm\\s+-rf\\s+/', 'roleplay[-_\\s]+as', 'roleplay\\s+as', 'rolled_back', 'row', 'ruff', 'ruff_errors', 'rule', 'safety rules', 'sample_errors', 'secret\\s*:\\s*\\w+', 'settings', 'severity', 'shell_exec\\s*\\(', 'status', 'stillme_ai', 'subprocess\\.call', 'system commands', 'system\\s*\\(', 'system_error', 'tests', 'tests_failed', 'tests_passed', 'timestamp', 'token\\s*:\\s*\\w+', 'union\\s+select', 'update\\s+set', 'utf-8', 'valid', 'w', 'window\\.location', '‚ùå Invalid task input']