{
  "sessions": [
    {
      "timestamp": "2025-09-06T14:14:05.425777",
      "goal": "Test logging and metrics",
      "total_steps": 1,
      "passed_steps": 0,
      "failed_steps": 1,
      "pass_rate": 0.0,
      "total_duration_s": 7.553,
      "steps_details": [
        {
          "id": 1,
          "desc": "Review & fix .oi_sandbox/snippet.py",
          "action": "edit_file",
          "exec_ok": false,
          "stdout_tail": "Warning: Some modules could not be imported: No module named 'modules.smart_gpt_api_manager_v1'\n\nno tests ran in 0.01s\n\nERROR: file or directory not found: tests/test_snippet.py\n\n",
          "duration_s": 7.47,
          "verification": {
            "passed": false,
            "reason": "execution failed",
            "details": {
              "stdout": "Warning: Some modules could not be imported: No module named 'modules.smart_gpt_api_manager_v1'\n\nno tests ran in 0.01s\n",
              "stderr": "ERROR: file or directory not found: tests/test_snippet.py\n\n",
              "error": ""
            }
          },
          "target": ".oi_sandbox/snippet.py",
          "tests_run": [
            "tests/test_snippet.py"
          ]
        }
      ]
    },
    {
      "timestamp": "2025-09-06T14:17:25.991430",
      "goal": "Run unit tests",
      "total_steps": 1,
      "passed_steps": 1,
      "failed_steps": 0,
      "pass_rate": 1.0,
      "total_duration_s": 0.001,
      "steps_details": [
        {
          "id": 1,
          "desc": "Run simple test",
          "action": "run_tests",
          "exec_ok": true,
          "stdout_tail": "1 passed",
          "duration_s": 0.0,
          "verification": {
            "passed": true,
            "reason": "test passed"
          },
          "target": "C:\\Users\\LENOVO\\AppData\\Local\\Temp\\pytest-of-LENOVO\\pytest-73\\test_run_agent_success_flow0\\test_simple.py",
          "tests_run": [
            "C:\\Users\\LENOVO\\AppData\\Local\\Temp\\pytest-of-LENOVO\\pytest-73\\test_run_agent_success_flow0\\test_simple.py"
          ]
        }
      ]
    },
    {
      "timestamp": "2025-09-06T14:17:25.999506",
      "goal": "Run failing tests",
      "total_steps": 1,
      "passed_steps": 0,
      "failed_steps": 1,
      "pass_rate": 0.0,
      "total_duration_s": 0.0,
      "steps_details": [
        {
          "id": 1,
          "desc": "Run failing test",
          "action": "run_tests",
          "exec_ok": false,
          "stdout_tail": "\nTest failed",
          "duration_s": 0.0,
          "verification": {
            "passed": false,
            "reason": "test failed"
          },
          "target": "test_fail.py",
          "tests_run": []
        }
      ]
    },
    {
      "timestamp": "2025-09-06T14:17:26.023191",
      "goal": "Run multiple tests",
      "total_steps": 2,
      "passed_steps": 1,
      "failed_steps": 1,
      "pass_rate": 0.5,
      "total_duration_s": 0.0,
      "steps_details": [
        {
          "id": 1,
          "desc": "Step 1",
          "action": "run_tests",
          "exec_ok": true,
          "stdout_tail": "1 passed",
          "duration_s": 0.0,
          "verification": {
            "passed": true,
            "reason": "test passed"
          },
          "target": "test1.py",
          "tests_run": [
            "test1.py"
          ]
        },
        {
          "id": 2,
          "desc": "Step 2",
          "action": "run_tests",
          "exec_ok": false,
          "stdout_tail": "\nTest failed",
          "duration_s": 0.0,
          "verification": {
            "passed": false,
            "reason": "test failed"
          },
          "target": "test2.py",
          "tests_run": []
        }
      ]
    },
    {
      "timestamp": "2025-09-06T14:17:53.386944",
      "goal": "Run unit tests",
      "total_steps": 3,
      "passed_steps": 0,
      "failed_steps": 3,
      "pass_rate": 0.0,
      "total_duration_s": 11.441,
      "steps_details": [
        {
          "id": 1,
          "desc": "Review & fix .oi_sandbox/snippet.py",
          "action": "edit_file",
          "exec_ok": false,
          "stdout_tail": "Warning: Some modules could not be imported: No module named 'modules.smart_gpt_api_manager_v1'\n\nno tests ran in 0.00s\n\nERROR: file or directory not found: tests/test_snippet.py\n\n",
          "duration_s": 9.22,
          "verification": {
            "passed": false,
            "reason": "execution failed",
            "details": {
              "stdout": "Warning: Some modules could not be imported: No module named 'modules.smart_gpt_api_manager_v1'\n\nno tests ran in 0.00s\n",
              "stderr": "ERROR: file or directory not found: tests/test_snippet.py\n\n",
              "error": ""
            }
          },
          "target": ".oi_sandbox/snippet.py",
          "tests_run": [
            "tests/test_snippet.py"
          ]
        },
        {
          "id": 2,
          "desc": "Review & fix modules/smart_gpt_api_manager_v1.py",
          "action": "edit_file",
          "exec_ok": false,
          "stdout_tail": "import SmartGPTAPIManager\nE   ModuleNotFoundError: No module named 'modules.smart_gpt_api_manager_v1'\n------------------------------- Captured stdout -------------------------------\nWarning: Some modules could not be imported: No module named 'modules.smart_gpt_api_manager_v1'\n=========================== short test summary info ===========================\nERROR tests/test_smart_gpt_api_manager_v1.py\n!!!!!!!!!!!!!!!!!!! Interrupted: 1 error during collection !!!!!!!!!!!!!!!!!!!!\n1 error in 0.26s\n",
          "duration_s": 1.13,
          "verification": {
            "passed": false,
            "reason": "execution failed",
            "details": {
              "stdout": "\n=================================== ERRORS ====================================\n___________ ERROR collecting tests/test_smart_gpt_api_manager_v1.py ___________\nImportError while importing test module 'D:\\stillme_ai\\.sandbox\\tests\\test_smart_gpt_api_manager_v1.py'.\nHint: make sure your test modules/packages have valid Python names.\nTraceback:\nC:\\Users\\LENOVO\\AppData\\Local\\Programs\\Python\\Python312\\Lib\\importlib\\__init__.py:90: in import_module\n    return _bootstrap._gcd_import(name[level:], package, level)\n           ^^^^^^^^^^^^^^^^^^^^^^^^^^^^^^^^^^^^^^^^^^^^^^^^^^^^\ntests\\test_smart_gpt_api_manager_v1.py:3: in <module>\n    from modules.smart_gpt_api_manager_v1 import SmartGPTAPIManager\nE   ModuleNotFoundError: No module named 'modules.smart_gpt_api_manager_v1'\n------------------------------- Captured stdout -------------------------------\nWarning: Some modules could not be imported: No module named 'modules.smart_gpt_api_manager_v1'\n=========================== short test summary info ===========================\nERROR tests/test_smart_gpt_api_manager_v1.py\n!!!!!!!!!!!!!!!!!!! Interrupted: 1 error during collection !!!!!!!!!!!!!!!!!!!!\n1 error in 0.26s\n",
              "stderr": "",
              "error": ""
            }
          },
          "target": "modules/smart_gpt_api_manager_v1.py",
          "tests_run": [
            "tests/test_smart_gpt_api_manager_v1.py"
          ]
        },
        {
          "id": 3,
          "desc": "Review & fix stillme_core/controller.py",
          "action": "edit_file",
          "exec_ok": false,
          "stdout_tail": "Warning: Some modules could not be imported: No module named 'modules.smart_gpt_api_manager_v1'\n\nno tests ran in 0.00s\n\nERROR: file or directory not found: tests/test_controller.py\n\n",
          "duration_s": 1.01,
          "verification": {
            "passed": false,
            "reason": "execution failed",
            "details": {
              "stdout": "Warning: Some modules could not be imported: No module named 'modules.smart_gpt_api_manager_v1'\n\nno tests ran in 0.00s\n",
              "stderr": "ERROR: file or directory not found: tests/test_controller.py\n\n",
              "error": ""
            }
          },
          "target": "stillme_core/controller.py",
          "tests_run": [
            "tests/test_controller.py"
          ]
        }
      ]
    },
    {
      "timestamp": "2025-09-06T14:18:14.507548",
      "goal": "Acceptance test",
      "total_steps": 1,
      "passed_steps": 0,
      "failed_steps": 1,
      "pass_rate": 0.0,
      "total_duration_s": 9.1,
      "steps_details": [
        {
          "id": 1,
          "desc": "Review & fix .oi_sandbox/snippet.py",
          "action": "edit_file",
          "exec_ok": false,
          "stdout_tail": "Warning: Some modules could not be imported: No module named 'modules.smart_gpt_api_manager_v1'\n\nno tests ran in 0.00s\n\nERROR: file or directory not found: tests/test_snippet.py\n\n",
          "duration_s": 9.0,
          "verification": {
            "passed": false,
            "reason": "execution failed",
            "details": {
              "stdout": "Warning: Some modules could not be imported: No module named 'modules.smart_gpt_api_manager_v1'\n\nno tests ran in 0.00s\n",
              "stderr": "ERROR: file or directory not found: tests/test_snippet.py\n\n",
              "error": ""
            }
          },
          "target": ".oi_sandbox/snippet.py",
          "tests_run": [
            "tests/test_snippet.py"
          ]
        }
      ]
    },
    {
      "timestamp": "2025-09-06T14:28:06.006409",
      "goal": "Run unit tests",
      "total_steps": 1,
      "passed_steps": 1,
      "failed_steps": 0,
      "pass_rate": 1.0,
      "total_duration_s": 0.007,
      "steps_details": [
        {
          "id": 1,
          "desc": "Run simple test",
          "action": "run_tests",
          "exec_ok": true,
          "stdout_tail": "1 passed",
          "duration_s": 0.0,
          "verification": {
            "passed": true,
            "reason": "test passed"
          },
          "target": "C:\\Users\\LENOVO\\AppData\\Local\\Temp\\pytest-of-LENOVO\\pytest-74\\test_run_agent_success_flow0\\test_simple.py",
          "tests_run": [
            "C:\\Users\\LENOVO\\AppData\\Local\\Temp\\pytest-of-LENOVO\\pytest-74\\test_run_agent_success_flow0\\test_simple.py"
          ]
        }
      ]
    },
    {
      "timestamp": "2025-09-06T14:28:06.011474",
      "goal": "Run failing tests",
      "total_steps": 1,
      "passed_steps": 0,
      "failed_steps": 1,
      "pass_rate": 0.0,
      "total_duration_s": 0.0,
      "steps_details": [
        {
          "id": 1,
          "desc": "Run failing test",
          "action": "run_tests",
          "exec_ok": false,
          "stdout_tail": "\nTest failed",
          "duration_s": 0.0,
          "verification": {
            "passed": false,
            "reason": "test failed"
          },
          "target": "test_fail.py",
          "tests_run": []
        }
      ]
    },
    {
      "timestamp": "2025-09-06T14:28:06.026438",
      "goal": "Run multiple tests",
      "total_steps": 2,
      "passed_steps": 1,
      "failed_steps": 1,
      "pass_rate": 0.5,
      "total_duration_s": 0.0,
      "steps_details": [
        {
          "id": 1,
          "desc": "Step 1",
          "action": "run_tests",
          "exec_ok": true,
          "stdout_tail": "1 passed",
          "duration_s": 0.0,
          "verification": {
            "passed": true,
            "reason": "test passed"
          },
          "target": "test1.py",
          "tests_run": [
            "test1.py"
          ]
        },
        {
          "id": 2,
          "desc": "Step 2",
          "action": "run_tests",
          "exec_ok": false,
          "stdout_tail": "\nTest failed",
          "duration_s": 0.0,
          "verification": {
            "passed": false,
            "reason": "test failed"
          },
          "target": "test2.py",
          "tests_run": []
        }
      ]
    },
    {
      "timestamp": "2025-09-06T14:38:39.555360",
      "goal": "Run unit tests",
      "total_steps": 1,
      "passed_steps": 1,
      "failed_steps": 0,
      "pass_rate": 1.0,
      "total_duration_s": 0.0,
      "steps_details": [
        {
          "id": 1,
          "desc": "Run simple test",
          "action": "run_tests",
          "exec_ok": true,
          "stdout_tail": "1 passed",
          "duration_s": 0.0,
          "verification": {
            "passed": true,
            "reason": "test passed"
          },
          "target": "C:\\Users\\LENOVO\\AppData\\Local\\Temp\\pytest-of-LENOVO\\pytest-77\\test_run_agent_success_flow0\\test_simple.py",
          "tests_run": [
            "C:\\Users\\LENOVO\\AppData\\Local\\Temp\\pytest-of-LENOVO\\pytest-77\\test_run_agent_success_flow0\\test_simple.py"
          ]
        }
      ]
    },
    {
      "timestamp": "2025-09-06T14:38:39.562677",
      "goal": "Run failing tests",
      "total_steps": 1,
      "passed_steps": 0,
      "failed_steps": 1,
      "pass_rate": 0.0,
      "total_duration_s": 0.001,
      "steps_details": [
        {
          "id": 1,
          "desc": "Run failing test",
          "action": "run_tests",
          "exec_ok": false,
          "stdout_tail": "\nTest failed",
          "duration_s": 0.0,
          "verification": {
            "passed": false,
            "reason": "test failed"
          },
          "target": "test_fail.py",
          "tests_run": []
        }
      ]
    },
    {
      "timestamp": "2025-09-06T14:38:39.585732",
      "goal": "Run multiple tests",
      "total_steps": 2,
      "passed_steps": 1,
      "failed_steps": 1,
      "pass_rate": 0.5,
      "total_duration_s": 0.001,
      "steps_details": [
        {
          "id": 1,
          "desc": "Step 1",
          "action": "run_tests",
          "exec_ok": true,
          "stdout_tail": "1 passed",
          "duration_s": 0.0,
          "verification": {
            "passed": true,
            "reason": "test passed"
          },
          "target": "test1.py",
          "tests_run": [
            "test1.py"
          ]
        },
        {
          "id": 2,
          "desc": "Step 2",
          "action": "run_tests",
          "exec_ok": false,
          "stdout_tail": "\nTest failed",
          "duration_s": 0.0,
          "verification": {
            "passed": false,
            "reason": "test failed"
          },
          "target": "test2.py",
          "tests_run": []
        }
      ]
    },
    {
      "timestamp": "2025-09-06T14:38:51.048291",
      "goal": "Run unit tests",
      "total_steps": 3,
      "passed_steps": 0,
      "failed_steps": 3,
      "pass_rate": 0.0,
      "total_duration_s": 11.417,
      "steps_details": [
        {
          "id": 1,
          "desc": "Review & fix .oi_sandbox/snippet.py",
          "action": "edit_file",
          "exec_ok": false,
          "stdout_tail": "Warning: Some modules could not be imported: No module named 'modules.smart_gpt_api_manager_v1'\n\nno tests ran in 0.01s\n\nERROR: file or directory not found: tests/test_snippet.py\n\n",
          "duration_s": 8.96,
          "verification": {
            "passed": false,
            "reason": "execution failed",
            "details": {
              "stdout": "Warning: Some modules could not be imported: No module named 'modules.smart_gpt_api_manager_v1'\n\nno tests ran in 0.01s\n",
              "stderr": "ERROR: file or directory not found: tests/test_snippet.py\n\n",
              "error": ""
            }
          },
          "target": ".oi_sandbox/snippet.py",
          "tests_run": [
            "tests/test_snippet.py"
          ]
        },
        {
          "id": 2,
          "desc": "Review & fix modules/smart_gpt_api_manager_v1.py",
          "action": "edit_file",
          "exec_ok": false,
          "stdout_tail": "import SmartGPTAPIManager\nE   ModuleNotFoundError: No module named 'modules.smart_gpt_api_manager_v1'\n------------------------------- Captured stdout -------------------------------\nWarning: Some modules could not be imported: No module named 'modules.smart_gpt_api_manager_v1'\n=========================== short test summary info ===========================\nERROR tests/test_smart_gpt_api_manager_v1.py\n!!!!!!!!!!!!!!!!!!! Interrupted: 1 error during collection !!!!!!!!!!!!!!!!!!!!\n1 error in 0.26s\n",
          "duration_s": 1.37,
          "verification": {
            "passed": false,
            "reason": "execution failed",
            "details": {
              "stdout": "\n=================================== ERRORS ====================================\n___________ ERROR collecting tests/test_smart_gpt_api_manager_v1.py ___________\nImportError while importing test module 'D:\\stillme_ai\\.sandbox\\tests\\test_smart_gpt_api_manager_v1.py'.\nHint: make sure your test modules/packages have valid Python names.\nTraceback:\nC:\\Users\\LENOVO\\AppData\\Local\\Programs\\Python\\Python312\\Lib\\importlib\\__init__.py:90: in import_module\n    return _bootstrap._gcd_import(name[level:], package, level)\n           ^^^^^^^^^^^^^^^^^^^^^^^^^^^^^^^^^^^^^^^^^^^^^^^^^^^^\ntests\\test_smart_gpt_api_manager_v1.py:3: in <module>\n    from modules.smart_gpt_api_manager_v1 import SmartGPTAPIManager\nE   ModuleNotFoundError: No module named 'modules.smart_gpt_api_manager_v1'\n------------------------------- Captured stdout -------------------------------\nWarning: Some modules could not be imported: No module named 'modules.smart_gpt_api_manager_v1'\n=========================== short test summary info ===========================\nERROR tests/test_smart_gpt_api_manager_v1.py\n!!!!!!!!!!!!!!!!!!! Interrupted: 1 error during collection !!!!!!!!!!!!!!!!!!!!\n1 error in 0.26s\n",
              "stderr": "",
              "error": ""
            }
          },
          "target": "modules/smart_gpt_api_manager_v1.py",
          "tests_run": [
            "tests/test_smart_gpt_api_manager_v1.py"
          ]
        },
        {
          "id": 3,
          "desc": "Review & fix app.py",
          "action": "edit_file",
          "exec_ok": false,
          "stdout_tail": "Warning: Some modules could not be imported: No module named 'modules.smart_gpt_api_manager_v1'\n\nno tests ran in 0.00s\n\nERROR: file or directory not found: tests/test_app.py\n\n",
          "duration_s": 1.0,
          "verification": {
            "passed": false,
            "reason": "execution failed",
            "details": {
              "stdout": "Warning: Some modules could not be imported: No module named 'modules.smart_gpt_api_manager_v1'\n\nno tests ran in 0.00s\n",
              "stderr": "ERROR: file or directory not found: tests/test_app.py\n\n",
              "error": ""
            }
          },
          "target": "app.py",
          "tests_run": [
            "tests/test_app.py"
          ]
        }
      ]
    },
    {
      "timestamp": "2025-09-06T14:39:05.781139",
      "goal": "Fix failing tests",
      "total_steps": 3,
      "passed_steps": 0,
      "failed_steps": 3,
      "pass_rate": 0.0,
      "total_duration_s": 13.496,
      "steps_details": [
        {
          "id": 1,
          "desc": "Review & fix .oi_sandbox/snippet.py",
          "action": "edit_file",
          "exec_ok": false,
          "stdout_tail": "Warning: Some modules could not be imported: No module named 'modules.smart_gpt_api_manager_v1'\n\nno tests ran in 0.01s\n\nERROR: file or directory not found: tests/test_snippet.py\n\n",
          "duration_s": 10.76,
          "verification": {
            "passed": false,
            "reason": "execution failed",
            "details": {
              "stdout": "Warning: Some modules could not be imported: No module named 'modules.smart_gpt_api_manager_v1'\n\nno tests ran in 0.01s\n",
              "stderr": "ERROR: file or directory not found: tests/test_snippet.py\n\n",
              "error": ""
            }
          },
          "target": ".oi_sandbox/snippet.py",
          "tests_run": [
            "tests/test_snippet.py"
          ]
        },
        {
          "id": 2,
          "desc": "Review & fix modules/smart_gpt_api_manager_v1.py",
          "action": "edit_file",
          "exec_ok": false,
          "stdout_tail": "import SmartGPTAPIManager\nE   ModuleNotFoundError: No module named 'modules.smart_gpt_api_manager_v1'\n------------------------------- Captured stdout -------------------------------\nWarning: Some modules could not be imported: No module named 'modules.smart_gpt_api_manager_v1'\n=========================== short test summary info ===========================\nERROR tests/test_smart_gpt_api_manager_v1.py\n!!!!!!!!!!!!!!!!!!! Interrupted: 1 error during collection !!!!!!!!!!!!!!!!!!!!\n1 error in 0.27s\n",
          "duration_s": 1.69,
          "verification": {
            "passed": false,
            "reason": "execution failed",
            "details": {
              "stdout": "\n=================================== ERRORS ====================================\n___________ ERROR collecting tests/test_smart_gpt_api_manager_v1.py ___________\nImportError while importing test module 'D:\\stillme_ai\\.sandbox\\tests\\test_smart_gpt_api_manager_v1.py'.\nHint: make sure your test modules/packages have valid Python names.\nTraceback:\nC:\\Users\\LENOVO\\AppData\\Local\\Programs\\Python\\Python312\\Lib\\importlib\\__init__.py:90: in import_module\n    return _bootstrap._gcd_import(name[level:], package, level)\n           ^^^^^^^^^^^^^^^^^^^^^^^^^^^^^^^^^^^^^^^^^^^^^^^^^^^^\ntests\\test_smart_gpt_api_manager_v1.py:3: in <module>\n    from modules.smart_gpt_api_manager_v1 import SmartGPTAPIManager\nE   ModuleNotFoundError: No module named 'modules.smart_gpt_api_manager_v1'\n------------------------------- Captured stdout -------------------------------\nWarning: Some modules could not be imported: No module named 'modules.smart_gpt_api_manager_v1'\n=========================== short test summary info ===========================\nERROR tests/test_smart_gpt_api_manager_v1.py\n!!!!!!!!!!!!!!!!!!! Interrupted: 1 error during collection !!!!!!!!!!!!!!!!!!!!\n1 error in 0.27s\n",
              "stderr": "",
              "error": ""
            }
          },
          "target": "modules/smart_gpt_api_manager_v1.py",
          "tests_run": [
            "tests/test_smart_gpt_api_manager_v1.py"
          ]
        },
        {
          "id": 3,
          "desc": "Review & fix app.py",
          "action": "edit_file",
          "exec_ok": false,
          "stdout_tail": "Warning: Some modules could not be imported: No module named 'modules.smart_gpt_api_manager_v1'\n\nno tests ran in 0.00s\n\nERROR: file or directory not found: tests/test_app.py\n\n",
          "duration_s": 0.92,
          "verification": {
            "passed": false,
            "reason": "execution failed",
            "details": {
              "stdout": "Warning: Some modules could not be imported: No module named 'modules.smart_gpt_api_manager_v1'\n\nno tests ran in 0.00s\n",
              "stderr": "ERROR: file or directory not found: tests/test_app.py\n\n",
              "error": ""
            }
          },
          "target": "app.py",
          "tests_run": [
            "tests/test_app.py"
          ]
        }
      ]
    },
    {
      "timestamp": "2025-09-06T14:39:16.869578",
      "goal": "Run unit tests",
      "total_steps": 3,
      "passed_steps": 0,
      "failed_steps": 3,
      "pass_rate": 0.0,
      "total_duration_s": 11.058,
      "steps_details": [
        {
          "id": 1,
          "desc": "Review & fix .oi_sandbox/snippet.py",
          "action": "edit_file",
          "exec_ok": false,
          "stdout_tail": "Warning: Some modules could not be imported: No module named 'modules.smart_gpt_api_manager_v1'\n\nno tests ran in 0.00s\n\nERROR: file or directory not found: tests/test_snippet.py\n\n",
          "duration_s": 8.86,
          "verification": {
            "passed": false,
            "reason": "execution failed",
            "details": {
              "stdout": "Warning: Some modules could not be imported: No module named 'modules.smart_gpt_api_manager_v1'\n\nno tests ran in 0.00s\n",
              "stderr": "ERROR: file or directory not found: tests/test_snippet.py\n\n",
              "error": ""
            }
          },
          "target": ".oi_sandbox/snippet.py",
          "tests_run": [
            "tests/test_snippet.py"
          ]
        },
        {
          "id": 2,
          "desc": "Review & fix modules/smart_gpt_api_manager_v1.py",
          "action": "edit_file",
          "exec_ok": false,
          "stdout_tail": "import SmartGPTAPIManager\nE   ModuleNotFoundError: No module named 'modules.smart_gpt_api_manager_v1'\n------------------------------- Captured stdout -------------------------------\nWarning: Some modules could not be imported: No module named 'modules.smart_gpt_api_manager_v1'\n=========================== short test summary info ===========================\nERROR tests/test_smart_gpt_api_manager_v1.py\n!!!!!!!!!!!!!!!!!!! Interrupted: 1 error during collection !!!!!!!!!!!!!!!!!!!!\n1 error in 0.27s\n",
          "duration_s": 1.24,
          "verification": {
            "passed": false,
            "reason": "execution failed",
            "details": {
              "stdout": "\n=================================== ERRORS ====================================\n___________ ERROR collecting tests/test_smart_gpt_api_manager_v1.py ___________\nImportError while importing test module 'D:\\stillme_ai\\.sandbox\\tests\\test_smart_gpt_api_manager_v1.py'.\nHint: make sure your test modules/packages have valid Python names.\nTraceback:\nC:\\Users\\LENOVO\\AppData\\Local\\Programs\\Python\\Python312\\Lib\\importlib\\__init__.py:90: in import_module\n    return _bootstrap._gcd_import(name[level:], package, level)\n           ^^^^^^^^^^^^^^^^^^^^^^^^^^^^^^^^^^^^^^^^^^^^^^^^^^^^\ntests\\test_smart_gpt_api_manager_v1.py:3: in <module>\n    from modules.smart_gpt_api_manager_v1 import SmartGPTAPIManager\nE   ModuleNotFoundError: No module named 'modules.smart_gpt_api_manager_v1'\n------------------------------- Captured stdout -------------------------------\nWarning: Some modules could not be imported: No module named 'modules.smart_gpt_api_manager_v1'\n=========================== short test summary info ===========================\nERROR tests/test_smart_gpt_api_manager_v1.py\n!!!!!!!!!!!!!!!!!!! Interrupted: 1 error during collection !!!!!!!!!!!!!!!!!!!!\n1 error in 0.27s\n",
              "stderr": "",
              "error": ""
            }
          },
          "target": "modules/smart_gpt_api_manager_v1.py",
          "tests_run": [
            "tests/test_smart_gpt_api_manager_v1.py"
          ]
        },
        {
          "id": 3,
          "desc": "Review & fix app.py",
          "action": "edit_file",
          "exec_ok": false,
          "stdout_tail": "Warning: Some modules could not be imported: No module named 'modules.smart_gpt_api_manager_v1'\n\nno tests ran in 0.00s\n\nERROR: file or directory not found: tests/test_app.py\n\n",
          "duration_s": 0.88,
          "verification": {
            "passed": false,
            "reason": "execution failed",
            "details": {
              "stdout": "Warning: Some modules could not be imported: No module named 'modules.smart_gpt_api_manager_v1'\n\nno tests ran in 0.00s\n",
              "stderr": "ERROR: file or directory not found: tests/test_app.py\n\n",
              "error": ""
            }
          },
          "target": "app.py",
          "tests_run": [
            "tests/test_app.py"
          ]
        }
      ]
    },
    {
      "timestamp": "2025-09-06T14:39:27.457763",
      "goal": "Test",
      "total_steps": 3,
      "passed_steps": 0,
      "failed_steps": 3,
      "pass_rate": 0.0,
      "total_duration_s": 10.561,
      "steps_details": [
        {
          "id": 1,
          "desc": "Review & fix .oi_sandbox/snippet.py",
          "action": "edit_file",
          "exec_ok": false,
          "stdout_tail": "Warning: Some modules could not be imported: No module named 'modules.smart_gpt_api_manager_v1'\n\nno tests ran in 0.00s\n\nERROR: file or directory not found: tests/test_snippet.py\n\n",
          "duration_s": 8.44,
          "verification": {
            "passed": false,
            "reason": "execution failed",
            "details": {
              "stdout": "Warning: Some modules could not be imported: No module named 'modules.smart_gpt_api_manager_v1'\n\nno tests ran in 0.00s\n",
              "stderr": "ERROR: file or directory not found: tests/test_snippet.py\n\n",
              "error": ""
            }
          },
          "target": ".oi_sandbox/snippet.py",
          "tests_run": [
            "tests/test_snippet.py"
          ]
        },
        {
          "id": 2,
          "desc": "Review & fix modules/smart_gpt_api_manager_v1.py",
          "action": "edit_file",
          "exec_ok": false,
          "stdout_tail": "import SmartGPTAPIManager\nE   ModuleNotFoundError: No module named 'modules.smart_gpt_api_manager_v1'\n------------------------------- Captured stdout -------------------------------\nWarning: Some modules could not be imported: No module named 'modules.smart_gpt_api_manager_v1'\n=========================== short test summary info ===========================\nERROR tests/test_smart_gpt_api_manager_v1.py\n!!!!!!!!!!!!!!!!!!! Interrupted: 1 error during collection !!!!!!!!!!!!!!!!!!!!\n1 error in 0.25s\n",
          "duration_s": 1.11,
          "verification": {
            "passed": false,
            "reason": "execution failed",
            "details": {
              "stdout": "\n=================================== ERRORS ====================================\n___________ ERROR collecting tests/test_smart_gpt_api_manager_v1.py ___________\nImportError while importing test module 'D:\\stillme_ai\\.sandbox\\tests\\test_smart_gpt_api_manager_v1.py'.\nHint: make sure your test modules/packages have valid Python names.\nTraceback:\nC:\\Users\\LENOVO\\AppData\\Local\\Programs\\Python\\Python312\\Lib\\importlib\\__init__.py:90: in import_module\n    return _bootstrap._gcd_import(name[level:], package, level)\n           ^^^^^^^^^^^^^^^^^^^^^^^^^^^^^^^^^^^^^^^^^^^^^^^^^^^^\ntests\\test_smart_gpt_api_manager_v1.py:3: in <module>\n    from modules.smart_gpt_api_manager_v1 import SmartGPTAPIManager\nE   ModuleNotFoundError: No module named 'modules.smart_gpt_api_manager_v1'\n------------------------------- Captured stdout -------------------------------\nWarning: Some modules could not be imported: No module named 'modules.smart_gpt_api_manager_v1'\n=========================== short test summary info ===========================\nERROR tests/test_smart_gpt_api_manager_v1.py\n!!!!!!!!!!!!!!!!!!! Interrupted: 1 error during collection !!!!!!!!!!!!!!!!!!!!\n1 error in 0.25s\n",
              "stderr": "",
              "error": ""
            }
          },
          "target": "modules/smart_gpt_api_manager_v1.py",
          "tests_run": [
            "tests/test_smart_gpt_api_manager_v1.py"
          ]
        },
        {
          "id": 3,
          "desc": "Review & fix app.py",
          "action": "edit_file",
          "exec_ok": false,
          "stdout_tail": "Warning: Some modules could not be imported: No module named 'modules.smart_gpt_api_manager_v1'\n\nno tests ran in 0.00s\n\nERROR: file or directory not found: tests/test_app.py\n\n",
          "duration_s": 0.93,
          "verification": {
            "passed": false,
            "reason": "execution failed",
            "details": {
              "stdout": "Warning: Some modules could not be imported: No module named 'modules.smart_gpt_api_manager_v1'\n\nno tests ran in 0.00s\n",
              "stderr": "ERROR: file or directory not found: tests/test_app.py\n\n",
              "error": ""
            }
          },
          "target": "app.py",
          "tests_run": [
            "tests/test_app.py"
          ]
        }
      ]
    },
    {
      "timestamp": "2025-09-06T14:40:22.292664",
      "goal": "Run unit tests",
      "total_steps": 1,
      "passed_steps": 1,
      "failed_steps": 0,
      "pass_rate": 1.0,
      "total_duration_s": 0.0,
      "steps_details": [
        {
          "id": 1,
          "desc": "Run simple test",
          "action": "run_tests",
          "exec_ok": true,
          "stdout_tail": "1 passed",
          "duration_s": 0.0,
          "verification": {
            "passed": true,
            "reason": "test passed"
          },
          "target": "C:\\Users\\LENOVO\\AppData\\Local\\Temp\\pytest-of-LENOVO\\pytest-78\\test_run_agent_success_flow0\\test_simple.py",
          "tests_run": [
            "C:\\Users\\LENOVO\\AppData\\Local\\Temp\\pytest-of-LENOVO\\pytest-78\\test_run_agent_success_flow0\\test_simple.py"
          ]
        }
      ]
    },
    {
      "timestamp": "2025-09-06T14:40:22.315407",
      "goal": "Run failing tests",
      "total_steps": 1,
      "passed_steps": 0,
      "failed_steps": 1,
      "pass_rate": 0.0,
      "total_duration_s": 0.001,
      "steps_details": [
        {
          "id": 1,
          "desc": "Run failing test",
          "action": "run_tests",
          "exec_ok": false,
          "stdout_tail": "\nTest failed",
          "duration_s": 0.0,
          "verification": {
            "passed": false,
            "reason": "test failed"
          },
          "target": "test_fail.py",
          "tests_run": []
        }
      ]
    },
    {
      "timestamp": "2025-09-06T14:40:22.339244",
      "goal": "Run multiple tests",
      "total_steps": 2,
      "passed_steps": 1,
      "failed_steps": 1,
      "pass_rate": 0.5,
      "total_duration_s": 0.001,
      "steps_details": [
        {
          "id": 1,
          "desc": "Step 1",
          "action": "run_tests",
          "exec_ok": true,
          "stdout_tail": "1 passed",
          "duration_s": 0.0,
          "verification": {
            "passed": true,
            "reason": "test passed"
          },
          "target": "test1.py",
          "tests_run": [
            "test1.py"
          ]
        },
        {
          "id": 2,
          "desc": "Step 2",
          "action": "run_tests",
          "exec_ok": false,
          "stdout_tail": "\nTest failed",
          "duration_s": 0.0,
          "verification": {
            "passed": false,
            "reason": "test failed"
          },
          "target": "test2.py",
          "tests_run": []
        }
      ]
    },
    {
      "timestamp": "2025-09-06T14:47:19.557417",
      "goal": "Fix failing tests in memory module; keep API stable; add missing tests; log changes.",
      "total_steps": 3,
      "passed_steps": 0,
      "failed_steps": 3,
      "pass_rate": 0.0,
      "total_duration_s": 10.398,
      "steps_details": [
        {
          "id": 1,
          "desc": "Review & fix .oi_sandbox/snippet.py",
          "action": "edit_file",
          "exec_ok": false,
          "stdout_tail": "Warning: Some modules could not be imported: No module named 'modules.smart_gpt_api_manager_v1'\n\nno tests ran in 0.00s\n\nERROR: file or directory not found: tests/test_snippet.py\n\n",
          "duration_s": 8.66,
          "verification": {
            "passed": false,
            "reason": "execution failed",
            "details": {
              "stdout": "Warning: Some modules could not be imported: No module named 'modules.smart_gpt_api_manager_v1'\n\nno tests ran in 0.00s\n",
              "stderr": "ERROR: file or directory not found: tests/test_snippet.py\n\n",
              "error": ""
            }
          },
          "target": ".oi_sandbox/snippet.py",
          "tests_run": [
            "tests/test_snippet.py"
          ]
        },
        {
          "id": 2,
          "desc": "Review & fix modules/smart_gpt_api_manager_v1.py",
          "action": "edit_file",
          "exec_ok": false,
          "stdout_tail": "import SmartGPTAPIManager\nE   ModuleNotFoundError: No module named 'modules.smart_gpt_api_manager_v1'\n------------------------------- Captured stdout -------------------------------\nWarning: Some modules could not be imported: No module named 'modules.smart_gpt_api_manager_v1'\n=========================== short test summary info ===========================\nERROR tests/test_smart_gpt_api_manager_v1.py\n!!!!!!!!!!!!!!!!!!! Interrupted: 1 error during collection !!!!!!!!!!!!!!!!!!!!\n1 error in 0.25s\n",
          "duration_s": 1.11,
          "verification": {
            "passed": false,
            "reason": "execution failed",
            "details": {
              "stdout": "\n=================================== ERRORS ====================================\n___________ ERROR collecting tests/test_smart_gpt_api_manager_v1.py ___________\nImportError while importing test module 'D:\\stillme_ai\\.sandbox\\tests\\test_smart_gpt_api_manager_v1.py'.\nHint: make sure your test modules/packages have valid Python names.\nTraceback:\nC:\\Users\\LENOVO\\AppData\\Local\\Programs\\Python\\Python312\\Lib\\importlib\\__init__.py:90: in import_module\n    return _bootstrap._gcd_import(name[level:], package, level)\n           ^^^^^^^^^^^^^^^^^^^^^^^^^^^^^^^^^^^^^^^^^^^^^^^^^^^^\ntests\\test_smart_gpt_api_manager_v1.py:3: in <module>\n    from modules.smart_gpt_api_manager_v1 import SmartGPTAPIManager\nE   ModuleNotFoundError: No module named 'modules.smart_gpt_api_manager_v1'\n------------------------------- Captured stdout -------------------------------\nWarning: Some modules could not be imported: No module named 'modules.smart_gpt_api_manager_v1'\n=========================== short test summary info ===========================\nERROR tests/test_smart_gpt_api_manager_v1.py\n!!!!!!!!!!!!!!!!!!! Interrupted: 1 error during collection !!!!!!!!!!!!!!!!!!!!\n1 error in 0.25s\n",
              "stderr": "",
              "error": ""
            }
          },
          "target": "modules/smart_gpt_api_manager_v1.py",
          "tests_run": [
            "tests/test_smart_gpt_api_manager_v1.py"
          ]
        },
        {
          "id": 3,
          "desc": "Review & fix app.py",
          "action": "edit_file",
          "exec_ok": false,
          "stdout_tail": "try_points\n    return EntryPoints._from_text_for(self.read_text('entry_points.txt'), self)\n                                      ^^^^^^^^^^^^^^^^^^^^^^^^^^^^^^^^^^\n  File \"C:\\Users\\LENOVO\\AppData\\Local\\Programs\\Python\\Python312\\Lib\\importlib\\metadata\\__init__.py\", line 812, in read_text\n    with suppress(\n         ^^^^^^^^^\n  File \"C:\\Users\\LENOVO\\AppData\\Local\\Programs\\Python\\Python312\\Lib\\contextlib.py\", line 446, in __exit__\n    def __exit__(self, exctype, excinst, exctb):\n\nKeyboardInterrupt\n",
          "duration_s": 0.55,
          "verification": {
            "passed": false,
            "reason": "execution failed",
            "details": {
              "stdout": "",
              "stderr": "Traceback (most recent call last):\n  File \"C:\\Users\\LENOVO\\AppData\\Local\\Programs\\Python\\Python312\\Lib\\importlib\\metadata\\__init__.py\", line 819, in read_text\n    return self._path.joinpath(filename).read_text(encoding='utf-8')\n           ^^^^^^^^^^^^^^^^^^^^^^^^^^^^^^^^^^^^^^^^^^^^^^^^^^^^^^^^^\n  File \"C:\\Users\\LENOVO\\AppData\\Local\\Programs\\Python\\Python312\\Lib\\pathlib.py\", line 1027, in read_text\n    with self.open(mode='r', encoding=encoding, errors=errors) as f:\n         ^^^^^^^^^^^^^^^^^^^^^^^^^^^^^^^^^^^^^^^^^^^^^^^^^^^^^\n  File \"C:\\Users\\LENOVO\\AppData\\Local\\Programs\\Python\\Python312\\Lib\\pathlib.py\", line 1013, in open\n    return io.open(self, mode, buffering, encoding, errors, newline)\n           ^^^^^^^^^^^^^^^^^^^^^^^^^^^^^^^^^^^^^^^^^^^^^^^^^^^^^^^^^\nFileNotFoundError: [Errno 2] No such file or directory: 'C:\\\\Users\\\\LENOVO\\\\AppData\\\\Local\\\\Programs\\\\Python\\\\Python312\\\\Lib\\\\site-packages\\\\matplotlib-3.10.6.dist-info\\\\entry_points.txt'\n\nDuring handling of the above exception, another exception occurred:\n\nTraceback (most recent call last):\n  File \"<frozen runpy>\", line 198, in _run_module_as_main\n  File \"<frozen runpy>\", line 88, in _run_code\n  File \"C:\\Users\\LENOVO\\AppData\\Local\\Programs\\Python\\Python312\\Lib\\site-packages\\pytest\\__main__.py\", line 9, in <module>\n    raise SystemExit(pytest.console_main())\n                     ^^^^^^^^^^^^^^^^^^^^^\n  File \"C:\\Users\\LENOVO\\AppData\\Local\\Programs\\Python\\Python312\\Lib\\site-packages\\_pytest\\config\\__init__.py\", line 201, in console_main\n    code = main()\n           ^^^^^^\n  File \"C:\\Users\\LENOVO\\AppData\\Local\\Programs\\Python\\Python312\\Lib\\site-packages\\_pytest\\config\\__init__.py\", line 156, in main\n    config = _prepareconfig(args, plugins)\n             ^^^^^^^^^^^^^^^^^^^^^^^^^^^^^\n  File \"C:\\Users\\LENOVO\\AppData\\Local\\Programs\\Python\\Python312\\Lib\\site-packages\\_pytest\\config\\__init__.py\", line 342, in _prepareconfig\n    config = pluginmanager.hook.pytest_cmdline_parse(\n             ^^^^^^^^^^^^^^^^^^^^^^^^^^^^^^^^^^^^^^^^\n  File \"C:\\Users\\LENOVO\\AppData\\Local\\Programs\\Python\\Python312\\Lib\\site-packages\\pluggy\\_hooks.py\", line 512, in __call__\n    return self._hookexec(self.name, self._hookimpls.copy(), kwargs, firstresult)\n           ^^^^^^^^^^^^^^^^^^^^^^^^^^^^^^^^^^^^^^^^^^^^^^^^^^^^^^^^^^^^^^^^^^^^^^\n  File \"C:\\Users\\LENOVO\\AppData\\Local\\Programs\\Python\\Python312\\Lib\\site-packages\\pluggy\\_manager.py\", line 120, in _hookexec\n    return self._inner_hookexec(hook_name, methods, kwargs, firstresult)\n           ^^^^^^^^^^^^^^^^^^^^^^^^^^^^^^^^^^^^^^^^^^^^^^^^^^^^^^^^^^^^^\n  File \"C:\\Users\\LENOVO\\AppData\\Local\\Programs\\Python\\Python312\\Lib\\site-packages\\pluggy\\_callers.py\", line 167, in _multicall\n    raise exception\n  File \"C:\\Users\\LENOVO\\AppData\\Local\\Programs\\Python\\Python312\\Lib\\site-packages\\pluggy\\_callers.py\", line 139, in _multicall\n    teardown.throw(exception)\n  File \"C:\\Users\\LENOVO\\AppData\\Local\\Programs\\Python\\Python312\\Lib\\site-packages\\_pytest\\helpconfig.py\", line 112, in pytest_cmdline_parse\n    config = yield\n             ^^^^^\n  File \"C:\\Users\\LENOVO\\AppData\\Local\\Programs\\Python\\Python312\\Lib\\site-packages\\pluggy\\_callers.py\", line 121, in _multicall\n    res = hook_impl.function(*args)\n          ^^^^^^^^^^^^^^^^^^^^^^^^^\n  File \"C:\\Users\\LENOVO\\AppData\\Local\\Programs\\Python\\Python312\\Lib\\site-packages\\_pytest\\config\\__init__.py\", line 1146, in pytest_cmdline_parse\n    self.parse(args)\n  File \"C:\\Users\\LENOVO\\AppData\\Local\\Programs\\Python\\Python312\\Lib\\site-packages\\_pytest\\config\\__init__.py\", line 1527, in parse\n    self._preparse(args, addopts=addopts)\n  File \"C:\\Users\\LENOVO\\AppData\\Local\\Programs\\Python\\Python312\\Lib\\site-packages\\_pytest\\config\\__init__.py\", line 1412, in _preparse\n    self.pluginmanager.load_setuptools_entrypoints(\"pytest11\")\n  File \"C:\\Users\\LENOVO\\AppData\\Local\\Programs\\Python\\Python312\\Lib\\site-packages\\pluggy\\_manager.py\", line 407, in load_setuptools_entrypoints\n    for ep in dist.entry_points:\n              ^^^^^^^^^^^^^^^^^\n  File \"C:\\Users\\LENOVO\\AppData\\Local\\Programs\\Python\\Python312\\Lib\\importlib\\metadata\\__init__.py\", line 471, in entry_points\n    return EntryPoints._from_text_for(self.read_text('entry_points.txt'), self)\n                                      ^^^^^^^^^^^^^^^^^^^^^^^^^^^^^^^^^^\n  File \"C:\\Users\\LENOVO\\AppData\\Local\\Programs\\Python\\Python312\\Lib\\importlib\\metadata\\__init__.py\", line 812, in read_text\n    with suppress(\n         ^^^^^^^^^\n  File \"C:\\Users\\LENOVO\\AppData\\Local\\Programs\\Python\\Python312\\Lib\\contextlib.py\", line 446, in __exit__\n    def __exit__(self, exctype, excinst, exctb):\n\nKeyboardInterrupt\n",
              "error": ""
            }
          },
          "target": "app.py",
          "tests_run": [
            "tests/test_app.py"
          ]
        }
      ]
    },
    {
      "timestamp": "2025-09-06T14:47:39.827536",
      "goal": "Fix failing tests in tests/test_layered_memory_v1.py - focus on async event loop errors, API signature issues, and search functionality",
      "total_steps": 3,
      "passed_steps": 0,
      "failed_steps": 3,
      "pass_rate": 0.0,
      "total_duration_s": 11.091,
      "steps_details": [
        {
          "id": 1,
          "desc": "Review & fix .oi_sandbox/snippet.py",
          "action": "edit_file",
          "exec_ok": false,
          "stdout_tail": "Warning: Some modules could not be imported: No module named 'modules.smart_gpt_api_manager_v1'\n\nno tests ran in 0.01s\n\nERROR: file or directory not found: tests/test_snippet.py\n\n",
          "duration_s": 8.93,
          "verification": {
            "passed": false,
            "reason": "execution failed",
            "details": {
              "stdout": "Warning: Some modules could not be imported: No module named 'modules.smart_gpt_api_manager_v1'\n\nno tests ran in 0.01s\n",
              "stderr": "ERROR: file or directory not found: tests/test_snippet.py\n\n",
              "error": ""
            }
          },
          "target": ".oi_sandbox/snippet.py",
          "tests_run": [
            "tests/test_snippet.py"
          ]
        },
        {
          "id": 2,
          "desc": "Review & fix modules/smart_gpt_api_manager_v1.py",
          "action": "edit_file",
          "exec_ok": false,
          "stdout_tail": "import SmartGPTAPIManager\nE   ModuleNotFoundError: No module named 'modules.smart_gpt_api_manager_v1'\n------------------------------- Captured stdout -------------------------------\nWarning: Some modules could not be imported: No module named 'modules.smart_gpt_api_manager_v1'\n=========================== short test summary info ===========================\nERROR tests/test_smart_gpt_api_manager_v1.py\n!!!!!!!!!!!!!!!!!!! Interrupted: 1 error during collection !!!!!!!!!!!!!!!!!!!!\n1 error in 0.25s\n",
          "duration_s": 1.2,
          "verification": {
            "passed": false,
            "reason": "execution failed",
            "details": {
              "stdout": "\n=================================== ERRORS ====================================\n___________ ERROR collecting tests/test_smart_gpt_api_manager_v1.py ___________\nImportError while importing test module 'D:\\stillme_ai\\.sandbox\\tests\\test_smart_gpt_api_manager_v1.py'.\nHint: make sure your test modules/packages have valid Python names.\nTraceback:\nC:\\Users\\LENOVO\\AppData\\Local\\Programs\\Python\\Python312\\Lib\\importlib\\__init__.py:90: in import_module\n    return _bootstrap._gcd_import(name[level:], package, level)\n           ^^^^^^^^^^^^^^^^^^^^^^^^^^^^^^^^^^^^^^^^^^^^^^^^^^^^\ntests\\test_smart_gpt_api_manager_v1.py:3: in <module>\n    from modules.smart_gpt_api_manager_v1 import SmartGPTAPIManager\nE   ModuleNotFoundError: No module named 'modules.smart_gpt_api_manager_v1'\n------------------------------- Captured stdout -------------------------------\nWarning: Some modules could not be imported: No module named 'modules.smart_gpt_api_manager_v1'\n=========================== short test summary info ===========================\nERROR tests/test_smart_gpt_api_manager_v1.py\n!!!!!!!!!!!!!!!!!!! Interrupted: 1 error during collection !!!!!!!!!!!!!!!!!!!!\n1 error in 0.25s\n",
              "stderr": "",
              "error": ""
            }
          },
          "target": "modules/smart_gpt_api_manager_v1.py",
          "tests_run": [
            "tests/test_smart_gpt_api_manager_v1.py"
          ]
        },
        {
          "id": 3,
          "desc": "Review & fix app.py",
          "action": "edit_file",
          "exec_ok": false,
          "stdout_tail": "Warning: Some modules could not be imported: No module named 'modules.smart_gpt_api_manager_v1'\n\nno tests ran in 0.00s\n\nERROR: file or directory not found: tests/test_app.py\n\n",
          "duration_s": 0.89,
          "verification": {
            "passed": false,
            "reason": "execution failed",
            "details": {
              "stdout": "Warning: Some modules could not be imported: No module named 'modules.smart_gpt_api_manager_v1'\n\nno tests ran in 0.00s\n",
              "stderr": "ERROR: file or directory not found: tests/test_app.py\n\n",
              "error": ""
            }
          },
          "target": "app.py",
          "tests_run": [
            "tests/test_app.py"
          ]
        }
      ]
    },
    {
      "timestamp": "2025-09-06T14:48:04.356843",
      "goal": "Fix failing tests in tests/test_layered_memory_v1.py - focus on async event loop errors, API signature issues, and search functionality",
      "total_steps": 5,
      "passed_steps": 0,
      "failed_steps": 5,
      "pass_rate": 0.0,
      "total_duration_s": 13.175,
      "steps_details": [
        {
          "id": 1,
          "desc": "Review & fix .oi_sandbox/snippet.py",
          "action": "edit_file",
          "exec_ok": false,
          "stdout_tail": "Warning: Some modules could not be imported: No module named 'modules.smart_gpt_api_manager_v1'\n\nno tests ran in 0.01s\n\nERROR: file or directory not found: tests/test_snippet.py\n\n",
          "duration_s": 9.14,
          "verification": {
            "passed": false,
            "reason": "execution failed",
            "details": {
              "stdout": "Warning: Some modules could not be imported: No module named 'modules.smart_gpt_api_manager_v1'\n\nno tests ran in 0.01s\n",
              "stderr": "ERROR: file or directory not found: tests/test_snippet.py\n\n",
              "error": ""
            }
          },
          "target": ".oi_sandbox/snippet.py",
          "tests_run": [
            "tests/test_snippet.py"
          ]
        },
        {
          "id": 2,
          "desc": "Review & fix modules/smart_gpt_api_manager_v1.py",
          "action": "edit_file",
          "exec_ok": false,
          "stdout_tail": "import SmartGPTAPIManager\nE   ModuleNotFoundError: No module named 'modules.smart_gpt_api_manager_v1'\n------------------------------- Captured stdout -------------------------------\nWarning: Some modules could not be imported: No module named 'modules.smart_gpt_api_manager_v1'\n=========================== short test summary info ===========================\nERROR tests/test_smart_gpt_api_manager_v1.py\n!!!!!!!!!!!!!!!!!!! Interrupted: 1 error during collection !!!!!!!!!!!!!!!!!!!!\n1 error in 0.30s\n",
          "duration_s": 1.38,
          "verification": {
            "passed": false,
            "reason": "execution failed",
            "details": {
              "stdout": "\n=================================== ERRORS ====================================\n___________ ERROR collecting tests/test_smart_gpt_api_manager_v1.py ___________\nImportError while importing test module 'D:\\stillme_ai\\.sandbox\\tests\\test_smart_gpt_api_manager_v1.py'.\nHint: make sure your test modules/packages have valid Python names.\nTraceback:\nC:\\Users\\LENOVO\\AppData\\Local\\Programs\\Python\\Python312\\Lib\\importlib\\__init__.py:90: in import_module\n    return _bootstrap._gcd_import(name[level:], package, level)\n           ^^^^^^^^^^^^^^^^^^^^^^^^^^^^^^^^^^^^^^^^^^^^^^^^^^^^\ntests\\test_smart_gpt_api_manager_v1.py:3: in <module>\n    from modules.smart_gpt_api_manager_v1 import SmartGPTAPIManager\nE   ModuleNotFoundError: No module named 'modules.smart_gpt_api_manager_v1'\n------------------------------- Captured stdout -------------------------------\nWarning: Some modules could not be imported: No module named 'modules.smart_gpt_api_manager_v1'\n=========================== short test summary info ===========================\nERROR tests/test_smart_gpt_api_manager_v1.py\n!!!!!!!!!!!!!!!!!!! Interrupted: 1 error during collection !!!!!!!!!!!!!!!!!!!!\n1 error in 0.30s\n",
              "stderr": "",
              "error": ""
            }
          },
          "target": "modules/smart_gpt_api_manager_v1.py",
          "tests_run": [
            "tests/test_smart_gpt_api_manager_v1.py"
          ]
        },
        {
          "id": 3,
          "desc": "Review & fix app.py",
          "action": "edit_file",
          "exec_ok": false,
          "stdout_tail": "Warning: Some modules could not be imported: No module named 'modules.smart_gpt_api_manager_v1'\n\nno tests ran in 0.00s\n\nERROR: file or directory not found: tests/test_app.py\n\n",
          "duration_s": 0.9,
          "verification": {
            "passed": false,
            "reason": "execution failed",
            "details": {
              "stdout": "Warning: Some modules could not be imported: No module named 'modules.smart_gpt_api_manager_v1'\n\nno tests ran in 0.00s\n",
              "stderr": "ERROR: file or directory not found: tests/test_app.py\n\n",
              "error": ""
            }
          },
          "target": "app.py",
          "tests_run": [
            "tests/test_app.py"
          ]
        },
        {
          "id": 4,
          "desc": "Review & fix daily_learning_session.py",
          "action": "edit_file",
          "exec_ok": false,
          "stdout_tail": "Warning: Some modules could not be imported: No module named 'modules.smart_gpt_api_manager_v1'\n\nno tests ran in 0.00s\n\nERROR: file or directory not found: tests/test_daily_learning_session.py\n\n",
          "duration_s": 0.83,
          "verification": {
            "passed": false,
            "reason": "execution failed",
            "details": {
              "stdout": "Warning: Some modules could not be imported: No module named 'modules.smart_gpt_api_manager_v1'\n\nno tests ran in 0.00s\n",
              "stderr": "ERROR: file or directory not found: tests/test_daily_learning_session.py\n\n",
              "error": ""
            }
          },
          "target": "daily_learning_session.py",
          "tests_run": [
            "tests/test_daily_learning_session.py"
          ]
        },
        {
          "id": 5,
          "desc": "Review & fix demo_stress_test.py",
          "action": "edit_file",
          "exec_ok": false,
          "stdout_tail": "Warning: Some modules could not be imported: No module named 'modules.smart_gpt_api_manager_v1'\n\nno tests ran in 0.00s\n\nERROR: file or directory not found: tests/test_demo_stress_test.py\n\n",
          "duration_s": 0.85,
          "verification": {
            "passed": false,
            "reason": "execution failed",
            "details": {
              "stdout": "Warning: Some modules could not be imported: No module named 'modules.smart_gpt_api_manager_v1'\n\nno tests ran in 0.00s\n",
              "stderr": "ERROR: file or directory not found: tests/test_demo_stress_test.py\n\n",
              "error": ""
            }
          },
          "target": "demo_stress_test.py",
          "tests_run": [
            "tests/test_demo_stress_test.py"
          ]
        }
      ]
    },
    {
      "timestamp": "2025-09-06T14:54:39.320213",
      "goal": "Fix failing tests in memory",
      "total_steps": 3,
      "passed_steps": 0,
      "failed_steps": 3,
      "pass_rate": 0.0,
      "total_duration_s": 10.298,
      "steps_details": [
        {
          "id": 1,
          "desc": "Review & fix .oi_sandbox/snippet.py",
          "action": "edit_file",
          "exec_ok": false,
          "stdout_tail": "Warning: Some modules could not be imported: No module named 'modules.smart_gpt_api_manager_v1'\n\nno tests ran in 0.00s\n\nERROR: file or directory not found: tests/test_snippet.py\n\n",
          "duration_s": 8.99,
          "verification": {
            "passed": false,
            "reason": "execution failed",
            "details": {
              "stdout": "Warning: Some modules could not be imported: No module named 'modules.smart_gpt_api_manager_v1'\n\nno tests ran in 0.00s\n",
              "stderr": "ERROR: file or directory not found: tests/test_snippet.py\n\n",
              "error": ""
            }
          },
          "target": ".oi_sandbox/snippet.py",
          "tests_run": [
            "tests/test_snippet.py"
          ]
        },
        {
          "id": 2,
          "desc": "Review & fix modules/smart_gpt_api_manager_v1.py",
          "action": "edit_file",
          "exec_ok": false,
          "stdout_tail": ">\n    from _pytest.tmpdir import TempPathFactory\n  File \"<frozen importlib._bootstrap>\", line 1360, in _find_and_load\n  File \"<frozen importlib._bootstrap>\", line 1331, in _find_and_load_unlocked\n  File \"<frozen importlib._bootstrap>\", line 935, in _load_unlocked\n  File \"<frozen importlib._bootstrap_external>\", line 995, in exec_module\n  File \"<frozen importlib._bootstrap_external>\", line 1091, in get_code\n  File \"<frozen importlib._bootstrap_external>\", line 1190, in get_data\nKeyboardInterrupt\n",
          "duration_s": 0.34,
          "verification": {
            "passed": false,
            "reason": "execution failed",
            "details": {
              "stdout": "",
              "stderr": "Traceback (most recent call last):\n  File \"<frozen runpy>\", line 189, in _run_module_as_main\n  File \"<frozen runpy>\", line 148, in _get_module_details\n  File \"<frozen runpy>\", line 112, in _get_module_details\n  File \"C:\\Users\\LENOVO\\AppData\\Local\\Programs\\Python\\Python312\\Lib\\site-packages\\pytest\\__init__.py\", line 31, in <module>\n    from _pytest.legacypath import TempdirFactory\n  File \"C:\\Users\\LENOVO\\AppData\\Local\\Programs\\Python\\Python312\\Lib\\site-packages\\_pytest\\legacypath.py\", line 30, in <module>\n    from _pytest.pytester import HookRecorder\n  File \"C:\\Users\\LENOVO\\AppData\\Local\\Programs\\Python\\Python312\\Lib\\site-packages\\_pytest\\pytester.py\", line 67, in <module>\n    from _pytest.tmpdir import TempPathFactory\n  File \"<frozen importlib._bootstrap>\", line 1360, in _find_and_load\n  File \"<frozen importlib._bootstrap>\", line 1331, in _find_and_load_unlocked\n  File \"<frozen importlib._bootstrap>\", line 935, in _load_unlocked\n  File \"<frozen importlib._bootstrap_external>\", line 995, in exec_module\n  File \"<frozen importlib._bootstrap_external>\", line 1091, in get_code\n  File \"<frozen importlib._bootstrap_external>\", line 1190, in get_data\nKeyboardInterrupt\n",
              "error": ""
            }
          },
          "target": "modules/smart_gpt_api_manager_v1.py",
          "tests_run": [
            "tests/test_smart_gpt_api_manager_v1.py"
          ]
        },
        {
          "id": 3,
          "desc": "Review & fix app.py",
          "action": "edit_file",
          "exec_ok": false,
          "stdout_tail": "Warning: Some modules could not be imported: No module named 'modules.smart_gpt_api_manager_v1'\n\nno tests ran in 0.00s\n\nERROR: file or directory not found: tests/test_app.py\n\n",
          "duration_s": 0.88,
          "verification": {
            "passed": false,
            "reason": "execution failed",
            "details": {
              "stdout": "Warning: Some modules could not be imported: No module named 'modules.smart_gpt_api_manager_v1'\n\nno tests ran in 0.00s\n",
              "stderr": "ERROR: file or directory not found: tests/test_app.py\n\n",
              "error": ""
            }
          },
          "target": "app.py",
          "tests_run": [
            "tests/test_app.py"
          ]
        }
      ]
    },
    {
      "timestamp": "2025-09-06T16:16:28.562082",
      "goal": "Run unit tests",
      "total_steps": 1,
      "passed_steps": 1,
      "failed_steps": 0,
      "pass_rate": 1.0,
      "total_duration_s": 0.0,
      "steps_details": [
        {
          "id": 1,
          "desc": "Run simple test",
          "action": "run_tests",
          "exec_ok": true,
          "stdout_tail": "1 passed",
          "duration_s": 0.0,
          "verification": {
            "passed": true,
            "reason": "test passed"
          },
          "target": "C:\\Users\\LENOVO\\AppData\\Local\\Temp\\pytest-of-LENOVO\\pytest-89\\test_run_agent_success_flow0\\test_simple.py",
          "tests_run": [
            "C:\\Users\\LENOVO\\AppData\\Local\\Temp\\pytest-of-LENOVO\\pytest-89\\test_run_agent_success_flow0\\test_simple.py"
          ]
        }
      ]
    },
    {
      "timestamp": "2025-09-06T16:16:28.570366",
      "goal": "Run failing tests",
      "total_steps": 1,
      "passed_steps": 0,
      "failed_steps": 1,
      "pass_rate": 0.0,
      "total_duration_s": 0.001,
      "steps_details": [
        {
          "id": 1,
          "desc": "Run failing test",
          "action": "run_tests",
          "exec_ok": false,
          "stdout_tail": "\nTest failed",
          "duration_s": 0.0,
          "verification": {
            "passed": false,
            "reason": "test failed"
          },
          "target": "test_fail.py",
          "tests_run": []
        }
      ]
    },
    {
      "timestamp": "2025-09-06T16:16:28.599797",
      "goal": "Run multiple tests",
      "total_steps": 2,
      "passed_steps": 1,
      "failed_steps": 1,
      "pass_rate": 0.5,
      "total_duration_s": 0.0,
      "steps_details": [
        {
          "id": 1,
          "desc": "Step 1",
          "action": "run_tests",
          "exec_ok": true,
          "stdout_tail": "1 passed",
          "duration_s": 0.0,
          "verification": {
            "passed": true,
            "reason": "test passed"
          },
          "target": "test1.py",
          "tests_run": [
            "test1.py"
          ]
        },
        {
          "id": 2,
          "desc": "Step 2",
          "action": "run_tests",
          "exec_ok": false,
          "stdout_tail": "\nTest failed",
          "duration_s": 0.0,
          "verification": {
            "passed": false,
            "reason": "test failed"
          },
          "target": "test2.py",
          "tests_run": []
        }
      ]
    },
    {
      "timestamp": "2025-09-06T16:16:49.194944",
      "goal": "Reply with 'ok' only (lowercase). No punctuation, no spaces.",
      "total_steps": 3,
      "passed_steps": 0,
      "failed_steps": 3,
      "pass_rate": 0.0,
      "total_duration_s": 13.616,
      "steps_details": [
        {
          "id": 1,
          "desc": "Review & fix .oi_sandbox/snippet.py",
          "action": "edit_file",
          "exec_ok": false,
          "stdout_tail": "Warning: Some modules could not be imported: No module named 'modules.smart_gpt_api_manager_v1'\n\nno tests ran in 0.01s\n\nERROR: file or directory not found: tests/test_snippet.py\n\n",
          "duration_s": 11.31,
          "verification": {
            "passed": false,
            "reason": "execution failed",
            "details": {
              "stdout": "Warning: Some modules could not be imported: No module named 'modules.smart_gpt_api_manager_v1'\n\nno tests ran in 0.01s\n",
              "stderr": "ERROR: file or directory not found: tests/test_snippet.py\n\n",
              "error": ""
            }
          },
          "target": ".oi_sandbox/snippet.py",
          "tests_run": [
            "tests/test_snippet.py"
          ]
        },
        {
          "id": 2,
          "desc": "Review & fix modules/smart_gpt_api_manager_v1.py",
          "action": "edit_file",
          "exec_ok": false,
          "stdout_tail": "keysyms.winconstants import CF_UNICODETEXT, GHND\n  File \"<frozen importlib._bootstrap>\", line 1360, in _find_and_load\n  File \"<frozen importlib._bootstrap>\", line 1331, in _find_and_load_unlocked\n  File \"<frozen importlib._bootstrap>\", line 935, in _load_unlocked\n  File \"<frozen importlib._bootstrap_external>\", line 995, in exec_module\n  File \"<frozen importlib._bootstrap_external>\", line 1091, in get_code\n  File \"<frozen importlib._bootstrap_external>\", line 1190, in get_data\nKeyboardInterrupt\n",
          "duration_s": 0.77,
          "verification": {
            "passed": false,
            "reason": "execution failed",
            "details": {
              "stdout": "",
              "stderr": "Traceback (most recent call last):\n  File \"<frozen runpy>\", line 198, in _run_module_as_main\n  File \"<frozen runpy>\", line 88, in _run_code\n  File \"C:\\Users\\LENOVO\\AppData\\Local\\Programs\\Python\\Python312\\Lib\\site-packages\\pytest\\__main__.py\", line 9, in <module>\n    raise SystemExit(pytest.console_main())\n                     ^^^^^^^^^^^^^^^^^^^^^\n  File \"C:\\Users\\LENOVO\\AppData\\Local\\Programs\\Python\\Python312\\Lib\\site-packages\\_pytest\\config\\__init__.py\", line 201, in console_main\n    code = main()\n           ^^^^^^\n  File \"C:\\Users\\LENOVO\\AppData\\Local\\Programs\\Python\\Python312\\Lib\\site-packages\\_pytest\\config\\__init__.py\", line 156, in main\n    config = _prepareconfig(args, plugins)\n             ^^^^^^^^^^^^^^^^^^^^^^^^^^^^^\n  File \"C:\\Users\\LENOVO\\AppData\\Local\\Programs\\Python\\Python312\\Lib\\site-packages\\_pytest\\config\\__init__.py\", line 342, in _prepareconfig\n    config = pluginmanager.hook.pytest_cmdline_parse(\n             ^^^^^^^^^^^^^^^^^^^^^^^^^^^^^^^^^^^^^^^^\n  File \"C:\\Users\\LENOVO\\AppData\\Local\\Programs\\Python\\Python312\\Lib\\site-packages\\pluggy\\_hooks.py\", line 512, in __call__\n    return self._hookexec(self.name, self._hookimpls.copy(), kwargs, firstresult)\n           ^^^^^^^^^^^^^^^^^^^^^^^^^^^^^^^^^^^^^^^^^^^^^^^^^^^^^^^^^^^^^^^^^^^^^^\n  File \"C:\\Users\\LENOVO\\AppData\\Local\\Programs\\Python\\Python312\\Lib\\site-packages\\pluggy\\_manager.py\", line 120, in _hookexec\n    return self._inner_hookexec(hook_name, methods, kwargs, firstresult)\n           ^^^^^^^^^^^^^^^^^^^^^^^^^^^^^^^^^^^^^^^^^^^^^^^^^^^^^^^^^^^^^\n  File \"C:\\Users\\LENOVO\\AppData\\Local\\Programs\\Python\\Python312\\Lib\\site-packages\\pluggy\\_callers.py\", line 167, in _multicall\n    raise exception\n  File \"C:\\Users\\LENOVO\\AppData\\Local\\Programs\\Python\\Python312\\Lib\\site-packages\\pluggy\\_callers.py\", line 139, in _multicall\n    teardown.throw(exception)\n  File \"C:\\Users\\LENOVO\\AppData\\Local\\Programs\\Python\\Python312\\Lib\\site-packages\\_pytest\\helpconfig.py\", line 112, in pytest_cmdline_parse\n    config = yield\n             ^^^^^\n  File \"C:\\Users\\LENOVO\\AppData\\Local\\Programs\\Python\\Python312\\Lib\\site-packages\\pluggy\\_callers.py\", line 121, in _multicall\n    res = hook_impl.function(*args)\n          ^^^^^^^^^^^^^^^^^^^^^^^^^\n  File \"C:\\Users\\LENOVO\\AppData\\Local\\Programs\\Python\\Python312\\Lib\\site-packages\\_pytest\\config\\__init__.py\", line 1146, in pytest_cmdline_parse\n    self.parse(args)\n  File \"C:\\Users\\LENOVO\\AppData\\Local\\Programs\\Python\\Python312\\Lib\\site-packages\\_pytest\\config\\__init__.py\", line 1527, in parse\n    self._preparse(args, addopts=addopts)\n  File \"C:\\Users\\LENOVO\\AppData\\Local\\Programs\\Python\\Python312\\Lib\\site-packages\\_pytest\\config\\__init__.py\", line 1431, in _preparse\n    self.hook.pytest_load_initial_conftests(\n  File \"C:\\Users\\LENOVO\\AppData\\Local\\Programs\\Python\\Python312\\Lib\\site-packages\\pluggy\\_hooks.py\", line 512, in __call__\n    return self._hookexec(self.name, self._hookimpls.copy(), kwargs, firstresult)\n           ^^^^^^^^^^^^^^^^^^^^^^^^^^^^^^^^^^^^^^^^^^^^^^^^^^^^^^^^^^^^^^^^^^^^^^\n  File \"C:\\Users\\LENOVO\\AppData\\Local\\Programs\\Python\\Python312\\Lib\\site-packages\\pluggy\\_manager.py\", line 120, in _hookexec\n    return self._inner_hookexec(hook_name, methods, kwargs, firstresult)\n           ^^^^^^^^^^^^^^^^^^^^^^^^^^^^^^^^^^^^^^^^^^^^^^^^^^^^^^^^^^^^^\n  File \"C:\\Users\\LENOVO\\AppData\\Local\\Programs\\Python\\Python312\\Lib\\site-packages\\pluggy\\_callers.py\", line 167, in _multicall\n    raise exception\n  File \"C:\\Users\\LENOVO\\AppData\\Local\\Programs\\Python\\Python312\\Lib\\site-packages\\pluggy\\_callers.py\", line 139, in _multicall\n    teardown.throw(exception)\n  File \"C:\\Users\\LENOVO\\AppData\\Local\\Programs\\Python\\Python312\\Lib\\site-packages\\_pytest\\warnings.py\", line 129, in pytest_load_initial_conftests\n    return (yield)\n            ^^^^^\n  File \"C:\\Users\\LENOVO\\AppData\\Local\\Programs\\Python\\Python312\\Lib\\site-packages\\pluggy\\_callers.py\", line 116, in _multicall\n    next(function_gen)  # first yield\n    ^^^^^^^^^^^^^^^^^^\n  File \"C:\\Users\\LENOVO\\AppData\\Local\\Programs\\Python\\Python312\\Lib\\site-packages\\_pytest\\capture.py\", line 161, in pytest_load_initial_conftests\n    _readline_workaround()\n  File \"C:\\Users\\LENOVO\\AppData\\Local\\Programs\\Python\\Python312\\Lib\\site-packages\\_pytest\\capture.py\", line 95, in _readline_workaround\n    import readline  # noqa: F401\n    ^^^^^^^^^^^^^^^\n  File \"C:\\Users\\LENOVO\\AppData\\Local\\Programs\\Python\\Python312\\Lib\\site-packages\\readline.py\", line 7, in <module>\n    from pyreadline3.rlmain import Readline\n  File \"C:\\Users\\LENOVO\\AppData\\Local\\Programs\\Python\\Python312\\Lib\\site-packages\\pyreadline3\\__init__.py\", line 15, in <module>\n    from . import (\n  File \"C:\\Users\\LENOVO\\AppData\\Local\\Programs\\Python\\Python312\\Lib\\site-packages\\pyreadline3\\clipboard\\__init__.py\", line 10, in <module>\n    from .api import set_clipboard_text\n  File \"C:\\Users\\LENOVO\\AppData\\Local\\Programs\\Python\\Python312\\Lib\\site-packages\\pyreadline3\\clipboard\\api.py\", line 20, in <module>\n    from .win32_clipboard import get_clipboard_text, set_clipboard_text\n  File \"C:\\Users\\LENOVO\\AppData\\Local\\Programs\\Python\\Python312\\Lib\\site-packages\\pyreadline3\\clipboard\\win32_clipboard.py\", line 54, in <module>\n    from pyreadline3.keysyms.winconstants import CF_UNICODETEXT, GHND\n  File \"<frozen importlib._bootstrap>\", line 1360, in _find_and_load\n  File \"<frozen importlib._bootstrap>\", line 1331, in _find_and_load_unlocked\n  File \"<frozen importlib._bootstrap>\", line 935, in _load_unlocked\n  File \"<frozen importlib._bootstrap_external>\", line 995, in exec_module\n  File \"<frozen importlib._bootstrap_external>\", line 1091, in get_code\n  File \"<frozen importlib._bootstrap_external>\", line 1190, in get_data\nKeyboardInterrupt\n",
              "error": ""
            }
          },
          "target": "modules/smart_gpt_api_manager_v1.py",
          "tests_run": [
            "tests/test_smart_gpt_api_manager_v1.py"
          ]
        },
        {
          "id": 3,
          "desc": "Review & fix app.py",
          "action": "edit_file",
          "exec_ok": false,
          "stdout_tail": "Warning: Some modules could not be imported: No module named 'modules.smart_gpt_api_manager_v1'\n\nno tests ran in 0.00s\n\nERROR: file or directory not found: tests/test_app.py\n\n",
          "duration_s": 1.44,
          "verification": {
            "passed": false,
            "reason": "execution failed",
            "details": {
              "stdout": "Warning: Some modules could not be imported: No module named 'modules.smart_gpt_api_manager_v1'\n\nno tests ran in 0.00s\n",
              "stderr": "ERROR: file or directory not found: tests/test_app.py\n\n",
              "error": ""
            }
          },
          "target": "app.py",
          "tests_run": [
            "tests/test_app.py"
          ]
        }
      ]
    },
    {
      "timestamp": "2025-09-06T16:18:53.791326",
      "goal": "hello",
      "total_steps": 3,
      "passed_steps": 0,
      "failed_steps": 3,
      "pass_rate": 0.0,
      "total_duration_s": 11.052,
      "steps_details": [
        {
          "id": 1,
          "desc": "Review & fix .oi_sandbox/snippet.py",
          "action": "edit_file",
          "exec_ok": false,
          "stdout_tail": "Warning: Some modules could not be imported: No module named 'modules.smart_gpt_api_manager_v1'\n\nno tests ran in 0.00s\n\nERROR: file or directory not found: tests/test_snippet.py\n\n",
          "duration_s": 8.85,
          "verification": {
            "passed": false,
            "reason": "execution failed",
            "details": {
              "stdout": "Warning: Some modules could not be imported: No module named 'modules.smart_gpt_api_manager_v1'\n\nno tests ran in 0.00s\n",
              "stderr": "ERROR: file or directory not found: tests/test_snippet.py\n\n",
              "error": ""
            }
          },
          "target": ".oi_sandbox/snippet.py",
          "tests_run": [
            "tests/test_snippet.py"
          ]
        },
        {
          "id": 2,
          "desc": "Review & fix modules/smart_gpt_api_manager_v1.py",
          "action": "edit_file",
          "exec_ok": false,
          "stdout_tail": "import SmartGPTAPIManager\nE   ModuleNotFoundError: No module named 'modules.smart_gpt_api_manager_v1'\n------------------------------- Captured stdout -------------------------------\nWarning: Some modules could not be imported: No module named 'modules.smart_gpt_api_manager_v1'\n=========================== short test summary info ===========================\nERROR tests/test_smart_gpt_api_manager_v1.py\n!!!!!!!!!!!!!!!!!!! Interrupted: 1 error during collection !!!!!!!!!!!!!!!!!!!!\n1 error in 0.26s\n",
          "duration_s": 1.2,
          "verification": {
            "passed": false,
            "reason": "execution failed",
            "details": {
              "stdout": "\n=================================== ERRORS ====================================\n___________ ERROR collecting tests/test_smart_gpt_api_manager_v1.py ___________\nImportError while importing test module 'D:\\stillme_ai\\.sandbox\\tests\\test_smart_gpt_api_manager_v1.py'.\nHint: make sure your test modules/packages have valid Python names.\nTraceback:\nC:\\Users\\LENOVO\\AppData\\Local\\Programs\\Python\\Python312\\Lib\\importlib\\__init__.py:90: in import_module\n    return _bootstrap._gcd_import(name[level:], package, level)\n           ^^^^^^^^^^^^^^^^^^^^^^^^^^^^^^^^^^^^^^^^^^^^^^^^^^^^\ntests\\test_smart_gpt_api_manager_v1.py:3: in <module>\n    from modules.smart_gpt_api_manager_v1 import SmartGPTAPIManager\nE   ModuleNotFoundError: No module named 'modules.smart_gpt_api_manager_v1'\n------------------------------- Captured stdout -------------------------------\nWarning: Some modules could not be imported: No module named 'modules.smart_gpt_api_manager_v1'\n=========================== short test summary info ===========================\nERROR tests/test_smart_gpt_api_manager_v1.py\n!!!!!!!!!!!!!!!!!!! Interrupted: 1 error during collection !!!!!!!!!!!!!!!!!!!!\n1 error in 0.26s\n",
              "stderr": "",
              "error": ""
            }
          },
          "target": "modules/smart_gpt_api_manager_v1.py",
          "tests_run": [
            "tests/test_smart_gpt_api_manager_v1.py"
          ]
        },
        {
          "id": 3,
          "desc": "Review & fix app.py",
          "action": "edit_file",
          "exec_ok": false,
          "stdout_tail": "Warning: Some modules could not be imported: No module named 'modules.smart_gpt_api_manager_v1'\n\nno tests ran in 0.00s\n\nERROR: file or directory not found: tests/test_app.py\n\n",
          "duration_s": 0.92,
          "verification": {
            "passed": false,
            "reason": "execution failed",
            "details": {
              "stdout": "Warning: Some modules could not be imported: No module named 'modules.smart_gpt_api_manager_v1'\n\nno tests ran in 0.00s\n",
              "stderr": "ERROR: file or directory not found: tests/test_app.py\n\n",
              "error": ""
            }
          },
          "target": "app.py",
          "tests_run": [
            "tests/test_app.py"
          ]
        }
      ]
    },
    {
      "timestamp": "2025-09-06T16:19:06.410862",
      "goal": "do safe thing",
      "total_steps": 3,
      "passed_steps": 0,
      "failed_steps": 3,
      "pass_rate": 0.0,
      "total_duration_s": 12.572,
      "steps_details": [
        {
          "id": 1,
          "desc": "Review & fix .oi_sandbox/snippet.py",
          "action": "edit_file",
          "exec_ok": false,
          "stdout_tail": "Warning: Some modules could not be imported: No module named 'modules.smart_gpt_api_manager_v1'\n\nno tests ran in 0.00s\n\nERROR: file or directory not found: tests/test_snippet.py\n\n",
          "duration_s": 10.42,
          "verification": {
            "passed": false,
            "reason": "execution failed",
            "details": {
              "stdout": "Warning: Some modules could not be imported: No module named 'modules.smart_gpt_api_manager_v1'\n\nno tests ran in 0.00s\n",
              "stderr": "ERROR: file or directory not found: tests/test_snippet.py\n\n",
              "error": ""
            }
          },
          "target": ".oi_sandbox/snippet.py",
          "tests_run": [
            "tests/test_snippet.py"
          ]
        },
        {
          "id": 2,
          "desc": "Review & fix modules/smart_gpt_api_manager_v1.py",
          "action": "edit_file",
          "exec_ok": false,
          "stdout_tail": "import SmartGPTAPIManager\nE   ModuleNotFoundError: No module named 'modules.smart_gpt_api_manager_v1'\n------------------------------- Captured stdout -------------------------------\nWarning: Some modules could not be imported: No module named 'modules.smart_gpt_api_manager_v1'\n=========================== short test summary info ===========================\nERROR tests/test_smart_gpt_api_manager_v1.py\n!!!!!!!!!!!!!!!!!!! Interrupted: 1 error during collection !!!!!!!!!!!!!!!!!!!!\n1 error in 0.24s\n",
          "duration_s": 1.16,
          "verification": {
            "passed": false,
            "reason": "execution failed",
            "details": {
              "stdout": "\n=================================== ERRORS ====================================\n___________ ERROR collecting tests/test_smart_gpt_api_manager_v1.py ___________\nImportError while importing test module 'D:\\stillme_ai\\.sandbox\\tests\\test_smart_gpt_api_manager_v1.py'.\nHint: make sure your test modules/packages have valid Python names.\nTraceback:\nC:\\Users\\LENOVO\\AppData\\Local\\Programs\\Python\\Python312\\Lib\\importlib\\__init__.py:90: in import_module\n    return _bootstrap._gcd_import(name[level:], package, level)\n           ^^^^^^^^^^^^^^^^^^^^^^^^^^^^^^^^^^^^^^^^^^^^^^^^^^^^\ntests\\test_smart_gpt_api_manager_v1.py:3: in <module>\n    from modules.smart_gpt_api_manager_v1 import SmartGPTAPIManager\nE   ModuleNotFoundError: No module named 'modules.smart_gpt_api_manager_v1'\n------------------------------- Captured stdout -------------------------------\nWarning: Some modules could not be imported: No module named 'modules.smart_gpt_api_manager_v1'\n=========================== short test summary info ===========================\nERROR tests/test_smart_gpt_api_manager_v1.py\n!!!!!!!!!!!!!!!!!!! Interrupted: 1 error during collection !!!!!!!!!!!!!!!!!!!!\n1 error in 0.24s\n",
              "stderr": "",
              "error": ""
            }
          },
          "target": "modules/smart_gpt_api_manager_v1.py",
          "tests_run": [
            "tests/test_smart_gpt_api_manager_v1.py"
          ]
        },
        {
          "id": 3,
          "desc": "Review & fix app.py",
          "action": "edit_file",
          "exec_ok": false,
          "stdout_tail": "Warning: Some modules could not be imported: No module named 'modules.smart_gpt_api_manager_v1'\n\nno tests ran in 0.00s\n\nERROR: file or directory not found: tests/test_app.py\n\n",
          "duration_s": 0.9,
          "verification": {
            "passed": false,
            "reason": "execution failed",
            "details": {
              "stdout": "Warning: Some modules could not be imported: No module named 'modules.smart_gpt_api_manager_v1'\n\nno tests ran in 0.00s\n",
              "stderr": "ERROR: file or directory not found: tests/test_app.py\n\n",
              "error": ""
            }
          },
          "target": "app.py",
          "tests_run": [
            "tests/test_app.py"
          ]
        }
      ]
    },
    {
      "timestamp": "2025-09-06T16:39:45.113571",
      "goal": "Run unit tests",
      "total_steps": 1,
      "passed_steps": 1,
      "failed_steps": 0,
      "pass_rate": 1.0,
      "total_duration_s": 0.001,
      "steps_details": [
        {
          "id": 1,
          "desc": "Run simple test",
          "action": "run_tests",
          "exec_ok": true,
          "stdout_tail": "1 passed",
          "duration_s": 0.0,
          "verification": {
            "passed": true,
            "reason": "test passed"
          },
          "target": "C:\\Users\\LENOVO\\AppData\\Local\\Temp\\pytest-of-LENOVO\\pytest-90\\test_run_agent_success_flow0\\test_simple.py",
          "tests_run": [
            "C:\\Users\\LENOVO\\AppData\\Local\\Temp\\pytest-of-LENOVO\\pytest-90\\test_run_agent_success_flow0\\test_simple.py"
          ]
        }
      ]
    },
    {
      "timestamp": "2025-09-06T16:39:45.124571",
      "goal": "Run failing tests",
      "total_steps": 1,
      "passed_steps": 0,
      "failed_steps": 1,
      "pass_rate": 0.0,
      "total_duration_s": 0.001,
      "steps_details": [
        {
          "id": 1,
          "desc": "Run failing test",
          "action": "run_tests",
          "exec_ok": false,
          "stdout_tail": "\nTest failed",
          "duration_s": 0.0,
          "verification": {
            "passed": false,
            "reason": "test failed"
          },
          "target": "test_fail.py",
          "tests_run": []
        }
      ]
    },
    {
      "timestamp": "2025-09-06T16:39:45.156096",
      "goal": "Run multiple tests",
      "total_steps": 2,
      "passed_steps": 1,
      "failed_steps": 1,
      "pass_rate": 0.5,
      "total_duration_s": 0.002,
      "steps_details": [
        {
          "id": 1,
          "desc": "Step 1",
          "action": "run_tests",
          "exec_ok": true,
          "stdout_tail": "1 passed",
          "duration_s": 0.0,
          "verification": {
            "passed": true,
            "reason": "test passed"
          },
          "target": "test1.py",
          "tests_run": [
            "test1.py"
          ]
        },
        {
          "id": 2,
          "desc": "Step 2",
          "action": "run_tests",
          "exec_ok": false,
          "stdout_tail": "\nTest failed",
          "duration_s": 0.0,
          "verification": {
            "passed": false,
            "reason": "test failed"
          },
          "target": "test2.py",
          "tests_run": []
        }
      ]
    },
    {
      "timestamp": "2025-09-06T16:40:34.211656",
      "goal": "Reply with 'ok' only (lowercase). No punctuation, no spaces.",
      "total_steps": 3,
      "passed_steps": 0,
      "failed_steps": 3,
      "pass_rate": 0.0,
      "total_duration_s": 34.887,
      "steps_details": [
        {
          "id": 1,
          "desc": "Review & fix .oi_sandbox/snippet.py",
          "action": "edit_file",
          "exec_ok": false,
          "stdout_tail": "odule>\n    from .shared.metadata import Metadata\n  File \"<frozen importlib._bootstrap>\", line 1360, in _find_and_load\n  File \"<frozen importlib._bootstrap>\", line 1331, in _find_and_load_unlocked\n  File \"<frozen importlib._bootstrap>\", line 935, in _load_unlocked\n  File \"<frozen importlib._bootstrap_external>\", line 995, in exec_module\n  File \"<frozen importlib._bootstrap_external>\", line 1091, in get_code\n  File \"<frozen importlib._bootstrap_external>\", line 1190, in get_data\nKeyboardInterrupt\n",
          "duration_s": 12.0,
          "verification": {
            "passed": false,
            "reason": "execution failed",
            "details": {
              "stdout": "",
              "stderr": "Traceback (most recent call last):\n  File \"<frozen runpy>\", line 198, in _run_module_as_main\n  File \"<frozen runpy>\", line 88, in _run_code\n  File \"C:\\Users\\LENOVO\\AppData\\Local\\Programs\\Python\\Python312\\Lib\\site-packages\\pytest\\__main__.py\", line 9, in <module>\n    raise SystemExit(pytest.console_main())\n                     ^^^^^^^^^^^^^^^^^^^^^\n  File \"C:\\Users\\LENOVO\\AppData\\Local\\Programs\\Python\\Python312\\Lib\\site-packages\\_pytest\\config\\__init__.py\", line 201, in console_main\n    code = main()\n           ^^^^^^\n  File \"C:\\Users\\LENOVO\\AppData\\Local\\Programs\\Python\\Python312\\Lib\\site-packages\\_pytest\\config\\__init__.py\", line 156, in main\n    config = _prepareconfig(args, plugins)\n             ^^^^^^^^^^^^^^^^^^^^^^^^^^^^^\n  File \"C:\\Users\\LENOVO\\AppData\\Local\\Programs\\Python\\Python312\\Lib\\site-packages\\_pytest\\config\\__init__.py\", line 342, in _prepareconfig\n    config = pluginmanager.hook.pytest_cmdline_parse(\n             ^^^^^^^^^^^^^^^^^^^^^^^^^^^^^^^^^^^^^^^^\n  File \"C:\\Users\\LENOVO\\AppData\\Local\\Programs\\Python\\Python312\\Lib\\site-packages\\pluggy\\_hooks.py\", line 512, in __call__\n    return self._hookexec(self.name, self._hookimpls.copy(), kwargs, firstresult)\n           ^^^^^^^^^^^^^^^^^^^^^^^^^^^^^^^^^^^^^^^^^^^^^^^^^^^^^^^^^^^^^^^^^^^^^^\n  File \"C:\\Users\\LENOVO\\AppData\\Local\\Programs\\Python\\Python312\\Lib\\site-packages\\pluggy\\_manager.py\", line 120, in _hookexec\n    return self._inner_hookexec(hook_name, methods, kwargs, firstresult)\n           ^^^^^^^^^^^^^^^^^^^^^^^^^^^^^^^^^^^^^^^^^^^^^^^^^^^^^^^^^^^^^\n  File \"C:\\Users\\LENOVO\\AppData\\Local\\Programs\\Python\\Python312\\Lib\\site-packages\\pluggy\\_callers.py\", line 167, in _multicall\n    raise exception\n  File \"C:\\Users\\LENOVO\\AppData\\Local\\Programs\\Python\\Python312\\Lib\\site-packages\\pluggy\\_callers.py\", line 139, in _multicall\n    teardown.throw(exception)\n  File \"C:\\Users\\LENOVO\\AppData\\Local\\Programs\\Python\\Python312\\Lib\\site-packages\\_pytest\\helpconfig.py\", line 112, in pytest_cmdline_parse\n    config = yield\n             ^^^^^\n  File \"C:\\Users\\LENOVO\\AppData\\Local\\Programs\\Python\\Python312\\Lib\\site-packages\\pluggy\\_callers.py\", line 121, in _multicall\n    res = hook_impl.function(*args)\n          ^^^^^^^^^^^^^^^^^^^^^^^^^\n  File \"C:\\Users\\LENOVO\\AppData\\Local\\Programs\\Python\\Python312\\Lib\\site-packages\\_pytest\\config\\__init__.py\", line 1146, in pytest_cmdline_parse\n    self.parse(args)\n  File \"C:\\Users\\LENOVO\\AppData\\Local\\Programs\\Python\\Python312\\Lib\\site-packages\\_pytest\\config\\__init__.py\", line 1527, in parse\n    self._preparse(args, addopts=addopts)\n  File \"C:\\Users\\LENOVO\\AppData\\Local\\Programs\\Python\\Python312\\Lib\\site-packages\\_pytest\\config\\__init__.py\", line 1431, in _preparse\n    self.hook.pytest_load_initial_conftests(\n  File \"C:\\Users\\LENOVO\\AppData\\Local\\Programs\\Python\\Python312\\Lib\\site-packages\\pluggy\\_hooks.py\", line 512, in __call__\n    return self._hookexec(self.name, self._hookimpls.copy(), kwargs, firstresult)\n           ^^^^^^^^^^^^^^^^^^^^^^^^^^^^^^^^^^^^^^^^^^^^^^^^^^^^^^^^^^^^^^^^^^^^^^\n  File \"C:\\Users\\LENOVO\\AppData\\Local\\Programs\\Python\\Python312\\Lib\\site-packages\\pluggy\\_manager.py\", line 120, in _hookexec\n    return self._inner_hookexec(hook_name, methods, kwargs, firstresult)\n           ^^^^^^^^^^^^^^^^^^^^^^^^^^^^^^^^^^^^^^^^^^^^^^^^^^^^^^^^^^^^^\n  File \"C:\\Users\\LENOVO\\AppData\\Local\\Programs\\Python\\Python312\\Lib\\site-packages\\pluggy\\_callers.py\", line 167, in _multicall\n    raise exception\n  File \"C:\\Users\\LENOVO\\AppData\\Local\\Programs\\Python\\Python312\\Lib\\site-packages\\pluggy\\_callers.py\", line 139, in _multicall\n    teardown.throw(exception)\n  File \"C:\\Users\\LENOVO\\AppData\\Local\\Programs\\Python\\Python312\\Lib\\site-packages\\_pytest\\warnings.py\", line 129, in pytest_load_initial_conftests\n    return (yield)\n            ^^^^^\n  File \"C:\\Users\\LENOVO\\AppData\\Local\\Programs\\Python\\Python312\\Lib\\site-packages\\pluggy\\_callers.py\", line 139, in _multicall\n    teardown.throw(exception)\n  File \"C:\\Users\\LENOVO\\AppData\\Local\\Programs\\Python\\Python312\\Lib\\site-packages\\_pytest\\capture.py\", line 173, in pytest_load_initial_conftests\n    yield\n  File \"C:\\Users\\LENOVO\\AppData\\Local\\Programs\\Python\\Python312\\Lib\\site-packages\\pluggy\\_callers.py\", line 121, in _multicall\n    res = hook_impl.function(*args)\n          ^^^^^^^^^^^^^^^^^^^^^^^^^\n  File \"C:\\Users\\LENOVO\\AppData\\Local\\Programs\\Python\\Python312\\Lib\\site-packages\\_pytest\\config\\__init__.py\", line 1228, in pytest_load_initial_conftests\n    self.pluginmanager._set_initial_conftests(\n  File \"C:\\Users\\LENOVO\\AppData\\Local\\Programs\\Python\\Python312\\Lib\\site-packages\\_pytest\\config\\__init__.py\", line 591, in _set_initial_conftests\n    self._try_load_conftest(\n  File \"C:\\Users\\LENOVO\\AppData\\Local\\Programs\\Python\\Python312\\Lib\\site-packages\\_pytest\\config\\__init__.py\", line 631, in _try_load_conftest\n    self._loadconftestmodules(\n  File \"C:\\Users\\LENOVO\\AppData\\Local\\Programs\\Python\\Python312\\Lib\\site-packages\\_pytest\\config\\__init__.py\", line 661, in _loadconftestmodules\n    mod = self._importconftest(\n          ^^^^^^^^^^^^^^^^^^^^^\n  File \"C:\\Users\\LENOVO\\AppData\\Local\\Programs\\Python\\Python312\\Lib\\site-packages\\_pytest\\config\\__init__.py\", line 712, in _importconftest\n    mod = import_path(\n          ^^^^^^^^^^^^\n  File \"C:\\Users\\LENOVO\\AppData\\Local\\Programs\\Python\\Python312\\Lib\\site-packages\\_pytest\\pathlib.py\", line 587, in import_path\n    importlib.import_module(module_name)\n  File \"C:\\Users\\LENOVO\\AppData\\Local\\Programs\\Python\\Python312\\Lib\\importlib\\__init__.py\", line 90, in import_module\n    return _bootstrap._gcd_import(name[level:], package, level)\n           ^^^^^^^^^^^^^^^^^^^^^^^^^^^^^^^^^^^^^^^^^^^^^^^^^^^^\n  File \"<frozen importlib._bootstrap>\", line 1387, in _gcd_import\n  File \"<frozen importlib._bootstrap>\", line 1360, in _find_and_load\n  File \"<frozen importlib._bootstrap>\", line 1331, in _find_and_load_unlocked\n  File \"<frozen importlib._bootstrap>\", line 935, in _load_unlocked\n  File \"C:\\Users\\LENOVO\\AppData\\Local\\Programs\\Python\\Python312\\Lib\\site-packages\\_pytest\\assertion\\rewrite.py\", line 186, in exec_module\n    exec(co, module.__dict__)\n  File \"D:\\stillme_ai\\.sandbox\\tests\\conftest.py\", line 11, in <module>\n    import modules.ethical_core_system_v1 as ecs \n    ^^^^^^^^^^^^^^^^^^^^^^^^^^^^^^^^^^^^^^^^^^^^\n  File \"D:\\stillme_ai\\.sandbox\\modules\\__init__.py\", line 10, in <module>\n    from .api_provider_manager import UnifiedAPIManager\n  File \"D:\\stillme_ai\\.sandbox\\modules\\api_provider_manager.py\", line 7, in <module>\n    from openai import OpenAI\n  File \"C:\\Users\\LENOVO\\AppData\\Local\\Programs\\Python\\Python312\\Lib\\site-packages\\openai\\__init__.py\", line 9, in <module>\n    from . import types\n  File \"C:\\Users\\LENOVO\\AppData\\Local\\Programs\\Python\\Python312\\Lib\\site-packages\\openai\\types\\__init__.py\", line 5, in <module>\n    from .batch import Batch as Batch\n  File \"C:\\Users\\LENOVO\\AppData\\Local\\Programs\\Python\\Python312\\Lib\\site-packages\\openai\\types\\batch.py\", line 8, in <module>\n    from .shared.metadata import Metadata\n  File \"<frozen importlib._bootstrap>\", line 1360, in _find_and_load\n  File \"<frozen importlib._bootstrap>\", line 1331, in _find_and_load_unlocked\n  File \"<frozen importlib._bootstrap>\", line 935, in _load_unlocked\n  File \"<frozen importlib._bootstrap_external>\", line 995, in exec_module\n  File \"<frozen importlib._bootstrap_external>\", line 1091, in get_code\n  File \"<frozen importlib._bootstrap_external>\", line 1190, in get_data\nKeyboardInterrupt\n",
              "error": ""
            }
          },
          "target": ".oi_sandbox/snippet.py",
          "tests_run": [
            "tests/test_snippet.py"
          ]
        },
        {
          "id": 2,
          "desc": "Review & fix framework.py",
          "action": "edit_file",
          "exec_ok": false,
          "stdout_tail": " API Provider Manager: Environment variables loaded from .env file\n\nno tests ran in 0.00s\n\nERROR: file or directory not found: tests/test_framework.py\n\n",
          "duration_s": 11.47,
          "verification": {
            "passed": false,
            "reason": "execution failed",
            "details": {
              "stdout": " API Provider Manager: Environment variables loaded from .env file\n\nno tests ran in 0.00s\n",
              "stderr": "ERROR: file or directory not found: tests/test_framework.py\n\n",
              "error": ""
            }
          },
          "target": "framework.py",
          "tests_run": [
            "tests/test_framework.py"
          ]
        },
        {
          "id": 3,
          "desc": "Review & fix modules/__init__.py",
          "action": "edit_file",
          "exec_ok": false,
          "stdout_tail": " API Provider Manager: Environment variables loaded from .env file\n\nno tests ran in 0.00s\n\nERROR: file or directory not found: tests/test___init__.py\n\n",
          "duration_s": 11.32,
          "verification": {
            "passed": false,
            "reason": "execution failed",
            "details": {
              "stdout": " API Provider Manager: Environment variables loaded from .env file\n\nno tests ran in 0.00s\n",
              "stderr": "ERROR: file or directory not found: tests/test___init__.py\n\n",
              "error": ""
            }
          },
          "target": "modules/__init__.py",
          "tests_run": [
            "tests/test___init__.py"
          ]
        }
      ]
    },
    {
      "timestamp": "2025-09-06T16:41:27.343485",
      "goal": "Reply with 'ok' only (lowercase). No punctuation, no spaces.",
      "total_steps": 3,
      "passed_steps": 0,
      "failed_steps": 3,
      "pass_rate": 0.0,
      "total_duration_s": 53.104,
      "steps_details": [
        {
          "id": 1,
          "desc": "Review & fix .oi_sandbox/snippet.py",
          "action": "edit_file",
          "exec_ok": false,
          "stdout_tail": " API Provider Manager: Environment variables loaded from .env file\n\nno tests ran in 0.00s\n\nERROR: file or directory not found: tests/test_snippet.py\n\n",
          "duration_s": 20.41,
          "verification": {
            "passed": false,
            "reason": "execution failed",
            "details": {
              "stdout": " API Provider Manager: Environment variables loaded from .env file\n\nno tests ran in 0.00s\n",
              "stderr": "ERROR: file or directory not found: tests/test_snippet.py\n\n",
              "error": ""
            }
          },
          "target": ".oi_sandbox/snippet.py",
          "tests_run": [
            "tests/test_snippet.py"
          ]
        },
        {
          "id": 2,
          "desc": "Review & fix framework.py",
          "action": "edit_file",
          "exec_ok": false,
          "stdout_tail": " API Provider Manager: Environment variables loaded from .env file\n\nno tests ran in 0.00s\n\nERROR: file or directory not found: tests/test_framework.py\n\n",
          "duration_s": 15.23,
          "verification": {
            "passed": false,
            "reason": "execution failed",
            "details": {
              "stdout": " API Provider Manager: Environment variables loaded from .env file\n\nno tests ran in 0.00s\n",
              "stderr": "ERROR: file or directory not found: tests/test_framework.py\n\n",
              "error": ""
            }
          },
          "target": "framework.py",
          "tests_run": [
            "tests/test_framework.py"
          ]
        },
        {
          "id": 3,
          "desc": "Review & fix modules/__init__.py",
          "action": "edit_file",
          "exec_ok": false,
          "stdout_tail": " API Provider Manager: Environment variables loaded from .env file\n\nno tests ran in 0.00s\n\nERROR: file or directory not found: tests/test___init__.py\n\n",
          "duration_s": 17.38,
          "verification": {
            "passed": false,
            "reason": "execution failed",
            "details": {
              "stdout": " API Provider Manager: Environment variables loaded from .env file\n\nno tests ran in 0.00s\n",
              "stderr": "ERROR: file or directory not found: tests/test___init__.py\n\n",
              "error": ""
            }
          },
          "target": "modules/__init__.py",
          "tests_run": [
            "tests/test___init__.py"
          ]
        }
      ]
    },
    {
      "timestamp": "2025-09-06T16:43:56.200182",
      "goal": "hello",
      "total_steps": 3,
      "passed_steps": 0,
      "failed_steps": 3,
      "pass_rate": 0.0,
      "total_duration_s": 52.441,
      "steps_details": [
        {
          "id": 1,
          "desc": "Review & fix .oi_sandbox/snippet.py",
          "action": "edit_file",
          "exec_ok": false,
          "stdout_tail": " API Provider Manager: Environment variables loaded from .env file\n\nno tests ran in 0.01s\n\nERROR: file or directory not found: tests/test_snippet.py\n\n",
          "duration_s": 23.43,
          "verification": {
            "passed": false,
            "reason": "execution failed",
            "details": {
              "stdout": " API Provider Manager: Environment variables loaded from .env file\n\nno tests ran in 0.01s\n",
              "stderr": "ERROR: file or directory not found: tests/test_snippet.py\n\n",
              "error": ""
            }
          },
          "target": ".oi_sandbox/snippet.py",
          "tests_run": [
            "tests/test_snippet.py"
          ]
        },
        {
          "id": 2,
          "desc": "Review & fix framework.py",
          "action": "edit_file",
          "exec_ok": false,
          "stdout_tail": " API Provider Manager: Environment variables loaded from .env file\n\nno tests ran in 0.00s\n\nERROR: file or directory not found: tests/test_framework.py\n\n",
          "duration_s": 14.4,
          "verification": {
            "passed": false,
            "reason": "execution failed",
            "details": {
              "stdout": " API Provider Manager: Environment variables loaded from .env file\n\nno tests ran in 0.00s\n",
              "stderr": "ERROR: file or directory not found: tests/test_framework.py\n\n",
              "error": ""
            }
          },
          "target": "framework.py",
          "tests_run": [
            "tests/test_framework.py"
          ]
        },
        {
          "id": 3,
          "desc": "Review & fix modules/__init__.py",
          "action": "edit_file",
          "exec_ok": false,
          "stdout_tail": " API Provider Manager: Environment variables loaded from .env file\n\nno tests ran in 0.00s\n\nERROR: file or directory not found: tests/test___init__.py\n\n",
          "duration_s": 14.53,
          "verification": {
            "passed": false,
            "reason": "execution failed",
            "details": {
              "stdout": " API Provider Manager: Environment variables loaded from .env file\n\nno tests ran in 0.00s\n",
              "stderr": "ERROR: file or directory not found: tests/test___init__.py\n\n",
              "error": ""
            }
          },
          "target": "modules/__init__.py",
          "tests_run": [
            "tests/test___init__.py"
          ]
        }
      ]
    },
    {
      "timestamp": "2025-09-06T16:44:49.759916",
      "goal": "do safe thing",
      "total_steps": 3,
      "passed_steps": 0,
      "failed_steps": 3,
      "pass_rate": 0.0,
      "total_duration_s": 53.537,
      "steps_details": [
        {
          "id": 1,
          "desc": "Review & fix .oi_sandbox/snippet.py",
          "action": "edit_file",
          "exec_ok": false,
          "stdout_tail": " API Provider Manager: Environment variables loaded from .env file\n\nno tests ran in 0.01s\n\nERROR: file or directory not found: tests/test_snippet.py\n\n",
          "duration_s": 25.2,
          "verification": {
            "passed": false,
            "reason": "execution failed",
            "details": {
              "stdout": " API Provider Manager: Environment variables loaded from .env file\n\nno tests ran in 0.01s\n",
              "stderr": "ERROR: file or directory not found: tests/test_snippet.py\n\n",
              "error": ""
            }
          },
          "target": ".oi_sandbox/snippet.py",
          "tests_run": [
            "tests/test_snippet.py"
          ]
        },
        {
          "id": 2,
          "desc": "Review & fix framework.py",
          "action": "edit_file",
          "exec_ok": false,
          "stdout_tail": " API Provider Manager: Environment variables loaded from .env file\n\nno tests ran in 0.00s\n\nERROR: file or directory not found: tests/test_framework.py\n\n",
          "duration_s": 14.42,
          "verification": {
            "passed": false,
            "reason": "execution failed",
            "details": {
              "stdout": " API Provider Manager: Environment variables loaded from .env file\n\nno tests ran in 0.00s\n",
              "stderr": "ERROR: file or directory not found: tests/test_framework.py\n\n",
              "error": ""
            }
          },
          "target": "framework.py",
          "tests_run": [
            "tests/test_framework.py"
          ]
        },
        {
          "id": 3,
          "desc": "Review & fix modules/__init__.py",
          "action": "edit_file",
          "exec_ok": false,
          "stdout_tail": " API Provider Manager: Environment variables loaded from .env file\n\nno tests ran in 0.00s\n\nERROR: file or directory not found: tests/test___init__.py\n\n",
          "duration_s": 13.83,
          "verification": {
            "passed": false,
            "reason": "execution failed",
            "details": {
              "stdout": " API Provider Manager: Environment variables loaded from .env file\n\nno tests ran in 0.00s\n",
              "stderr": "ERROR: file or directory not found: tests/test___init__.py\n\n",
              "error": ""
            }
          },
          "target": "modules/__init__.py",
          "tests_run": [
            "tests/test___init__.py"
          ]
        }
      ]
    },
    {
      "timestamp": "2025-09-08T02:11:57.703671",
      "goal": "Test AgentDev system",
      "total_steps": 1,
      "passed_steps": 0,
      "failed_steps": 1,
      "pass_rate": 0.0,
      "total_duration_s": 71.65,
      "steps_details": [
        {
          "id": 1,
          "desc": "Review & fix .oi_sandbox/snippet.py",
          "action": "edit_file",
          "exec_ok": false,
          "stdout_tail": " API Provider Manager: Environment variables loaded from .env file\n\nno tests ran in 0.04s\n\nERROR: file or directory not found: tests/test_snippet.py\n\n",
          "duration_s": 71.51,
          "verification": {
            "passed": false,
            "reason": "execution failed",
            "details": {
              "stdout": " API Provider Manager: Environment variables loaded from .env file\n\nno tests ran in 0.04s\n",
              "stderr": "ERROR: file or directory not found: tests/test_snippet.py\n\n",
              "error": ""
            }
          },
          "target": ".oi_sandbox/snippet.py",
          "tests_run": [
            "tests/test_snippet.py"
          ]
        }
      ]
    },
    {
      "timestamp": "2025-09-08T02:30:33.015942",
      "goal": "Test terminal parsing",
      "total_steps": 1,
      "passed_steps": 0,
      "failed_steps": 1,
      "pass_rate": 0.0,
      "total_duration_s": 68.811,
      "steps_details": [
        {
          "id": 1,
          "desc": "Review & fix stillme_core/executor.py",
          "action": "edit_file",
          "exec_ok": false,
          "stdout_tail": "and then run `jupyter --paths`.\n  The use of platformdirs will be the default in `jupyter_core` v6\n    from jupyter_core.paths import jupyter_data_dir, jupyter_runtime_dir, secure_write\n\n-- Docs: https://docs.pytest.org/en/stable/how-to/capture-warnings.html\n=========================== short test summary info ===========================\nFAILED tests/test_executor.py::test_executor_basic_methods - AssertionError: ...\n======================= 1 failed, 3 warnings in 10.77s ========================\n",
          "duration_s": 68.53,
          "verification": {
            "success": false,
            "reason": "Execution failed",
            "details": {
              "stdout": "============================= test session starts =============================\nplatform win32 -- Python 3.12.10, pytest-8.4.1, pluggy-1.6.0 -- C:\\Users\\LENOVO\\AppData\\Local\\Programs\\Python\\Python312\\python.exe\ncachedir: .pytest_cache\nrootdir: D:\\stillme_ai\\.sandbox\nconfigfile: pytest.ini\nplugins: anyio-4.10.0, asyncio-1.1.0\nasyncio: mode=Mode.STRICT, asyncio_default_fixture_loop_scope=None, asyncio_default_test_loop_scope=function\ncollecting ... collected 1 item\n\ntests/test_executor.py::test_executor_basic_methods FAILED               [100%]\n\n================================== FAILURES ===================================\n_________________________ test_executor_basic_methods _________________________\ntests\\test_executor.py:15: in test_executor_basic_methods\n    assert ex.create_feature_branch(\"feature/agentdev\").ok\nE   AssertionError: assert False\nE    +  where False = <stillme_core.executor.ExecResult object at 0x0000014112B78C20>.ok\nE    +    where <stillme_core.executor.ExecResult object at 0x0000014112B78C20> = create_feature_branch('feature/agentdev')\nE    +      where create_feature_branch = <stillme_core.executor.PatchExecutor object at 0x0000014112AC74A0>.create_feature_branch\n---------------------------- Captured stdout call -----------------------------\nInitialized empty Git repository in C:/Users/LENOVO/AppData/Local/Temp/pytest-of-LENOVO/pytest-93/test_executor_basic_methods0/.git/\n[master (root-commit) 5b57a4f] init\n 1 file changed, 1 insertion(+)\n create mode 100644 a.txt\n============================== warnings summary ===============================\nC:\\Users\\LENOVO\\AppData\\Local\\Programs\\Python\\Python312\\Lib\\site-packages\\interpreter\\core\\utils\\system_debug_info.py:4\n  C:\\Users\\LENOVO\\AppData\\Local\\Programs\\Python\\Python312\\Lib\\site-packages\\interpreter\\core\\utils\\system_debug_info.py:4: UserWarning: pkg_resources is deprecated as an API. See https://setuptools.pypa.io/en/latest/pkg_resources.html. The pkg_resources package is slated for removal as early as 2025-11-30. Refrain from using this package or pin to Setuptools<81.\n    import pkg_resources\n\nC:\\Users\\LENOVO\\AppData\\Local\\Programs\\Python\\Python312\\Lib\\site-packages\\pkg_resources\\__init__.py:3146\n  C:\\Users\\LENOVO\\AppData\\Local\\Programs\\Python\\Python312\\Lib\\site-packages\\pkg_resources\\__init__.py:3146: DeprecationWarning: Deprecated call to `pkg_resources.declare_namespace('google')`.\n  Implementing implicit namespace packages (as specified in PEP 420) is preferred to `pkg_resources.declare_namespace`. See https://setuptools.pypa.io/en/latest/references/keywords.html#keyword-namespace-packages\n    declare_namespace(pkg)\n\nC:\\Users\\LENOVO\\AppData\\Local\\Programs\\Python\\Python312\\Lib\\site-packages\\jupyter_client\\connect.py:22\n  C:\\Users\\LENOVO\\AppData\\Local\\Programs\\Python\\Python312\\Lib\\site-packages\\jupyter_client\\connect.py:22: DeprecationWarning: Jupyter is migrating its paths to use standard platformdirs\n  given by the platformdirs library.  To remove this warning and\n  see the appropriate new directories, set the environment variable\n  `JUPYTER_PLATFORM_DIRS=1` and then run `jupyter --paths`.\n  The use of platformdirs will be the default in `jupyter_core` v6\n    from jupyter_core.paths import jupyter_data_dir, jupyter_runtime_dir, secure_write\n\n-- Docs: https://docs.pytest.org/en/stable/how-to/capture-warnings.html\n=========================== short test summary info ===========================\nFAILED tests/test_executor.py::test_executor_basic_methods - AssertionError: ...\n======================= 1 failed, 3 warnings in 10.77s ========================\n",
              "stderr": "",
              "error": "Unknown error"
            }
          },
          "target": "stillme_core/executor.py",
          "tests_run": [
            "tests/test_executor.py"
          ]
        }
      ]
    },
    {
      "timestamp": "2025-09-08T02:33:52.283384",
      "goal": "Test error handling",
      "total_steps": 1,
      "passed_steps": 0,
      "failed_steps": 1,
      "pass_rate": 0.0,
      "total_duration_s": 49.152,
      "steps_details": [
        {
          "id": 1,
          "desc": "Review & fix stillme_core/controller.py",
          "action": "edit_file",
          "exec_ok": false,
          "stdout_tail": "Python\\Python312\\python.exe\ncachedir: .pytest_cache\nrootdir: D:\\stillme_ai\\.sandbox\nconfigfile: pytest.ini\nplugins: anyio-4.10.0, asyncio-1.1.0\nasyncio: mode=Mode.STRICT, asyncio_default_fixture_loop_scope=None, asyncio_default_test_loop_scope=function\ncollecting ...  API Provider Manager: Environment variables loaded from .env file\ncollected 0 items\n\n============================ no tests ran in 0.01s ============================\n\nERROR: file or directory not found: tests/test_controller.py\n\n",
          "duration_s": 48.78,
          "verification": {
            "success": false,
            "reason": "Execution failed",
            "details": {
              "stdout": "============================= test session starts =============================\nplatform win32 -- Python 3.12.10, pytest-8.4.1, pluggy-1.6.0 -- C:\\Users\\LENOVO\\AppData\\Local\\Programs\\Python\\Python312\\python.exe\ncachedir: .pytest_cache\nrootdir: D:\\stillme_ai\\.sandbox\nconfigfile: pytest.ini\nplugins: anyio-4.10.0, asyncio-1.1.0\nasyncio: mode=Mode.STRICT, asyncio_default_fixture_loop_scope=None, asyncio_default_test_loop_scope=function\ncollecting ...  API Provider Manager: Environment variables loaded from .env file\ncollected 0 items\n\n============================ no tests ran in 0.01s ============================\n",
              "stderr": "ERROR: file or directory not found: tests/test_controller.py\n\n",
              "error": "Unknown error"
            }
          },
          "target": "stillme_core/controller.py",
          "tests_run": [
            "tests/test_controller.py"
          ]
        }
      ]
    },
    {
      "timestamp": "2025-09-08T02:36:49.754416",
      "goal": "Test performance optimization",
      "total_steps": 1,
      "passed_steps": 0,
      "failed_steps": 1,
      "pass_rate": 0.0,
      "total_duration_s": 56.787,
      "steps_details": [
        {
          "id": 1,
          "desc": "Review & fix stillme_core/executor.py",
          "action": "edit_file",
          "exec_ok": false,
          "stdout_tail": ".\n  The use of platformdirs will be the default in `jupyter_core` v6\n    from jupyter_core.paths import jupyter_data_dir, jupyter_runtime_dir, secure_write\n\n-- Docs: https://docs.pytest.org/en/stable/how-to/capture-warnings.html\n=========================== short test summary info ===========================\nFAILED tests/test_executor.py::test_executor_basic_methods - AssertionError: ...\n!!!!!!!!!!!!!!!!!!!!!!!!!! stopping after 1 failures !!!!!!!!!!!!!!!!!!!!!!!!!!\n1 failed, 3 warnings in 6.26s\n",
          "duration_s": 56.49,
          "verification": {
            "success": false,
            "reason": "Execution failed",
            "details": {
              "stdout": "F\n================================== FAILURES ===================================\n_________________________ test_executor_basic_methods _________________________\ntests\\test_executor.py:15: in test_executor_basic_methods\n    assert ex.create_feature_branch(\"feature/agentdev\").ok\nE   AssertionError: assert False\nE    +  where False = <stillme_core.executor.ExecResult object at 0x000002615FEB4BF0>.ok\nE    +    where <stillme_core.executor.ExecResult object at 0x000002615FEB4BF0> = create_feature_branch('feature/agentdev')\nE    +      where create_feature_branch = <stillme_core.executor.PatchExecutor object at 0x000002615FE54CE0>.create_feature_branch\n---------------------------- Captured stdout call -----------------------------\nInitialized empty Git repository in C:/Users/LENOVO/AppData/Local/Temp/pytest-of-LENOVO/pytest-94/test_executor_basic_methods0/.git/\n[master (root-commit) f2121f3] init\n 1 file changed, 1 insertion(+)\n create mode 100644 a.txt\n============================== warnings summary ===============================\nC:\\Users\\LENOVO\\AppData\\Local\\Programs\\Python\\Python312\\Lib\\site-packages\\interpreter\\core\\utils\\system_debug_info.py:4\n  C:\\Users\\LENOVO\\AppData\\Local\\Programs\\Python\\Python312\\Lib\\site-packages\\interpreter\\core\\utils\\system_debug_info.py:4: UserWarning: pkg_resources is deprecated as an API. See https://setuptools.pypa.io/en/latest/pkg_resources.html. The pkg_resources package is slated for removal as early as 2025-11-30. Refrain from using this package or pin to Setuptools<81.\n    import pkg_resources\n\nC:\\Users\\LENOVO\\AppData\\Local\\Programs\\Python\\Python312\\Lib\\site-packages\\pkg_resources\\__init__.py:3146\n  C:\\Users\\LENOVO\\AppData\\Local\\Programs\\Python\\Python312\\Lib\\site-packages\\pkg_resources\\__init__.py:3146: DeprecationWarning: Deprecated call to `pkg_resources.declare_namespace('google')`.\n  Implementing implicit namespace packages (as specified in PEP 420) is preferred to `pkg_resources.declare_namespace`. See https://setuptools.pypa.io/en/latest/references/keywords.html#keyword-namespace-packages\n    declare_namespace(pkg)\n\nC:\\Users\\LENOVO\\AppData\\Local\\Programs\\Python\\Python312\\Lib\\site-packages\\jupyter_client\\connect.py:22\n  C:\\Users\\LENOVO\\AppData\\Local\\Programs\\Python\\Python312\\Lib\\site-packages\\jupyter_client\\connect.py:22: DeprecationWarning: Jupyter is migrating its paths to use standard platformdirs\n  given by the platformdirs library.  To remove this warning and\n  see the appropriate new directories, set the environment variable\n  `JUPYTER_PLATFORM_DIRS=1` and then run `jupyter --paths`.\n  The use of platformdirs will be the default in `jupyter_core` v6\n    from jupyter_core.paths import jupyter_data_dir, jupyter_runtime_dir, secure_write\n\n-- Docs: https://docs.pytest.org/en/stable/how-to/capture-warnings.html\n=========================== short test summary info ===========================\nFAILED tests/test_executor.py::test_executor_basic_methods - AssertionError: ...\n!!!!!!!!!!!!!!!!!!!!!!!!!! stopping after 1 failures !!!!!!!!!!!!!!!!!!!!!!!!!!\n1 failed, 3 warnings in 6.26s\n",
              "stderr": "",
              "error": "Unknown error"
            }
          },
          "target": "stillme_core/executor.py",
          "tests_run": [
            "tests/test_executor.py"
          ]
        }
      ]
    },
    {
      "timestamp": "2025-09-09T00:11:01.941608",
      "goal": "Test basic functionality",
      "total_steps": 1,
      "passed_steps": 0,
      "failed_steps": 1,
      "pass_rate": 0.0,
      "total_duration_s": 121.413,
      "steps_details": [
        {
          "id": 1,
          "desc": "Run basic tests to verify system",
          "action": "run_tests",
          "exec_ok": false,
          "stdout_tail": "TFORM_DIRS=1` and then run `jupyter --paths`.\n  The use of platformdirs will be the default in `jupyter_core` v6\n    from jupyter_core.paths import jupyter_data_dir, jupyter_runtime_dir, secure_write\n\n-- Docs: https://docs.pytest.org/en/stable/how-to/capture-warnings.html\n=========================== short test summary info ===========================\nERROR tests/test_advanced_agentdev.py\n!!!!!!!!!!!!!!!!!!!!!!!!!! stopping after 1 failures !!!!!!!!!!!!!!!!!!!!!!!!!!\n3 warnings, 1 error in 9.87s\n",
          "duration_s": 120.96,
          "verification": {
            "success": false,
            "reason": "Execution failed",
            "details": {
              "stdout": "\n=================================== ERRORS ====================================\n______________ ERROR collecting tests/test_advanced_agentdev.py _______________\nImportError while importing test module 'D:\\stillme_ai\\.sandbox\\tests\\test_advanced_agentdev.py'.\nHint: make sure your test modules/packages have valid Python names.\nTraceback:\nC:\\Users\\LENOVO\\AppData\\Local\\Programs\\Python\\Python312\\Lib\\importlib\\__init__.py:90: in import_module\n    return _bootstrap._gcd_import(name[level:], package, level)\n           ^^^^^^^^^^^^^^^^^^^^^^^^^^^^^^^^^^^^^^^^^^^^^^^^^^^^\ntests\\test_advanced_agentdev.py:15: in <module>\n    from stillme_core.decision_making.decision_engine import (\nstillme_core\\decision_making\\__init__.py:7: in <module>\n    from .validation_framework import ValidationFramework, ValidationResult\nE   ModuleNotFoundError: No module named 'stillme_core.decision_making.validation_framework'\n------------------------------- Captured stdout -------------------------------\n\\u2705 API Provider Manager: Environment variables loaded from .env file\n============================== warnings summary ===============================\nC:\\Users\\LENOVO\\AppData\\Local\\Programs\\Python\\Python312\\Lib\\site-packages\\interpreter\\core\\utils\\system_debug_info.py:4\n  C:\\Users\\LENOVO\\AppData\\Local\\Programs\\Python\\Python312\\Lib\\site-packages\\interpreter\\core\\utils\\system_debug_info.py:4: UserWarning: pkg_resources is deprecated as an API. See https://setuptools.pypa.io/en/latest/pkg_resources.html. The pkg_resources package is slated for removal as early as 2025-11-30. Refrain from using this package or pin to Setuptools<81.\n    import pkg_resources\n\nC:\\Users\\LENOVO\\AppData\\Local\\Programs\\Python\\Python312\\Lib\\site-packages\\pkg_resources\\__init__.py:3146\n  C:\\Users\\LENOVO\\AppData\\Local\\Programs\\Python\\Python312\\Lib\\site-packages\\pkg_resources\\__init__.py:3146: DeprecationWarning: Deprecated call to `pkg_resources.declare_namespace('google')`.\n  Implementing implicit namespace packages (as specified in PEP 420) is preferred to `pkg_resources.declare_namespace`. See https://setuptools.pypa.io/en/latest/references/keywords.html#keyword-namespace-packages\n    declare_namespace(pkg)\n\nC:\\Users\\LENOVO\\AppData\\Local\\Programs\\Python\\Python312\\Lib\\site-packages\\jupyter_client\\connect.py:22\n  C:\\Users\\LENOVO\\AppData\\Local\\Programs\\Python\\Python312\\Lib\\site-packages\\jupyter_client\\connect.py:22: DeprecationWarning: Jupyter is migrating its paths to use standard platformdirs\n  given by the platformdirs library.  To remove this warning and\n  see the appropriate new directories, set the environment variable\n  `JUPYTER_PLATFORM_DIRS=1` and then run `jupyter --paths`.\n  The use of platformdirs will be the default in `jupyter_core` v6\n    from jupyter_core.paths import jupyter_data_dir, jupyter_runtime_dir, secure_write\n\n-- Docs: https://docs.pytest.org/en/stable/how-to/capture-warnings.html\n=========================== short test summary info ===========================\nERROR tests/test_advanced_agentdev.py\n!!!!!!!!!!!!!!!!!!!!!!!!!! stopping after 1 failures !!!!!!!!!!!!!!!!!!!!!!!!!!\n3 warnings, 1 error in 9.87s\n",
              "stderr": "",
              "error": "Unknown error"
            }
          },
          "target": "tests/",
          "tests_run": [
            "tests/"
          ]
        }
      ]
    },
    {
      "timestamp": "2025-09-09T00:15:03.098336",
      "goal": "Test basic functionality",
      "total_steps": 1,
      "passed_steps": 0,
      "failed_steps": 1,
      "pass_rate": 0.0,
      "total_duration_s": 126.846,
      "steps_details": [
        {
          "id": 1,
          "desc": "Run basic tests to verify system",
          "action": "run_tests",
          "exec_ok": false,
          "stdout_tail": "TFORM_DIRS=1` and then run `jupyter --paths`.\n  The use of platformdirs will be the default in `jupyter_core` v6\n    from jupyter_core.paths import jupyter_data_dir, jupyter_runtime_dir, secure_write\n\n-- Docs: https://docs.pytest.org/en/stable/how-to/capture-warnings.html\n=========================== short test summary info ===========================\nERROR tests/test_advanced_agentdev.py\n!!!!!!!!!!!!!!!!!!!!!!!!!! stopping after 1 failures !!!!!!!!!!!!!!!!!!!!!!!!!!\n3 warnings, 1 error in 9.06s\n",
          "duration_s": 94.11,
          "verification": {
            "success": false,
            "reason": "Execution failed",
            "details": {
              "stdout": "\n=================================== ERRORS ====================================\n______________ ERROR collecting tests/test_advanced_agentdev.py _______________\nImportError while importing test module 'D:\\stillme_ai\\.sandbox\\tests\\test_advanced_agentdev.py'.\nHint: make sure your test modules/packages have valid Python names.\nTraceback:\nC:\\Users\\LENOVO\\AppData\\Local\\Programs\\Python\\Python312\\Lib\\importlib\\__init__.py:90: in import_module\n    return _bootstrap._gcd_import(name[level:], package, level)\n           ^^^^^^^^^^^^^^^^^^^^^^^^^^^^^^^^^^^^^^^^^^^^^^^^^^^^\ntests\\test_advanced_agentdev.py:15: in <module>\n    from stillme_core.decision_making.decision_engine import (\nstillme_core\\decision_making\\__init__.py:7: in <module>\n    from .validation_framework import ValidationFramework, ValidationResult\nE   ModuleNotFoundError: No module named 'stillme_core.decision_making.validation_framework'\n------------------------------- Captured stdout -------------------------------\n\\u2705 API Provider Manager: Environment variables loaded from .env file\n============================== warnings summary ===============================\nC:\\Users\\LENOVO\\AppData\\Local\\Programs\\Python\\Python312\\Lib\\site-packages\\interpreter\\core\\utils\\system_debug_info.py:4\n  C:\\Users\\LENOVO\\AppData\\Local\\Programs\\Python\\Python312\\Lib\\site-packages\\interpreter\\core\\utils\\system_debug_info.py:4: UserWarning: pkg_resources is deprecated as an API. See https://setuptools.pypa.io/en/latest/pkg_resources.html. The pkg_resources package is slated for removal as early as 2025-11-30. Refrain from using this package or pin to Setuptools<81.\n    import pkg_resources\n\nC:\\Users\\LENOVO\\AppData\\Local\\Programs\\Python\\Python312\\Lib\\site-packages\\pkg_resources\\__init__.py:3146\n  C:\\Users\\LENOVO\\AppData\\Local\\Programs\\Python\\Python312\\Lib\\site-packages\\pkg_resources\\__init__.py:3146: DeprecationWarning: Deprecated call to `pkg_resources.declare_namespace('google')`.\n  Implementing implicit namespace packages (as specified in PEP 420) is preferred to `pkg_resources.declare_namespace`. See https://setuptools.pypa.io/en/latest/references/keywords.html#keyword-namespace-packages\n    declare_namespace(pkg)\n\nC:\\Users\\LENOVO\\AppData\\Local\\Programs\\Python\\Python312\\Lib\\site-packages\\jupyter_client\\connect.py:22\n  C:\\Users\\LENOVO\\AppData\\Local\\Programs\\Python\\Python312\\Lib\\site-packages\\jupyter_client\\connect.py:22: DeprecationWarning: Jupyter is migrating its paths to use standard platformdirs\n  given by the platformdirs library.  To remove this warning and\n  see the appropriate new directories, set the environment variable\n  `JUPYTER_PLATFORM_DIRS=1` and then run `jupyter --paths`.\n  The use of platformdirs will be the default in `jupyter_core` v6\n    from jupyter_core.paths import jupyter_data_dir, jupyter_runtime_dir, secure_write\n\n-- Docs: https://docs.pytest.org/en/stable/how-to/capture-warnings.html\n=========================== short test summary info ===========================\nERROR tests/test_advanced_agentdev.py\n!!!!!!!!!!!!!!!!!!!!!!!!!! stopping after 1 failures !!!!!!!!!!!!!!!!!!!!!!!!!!\n3 warnings, 1 error in 9.06s\n",
              "stderr": "",
              "error": "Unknown error"
            }
          },
          "target": "tests/",
          "tests_run": [
            "tests/"
          ]
        }
      ]
    },
    {
      "timestamp": "2025-09-09T00:17:02.373014",
      "goal": "Test basic functionality",
      "total_steps": 1,
      "passed_steps": 0,
      "failed_steps": 1,
      "pass_rate": 0.0,
      "total_duration_s": 72.512,
      "steps_details": [
        {
          "id": 1,
          "desc": "Run basic tests to verify system",
          "action": "run_tests",
          "exec_ok": false,
          "stdout_tail": " API Provider Manager: Environment variables loaded from .env file\n\nERROR: usage: __main__.py [options] [file_or_dir] [file_or_dir] [...]\n__main__.py: error: unrecognized arguments: --timeout=30\n  inifile: D:\\stillme_ai\\.sandbox\\pytest.ini\n  rootdir: D:\\stillme_ai\\.sandbox\n\n",
          "duration_s": 51.83,
          "verification": {
            "success": false,
            "reason": "Execution failed",
            "details": {
              "stdout": " API Provider Manager: Environment variables loaded from .env file\n",
              "stderr": "ERROR: usage: __main__.py [options] [file_or_dir] [file_or_dir] [...]\n__main__.py: error: unrecognized arguments: --timeout=30\n  inifile: D:\\stillme_ai\\.sandbox\\pytest.ini\n  rootdir: D:\\stillme_ai\\.sandbox\n\n",
              "error": "Unknown error"
            }
          },
          "target": "tests/",
          "tests_run": [
            "tests/"
          ]
        }
      ]
    },
    {
      "timestamp": "2025-09-09T00:18:43.788705",
      "goal": "Test basic functionality",
      "total_steps": 1,
      "passed_steps": 0,
      "failed_steps": 1,
      "pass_rate": 0.0,
      "total_duration_s": 70.027,
      "steps_details": [
        {
          "id": 1,
          "desc": "Run basic tests to verify system",
          "action": "run_tests",
          "exec_ok": false,
          "stdout_tail": "TFORM_DIRS=1` and then run `jupyter --paths`.\n  The use of platformdirs will be the default in `jupyter_core` v6\n    from jupyter_core.paths import jupyter_data_dir, jupyter_runtime_dir, secure_write\n\n-- Docs: https://docs.pytest.org/en/stable/how-to/capture-warnings.html\n=========================== short test summary info ===========================\nERROR tests/test_advanced_agentdev.py\n!!!!!!!!!!!!!!!!!!!!!!!!!! stopping after 1 failures !!!!!!!!!!!!!!!!!!!!!!!!!!\n3 warnings, 1 error in 5.16s\n",
          "duration_s": 53.91,
          "verification": {
            "success": false,
            "reason": "Execution failed",
            "details": {
              "stdout": "\n=================================== ERRORS ====================================\n______________ ERROR collecting tests/test_advanced_agentdev.py _______________\nImportError while importing test module 'D:\\stillme_ai\\.sandbox\\tests\\test_advanced_agentdev.py'.\nHint: make sure your test modules/packages have valid Python names.\nTraceback:\nC:\\Users\\LENOVO\\AppData\\Local\\Programs\\Python\\Python312\\Lib\\importlib\\__init__.py:90: in import_module\n    return _bootstrap._gcd_import(name[level:], package, level)\n           ^^^^^^^^^^^^^^^^^^^^^^^^^^^^^^^^^^^^^^^^^^^^^^^^^^^^\ntests\\test_advanced_agentdev.py:15: in <module>\n    from stillme_core.decision_making.decision_engine import (\nstillme_core\\decision_making\\__init__.py:7: in <module>\n    from .validation_framework import ValidationFramework, ValidationResult\nE   ModuleNotFoundError: No module named 'stillme_core.decision_making.validation_framework'\n------------------------------- Captured stdout -------------------------------\n\\u2705 API Provider Manager: Environment variables loaded from .env file\n============================== warnings summary ===============================\nC:\\Users\\LENOVO\\AppData\\Local\\Programs\\Python\\Python312\\Lib\\site-packages\\interpreter\\core\\utils\\system_debug_info.py:4\n  C:\\Users\\LENOVO\\AppData\\Local\\Programs\\Python\\Python312\\Lib\\site-packages\\interpreter\\core\\utils\\system_debug_info.py:4: UserWarning: pkg_resources is deprecated as an API. See https://setuptools.pypa.io/en/latest/pkg_resources.html. The pkg_resources package is slated for removal as early as 2025-11-30. Refrain from using this package or pin to Setuptools<81.\n    import pkg_resources\n\nC:\\Users\\LENOVO\\AppData\\Local\\Programs\\Python\\Python312\\Lib\\site-packages\\pkg_resources\\__init__.py:3146\n  C:\\Users\\LENOVO\\AppData\\Local\\Programs\\Python\\Python312\\Lib\\site-packages\\pkg_resources\\__init__.py:3146: DeprecationWarning: Deprecated call to `pkg_resources.declare_namespace('google')`.\n  Implementing implicit namespace packages (as specified in PEP 420) is preferred to `pkg_resources.declare_namespace`. See https://setuptools.pypa.io/en/latest/references/keywords.html#keyword-namespace-packages\n    declare_namespace(pkg)\n\nC:\\Users\\LENOVO\\AppData\\Local\\Programs\\Python\\Python312\\Lib\\site-packages\\jupyter_client\\connect.py:22\n  C:\\Users\\LENOVO\\AppData\\Local\\Programs\\Python\\Python312\\Lib\\site-packages\\jupyter_client\\connect.py:22: DeprecationWarning: Jupyter is migrating its paths to use standard platformdirs\n  given by the platformdirs library.  To remove this warning and\n  see the appropriate new directories, set the environment variable\n  `JUPYTER_PLATFORM_DIRS=1` and then run `jupyter --paths`.\n  The use of platformdirs will be the default in `jupyter_core` v6\n    from jupyter_core.paths import jupyter_data_dir, jupyter_runtime_dir, secure_write\n\n-- Docs: https://docs.pytest.org/en/stable/how-to/capture-warnings.html\n=========================== short test summary info ===========================\nERROR tests/test_advanced_agentdev.py\n!!!!!!!!!!!!!!!!!!!!!!!!!! stopping after 1 failures !!!!!!!!!!!!!!!!!!!!!!!!!!\n3 warnings, 1 error in 5.16s\n",
              "stderr": "",
              "error": "Unknown error"
            }
          },
          "target": "tests/",
          "tests_run": [
            "tests/"
          ]
        }
      ]
    }
  ],
  "summary": {
    "total_sessions": 44,
    "total_steps": 84,
    "total_passed": 12,
    "total_failed": 72,
    "overall_pass_rate": 0.143,
    "avg_duration_s": 22.455,
    "avg_steps_per_session": 1.909,
    "last_updated": "2025-09-09T00:18:43.808921"
  }
}